Clock: clk
Sources: clk 
Generated: no
Virtual: yes
Propagated: no
Period: 50.000000

===========================================================================
report_clock_properties
============================================================================
Clock                   Period          Waveform
----------------------------------------------------
clk                  50.000000    0.000000 25.000000

===========================================================================
report_clock_latency
============================================================================
Clock clk
rise -> rise
    min     max
0.000000 0.000000 source latency
0.249269         network latency _112_/CLK
        0.250614 network latency _119_/CLK
---------------
0.249269 0.250614 latency
        0.001346 skew

fall -> fall
    min     max
0.000000 0.000000 source latency
0.227907         network latency _112_/CLK
        0.229157 network latency _119_/CLK
---------------
0.227907 0.229157 latency
        0.001251 skew



===========================================================================
report_clock_min_period
============================================================================
clk period_min = 1.85 fmax = 539.47
