
===========================================================================
report_checks -path_delay max (Setup)
============================================================================
======================= nom_tt_025C_1v80 Corner ===================================

Startpoint: rst_n (input port clocked by clk)
Endpoint: _114_ (rising edge-triggered flip-flop clocked by clk)
Path Group: clk
Path Type: max

Fanout         Cap        Slew       Delay        Time   Description
---------------------------------------------------------------------------------------------
                      0.150000    0.000000    0.000000   clock clk (rise edge)
                                  0.000000    0.000000   clock network delay (ideal)
                                 10.000000   10.000000 ^ input external delay
     5    0.017724    0.087271    0.058380   10.058380 ^ rst_n (in)
                                                         rst_n (net)
                      0.087271    0.000000   10.058380 ^ _053_/A (sky130_fd_sc_hd__inv_2)
     2    0.003456    0.023776    0.034738   10.093118 v _053_/Y (sky130_fd_sc_hd__inv_2)
                                                         _021_ (net)
                      0.023776    0.000000   10.093118 v _091_/A (sky130_fd_sc_hd__or2_2)
     8    0.026280    0.115127    0.362032   10.455150 v _091_/X (sky130_fd_sc_hd__or2_2)
                                                         _049_ (net)
                      0.115127    0.000000   10.455150 v _092_/S (sky130_fd_sc_hd__mux2_1)
     1    0.001681    0.050313    0.318425   10.773575 v _092_/X (sky130_fd_sc_hd__mux2_1)
                                                         _010_ (net)
                      0.050313    0.000000   10.773575 v _114_/D (sky130_fd_sc_hd__dfxtp_2)
                                             10.773575   data arrival time

                      0.150000   50.000000   50.000000   clock clk (rise edge)
                                  0.000000   50.000000   clock network delay (ideal)
                                 -0.250000   49.749996   clock uncertainty
                                  0.000000   49.749996   clock reconvergence pessimism
                                             49.749996 ^ _114_/CLK (sky130_fd_sc_hd__dfxtp_2)
                                 -0.090662   49.659336   library setup time
                                             49.659336   data required time
---------------------------------------------------------------------------------------------
                                             49.659336   data required time
                                            -10.773575   data arrival time
---------------------------------------------------------------------------------------------
                                             38.885761   slack (MET)


Startpoint: rst_n (input port clocked by clk)
Endpoint: _115_ (rising edge-triggered flip-flop clocked by clk)
Path Group: clk
Path Type: max

Fanout         Cap        Slew       Delay        Time   Description
---------------------------------------------------------------------------------------------
                      0.150000    0.000000    0.000000   clock clk (rise edge)
                                  0.000000    0.000000   clock network delay (ideal)
                                 10.000000   10.000000 ^ input external delay
     5    0.017724    0.087271    0.058380   10.058380 ^ rst_n (in)
                                                         rst_n (net)
                      0.087271    0.000000   10.058380 ^ _053_/A (sky130_fd_sc_hd__inv_2)
     2    0.003456    0.023776    0.034738   10.093118 v _053_/Y (sky130_fd_sc_hd__inv_2)
                                                         _021_ (net)
                      0.023776    0.000000   10.093118 v _091_/A (sky130_fd_sc_hd__or2_2)
     8    0.026280    0.115127    0.362032   10.455150 v _091_/X (sky130_fd_sc_hd__or2_2)
                                                         _049_ (net)
                      0.115127    0.000000   10.455150 v _093_/S (sky130_fd_sc_hd__mux2_1)
     1    0.001681    0.050313    0.318425   10.773575 v _093_/X (sky130_fd_sc_hd__mux2_1)
                                                         _011_ (net)
                      0.050313    0.000000   10.773575 v _115_/D (sky130_fd_sc_hd__dfxtp_2)
                                             10.773575   data arrival time

                      0.150000   50.000000   50.000000   clock clk (rise edge)
                                  0.000000   50.000000   clock network delay (ideal)
                                 -0.250000   49.749996   clock uncertainty
                                  0.000000   49.749996   clock reconvergence pessimism
                                             49.749996 ^ _115_/CLK (sky130_fd_sc_hd__dfxtp_2)
                                 -0.090662   49.659336   library setup time
                                             49.659336   data required time
---------------------------------------------------------------------------------------------
                                             49.659336   data required time
                                            -10.773575   data arrival time
---------------------------------------------------------------------------------------------
                                             38.885761   slack (MET)


Startpoint: rst_n (input port clocked by clk)
Endpoint: _116_ (rising edge-triggered flip-flop clocked by clk)
Path Group: clk
Path Type: max

Fanout         Cap        Slew       Delay        Time   Description
---------------------------------------------------------------------------------------------
                      0.150000    0.000000    0.000000   clock clk (rise edge)
                                  0.000000    0.000000   clock network delay (ideal)
                                 10.000000   10.000000 ^ input external delay
     5    0.017724    0.087271    0.058380   10.058380 ^ rst_n (in)
                                                         rst_n (net)
                      0.087271    0.000000   10.058380 ^ _053_/A (sky130_fd_sc_hd__inv_2)
     2    0.003456    0.023776    0.034738   10.093118 v _053_/Y (sky130_fd_sc_hd__inv_2)
                                                         _021_ (net)
                      0.023776    0.000000   10.093118 v _091_/A (sky130_fd_sc_hd__or2_2)
     8    0.026280    0.115127    0.362032   10.455150 v _091_/X (sky130_fd_sc_hd__or2_2)
                                                         _049_ (net)
                      0.115127    0.000000   10.455150 v _094_/S (sky130_fd_sc_hd__mux2_1)
     1    0.001681    0.050313    0.318425   10.773575 v _094_/X (sky130_fd_sc_hd__mux2_1)
                                                         _012_ (net)
                      0.050313    0.000000   10.773575 v _116_/D (sky130_fd_sc_hd__dfxtp_2)
                                             10.773575   data arrival time

                      0.150000   50.000000   50.000000   clock clk (rise edge)
                                  0.000000   50.000000   clock network delay (ideal)
                                 -0.250000   49.749996   clock uncertainty
                                  0.000000   49.749996   clock reconvergence pessimism
                                             49.749996 ^ _116_/CLK (sky130_fd_sc_hd__dfxtp_2)
                                 -0.090662   49.659336   library setup time
                                             49.659336   data required time
---------------------------------------------------------------------------------------------
                                             49.659336   data required time
                                            -10.773575   data arrival time
---------------------------------------------------------------------------------------------
                                             38.885761   slack (MET)


Startpoint: rst_n (input port clocked by clk)
Endpoint: _117_ (rising edge-triggered flip-flop clocked by clk)
Path Group: clk
Path Type: max

Fanout         Cap        Slew       Delay        Time   Description
---------------------------------------------------------------------------------------------
                      0.150000    0.000000    0.000000   clock clk (rise edge)
                                  0.000000    0.000000   clock network delay (ideal)
                                 10.000000   10.000000 ^ input external delay
     5    0.017724    0.087271    0.058380   10.058380 ^ rst_n (in)
                                                         rst_n (net)
                      0.087271    0.000000   10.058380 ^ _053_/A (sky130_fd_sc_hd__inv_2)
     2    0.003456    0.023776    0.034738   10.093118 v _053_/Y (sky130_fd_sc_hd__inv_2)
                                                         _021_ (net)
                      0.023776    0.000000   10.093118 v _091_/A (sky130_fd_sc_hd__or2_2)
     8    0.026280    0.115127    0.362032   10.455150 v _091_/X (sky130_fd_sc_hd__or2_2)
                                                         _049_ (net)
                      0.115127    0.000000   10.455150 v _095_/S (sky130_fd_sc_hd__mux2_1)
     1    0.001681    0.050313    0.318425   10.773575 v _095_/X (sky130_fd_sc_hd__mux2_1)
                                                         _013_ (net)
                      0.050313    0.000000   10.773575 v _117_/D (sky130_fd_sc_hd__dfxtp_2)
                                             10.773575   data arrival time

                      0.150000   50.000000   50.000000   clock clk (rise edge)
                                  0.000000   50.000000   clock network delay (ideal)
                                 -0.250000   49.749996   clock uncertainty
                                  0.000000   49.749996   clock reconvergence pessimism
                                             49.749996 ^ _117_/CLK (sky130_fd_sc_hd__dfxtp_2)
                                 -0.090662   49.659336   library setup time
                                             49.659336   data required time
---------------------------------------------------------------------------------------------
                                             49.659336   data required time
                                            -10.773575   data arrival time
---------------------------------------------------------------------------------------------
                                             38.885761   slack (MET)


Startpoint: rst_n (input port clocked by clk)
Endpoint: _118_ (rising edge-triggered flip-flop clocked by clk)
Path Group: clk
Path Type: max

Fanout         Cap        Slew       Delay        Time   Description
---------------------------------------------------------------------------------------------
                      0.150000    0.000000    0.000000   clock clk (rise edge)
                                  0.000000    0.000000   clock network delay (ideal)
                                 10.000000   10.000000 ^ input external delay
     5    0.017724    0.087271    0.058380   10.058380 ^ rst_n (in)
                                                         rst_n (net)
                      0.087271    0.000000   10.058380 ^ _053_/A (sky130_fd_sc_hd__inv_2)
     2    0.003456    0.023776    0.034738   10.093118 v _053_/Y (sky130_fd_sc_hd__inv_2)
                                                         _021_ (net)
                      0.023776    0.000000   10.093118 v _091_/A (sky130_fd_sc_hd__or2_2)
     8    0.026280    0.115127    0.362032   10.455150 v _091_/X (sky130_fd_sc_hd__or2_2)
                                                         _049_ (net)
                      0.115127    0.000000   10.455150 v _096_/S (sky130_fd_sc_hd__mux2_1)
     1    0.001681    0.050313    0.318425   10.773575 v _096_/X (sky130_fd_sc_hd__mux2_1)
                                                         _014_ (net)
                      0.050313    0.000000   10.773575 v _118_/D (sky130_fd_sc_hd__dfxtp_2)
                                             10.773575   data arrival time

                      0.150000   50.000000   50.000000   clock clk (rise edge)
                                  0.000000   50.000000   clock network delay (ideal)
                                 -0.250000   49.749996   clock uncertainty
                                  0.000000   49.749996   clock reconvergence pessimism
                                             49.749996 ^ _118_/CLK (sky130_fd_sc_hd__dfxtp_2)
                                 -0.090662   49.659336   library setup time
                                             49.659336   data required time
---------------------------------------------------------------------------------------------
                                             49.659336   data required time
                                            -10.773575   data arrival time
---------------------------------------------------------------------------------------------
                                             38.885761   slack (MET)


Startpoint: rst_n (input port clocked by clk)
Endpoint: _119_ (rising edge-triggered flip-flop clocked by clk)
Path Group: clk
Path Type: max

Fanout         Cap        Slew       Delay        Time   Description
---------------------------------------------------------------------------------------------
                      0.150000    0.000000    0.000000   clock clk (rise edge)
                                  0.000000    0.000000   clock network delay (ideal)
                                 10.000000   10.000000 ^ input external delay
     5    0.017724    0.087271    0.058380   10.058380 ^ rst_n (in)
                                                         rst_n (net)
                      0.087271    0.000000   10.058380 ^ _053_/A (sky130_fd_sc_hd__inv_2)
     2    0.003456    0.023776    0.034738   10.093118 v _053_/Y (sky130_fd_sc_hd__inv_2)
                                                         _021_ (net)
                      0.023776    0.000000   10.093118 v _091_/A (sky130_fd_sc_hd__or2_2)
     8    0.026280    0.115127    0.362032   10.455150 v _091_/X (sky130_fd_sc_hd__or2_2)
                                                         _049_ (net)
                      0.115127    0.000000   10.455150 v _097_/S (sky130_fd_sc_hd__mux2_1)
     1    0.001681    0.050313    0.318425   10.773575 v _097_/X (sky130_fd_sc_hd__mux2_1)
                                                         _015_ (net)
                      0.050313    0.000000   10.773575 v _119_/D (sky130_fd_sc_hd__dfxtp_2)
                                             10.773575   data arrival time

                      0.150000   50.000000   50.000000   clock clk (rise edge)
                                  0.000000   50.000000   clock network delay (ideal)
                                 -0.250000   49.749996   clock uncertainty
                                  0.000000   49.749996   clock reconvergence pessimism
                                             49.749996 ^ _119_/CLK (sky130_fd_sc_hd__dfxtp_2)
                                 -0.090662   49.659336   library setup time
                                             49.659336   data required time
---------------------------------------------------------------------------------------------
                                             49.659336   data required time
                                            -10.773575   data arrival time
---------------------------------------------------------------------------------------------
                                             38.885761   slack (MET)


Startpoint: rst_n (input port clocked by clk)
Endpoint: _120_ (rising edge-triggered flip-flop clocked by clk)
Path Group: clk
Path Type: max

Fanout         Cap        Slew       Delay        Time   Description
---------------------------------------------------------------------------------------------
                      0.150000    0.000000    0.000000   clock clk (rise edge)
                                  0.000000    0.000000   clock network delay (ideal)
                                 10.000000   10.000000 ^ input external delay
     5    0.017724    0.087271    0.058380   10.058380 ^ rst_n (in)
                                                         rst_n (net)
                      0.087271    0.000000   10.058380 ^ _053_/A (sky130_fd_sc_hd__inv_2)
     2    0.003456    0.023776    0.034738   10.093118 v _053_/Y (sky130_fd_sc_hd__inv_2)
                                                         _021_ (net)
                      0.023776    0.000000   10.093118 v _091_/A (sky130_fd_sc_hd__or2_2)
     8    0.026280    0.115127    0.362032   10.455150 v _091_/X (sky130_fd_sc_hd__or2_2)
                                                         _049_ (net)
                      0.115127    0.000000   10.455150 v _098_/S (sky130_fd_sc_hd__mux2_1)
     1    0.001681    0.050313    0.318425   10.773575 v _098_/X (sky130_fd_sc_hd__mux2_1)
                                                         _016_ (net)
                      0.050313    0.000000   10.773575 v _120_/D (sky130_fd_sc_hd__dfxtp_2)
                                             10.773575   data arrival time

                      0.150000   50.000000   50.000000   clock clk (rise edge)
                                  0.000000   50.000000   clock network delay (ideal)
                                 -0.250000   49.749996   clock uncertainty
                                  0.000000   49.749996   clock reconvergence pessimism
                                             49.749996 ^ _120_/CLK (sky130_fd_sc_hd__dfxtp_2)
                                 -0.090662   49.659336   library setup time
                                             49.659336   data required time
---------------------------------------------------------------------------------------------
                                             49.659336   data required time
                                            -10.773575   data arrival time
---------------------------------------------------------------------------------------------
                                             38.885761   slack (MET)


Startpoint: rst_n (input port clocked by clk)
Endpoint: _121_ (rising edge-triggered flip-flop clocked by clk)
Path Group: clk
Path Type: max

Fanout         Cap        Slew       Delay        Time   Description
---------------------------------------------------------------------------------------------
                      0.150000    0.000000    0.000000   clock clk (rise edge)
                                  0.000000    0.000000   clock network delay (ideal)
                                 10.000000   10.000000 ^ input external delay
     5    0.017724    0.087271    0.058380   10.058380 ^ rst_n (in)
                                                         rst_n (net)
                      0.087271    0.000000   10.058380 ^ _053_/A (sky130_fd_sc_hd__inv_2)
     2    0.003456    0.023776    0.034738   10.093118 v _053_/Y (sky130_fd_sc_hd__inv_2)
                                                         _021_ (net)
                      0.023776    0.000000   10.093118 v _091_/A (sky130_fd_sc_hd__or2_2)
     8    0.026280    0.115127    0.362032   10.455150 v _091_/X (sky130_fd_sc_hd__or2_2)
                                                         _049_ (net)
                      0.115127    0.000000   10.455150 v _099_/S (sky130_fd_sc_hd__mux2_1)
     1    0.001681    0.050313    0.318425   10.773575 v _099_/X (sky130_fd_sc_hd__mux2_1)
                                                         _017_ (net)
                      0.050313    0.000000   10.773575 v _121_/D (sky130_fd_sc_hd__dfxtp_2)
                                             10.773575   data arrival time

                      0.150000   50.000000   50.000000   clock clk (rise edge)
                                  0.000000   50.000000   clock network delay (ideal)
                                 -0.250000   49.749996   clock uncertainty
                                  0.000000   49.749996   clock reconvergence pessimism
                                             49.749996 ^ _121_/CLK (sky130_fd_sc_hd__dfxtp_2)
                                 -0.090662   49.659336   library setup time
                                             49.659336   data required time
---------------------------------------------------------------------------------------------
                                             49.659336   data required time
                                            -10.773575   data arrival time
---------------------------------------------------------------------------------------------
                                             38.885761   slack (MET)


Startpoint: comp (input port clocked by clk)
Endpoint: _122_ (rising edge-triggered flip-flop clocked by clk)
Path Group: clk
Path Type: max

Fanout         Cap        Slew       Delay        Time   Description
---------------------------------------------------------------------------------------------
                      0.150000    0.000000    0.000000   clock clk (rise edge)
                                  0.000000    0.000000   clock network delay (ideal)
                                 10.000000   10.000000 ^ input external delay
     7    0.015207    0.075992    0.050526   10.050526 ^ comp (in)
                                                         comp (net)
                      0.075992    0.000000   10.050526 ^ _054_/A (sky130_fd_sc_hd__inv_2)
     2    0.003709    0.022428    0.033990   10.084516 v _054_/Y (sky130_fd_sc_hd__inv_2)
                                                         _022_ (net)
                      0.022428    0.000000   10.084516 v _100_/A0 (sky130_fd_sc_hd__mux2_1)
     1    0.002243    0.053494    0.264507   10.349022 v _100_/X (sky130_fd_sc_hd__mux2_1)
                                                         _050_ (net)
                      0.053494    0.000000   10.349022 v _101_/A2 (sky130_fd_sc_hd__o21a_2)
     1    0.001681    0.030437    0.183329   10.532351 v _101_/X (sky130_fd_sc_hd__o21a_2)
                                                         _018_ (net)
                      0.030437    0.000000   10.532351 v _122_/D (sky130_fd_sc_hd__dfxtp_2)
                                             10.532351   data arrival time

                      0.150000   50.000000   50.000000   clock clk (rise edge)
                                  0.000000   50.000000   clock network delay (ideal)
                                 -0.250000   49.749996   clock uncertainty
                                  0.000000   49.749996   clock reconvergence pessimism
                                             49.749996 ^ _122_/CLK (sky130_fd_sc_hd__dfxtp_2)
                                 -0.082029   49.667969   library setup time
                                             49.667969   data required time
---------------------------------------------------------------------------------------------
                                             49.667969   data required time
                                            -10.532351   data arrival time
---------------------------------------------------------------------------------------------
                                             39.135620   slack (MET)


Startpoint: comp (input port clocked by clk)
Endpoint: _108_ (rising edge-triggered flip-flop clocked by clk)
Path Group: clk
Path Type: max

Fanout         Cap        Slew       Delay        Time   Description
---------------------------------------------------------------------------------------------
                      0.150000    0.000000    0.000000   clock clk (rise edge)
                                  0.000000    0.000000   clock network delay (ideal)
                                 10.000000   10.000000 v input external delay
     7    0.014003    0.033527    0.022604   10.022604 v comp (in)
                                                         comp (net)
                      0.033527    0.000000   10.022604 v _074_/A2 (sky130_fd_sc_hd__o31a_2)
     1    0.004609    0.057047    0.319555   10.342159 v _074_/X (sky130_fd_sc_hd__o31a_2)
                                                         _038_ (net)
                      0.057047    0.000000   10.342159 v _075_/A2 (sky130_fd_sc_hd__a21oi_2)
     1    0.001674    0.074003    0.116806   10.458965 ^ _075_/Y (sky130_fd_sc_hd__a21oi_2)
                                                         _004_ (net)
                      0.074003    0.000000   10.458965 ^ _108_/D (sky130_fd_sc_hd__dfxtp_2)
                                             10.458965   data arrival time

                      0.150000   50.000000   50.000000   clock clk (rise edge)
                                  0.000000   50.000000   clock network delay (ideal)
                                 -0.250000   49.749996   clock uncertainty
                                  0.000000   49.749996   clock reconvergence pessimism
                                             49.749996 ^ _108_/CLK (sky130_fd_sc_hd__dfxtp_2)
                                 -0.049989   49.700008   library setup time
                                             49.700008   data required time
---------------------------------------------------------------------------------------------
                                             49.700008   data required time
                                            -10.458965   data arrival time
---------------------------------------------------------------------------------------------
                                             39.241043   slack (MET)


Startpoint: comp (input port clocked by clk)
Endpoint: _123_ (rising edge-triggered flip-flop clocked by clk)
Path Group: clk
Path Type: max

Fanout         Cap        Slew       Delay        Time   Description
---------------------------------------------------------------------------------------------
                      0.150000    0.000000    0.000000   clock clk (rise edge)
                                  0.000000    0.000000   clock network delay (ideal)
                                 10.000000   10.000000 ^ input external delay
     7    0.015207    0.075992    0.050526   10.050526 ^ comp (in)
                                                         comp (net)
                      0.075992    0.000000   10.050526 ^ _054_/A (sky130_fd_sc_hd__inv_2)
     2    0.003709    0.022428    0.033990   10.084516 v _054_/Y (sky130_fd_sc_hd__inv_2)
                                                         _022_ (net)
                      0.022428    0.000000   10.084516 v _103_/A2 (sky130_fd_sc_hd__a311o_2)
     1    0.001681    0.048746    0.334379   10.418895 v _103_/X (sky130_fd_sc_hd__a311o_2)
                                                         _019_ (net)
                      0.048746    0.000000   10.418895 v _123_/D (sky130_fd_sc_hd__dfxtp_2)
                                             10.418895   data arrival time

                      0.150000   50.000000   50.000000   clock clk (rise edge)
                                  0.000000   50.000000   clock network delay (ideal)
                                 -0.250000   49.749996   clock uncertainty
                                  0.000000   49.749996   clock reconvergence pessimism
                                             49.749996 ^ _123_/CLK (sky130_fd_sc_hd__dfxtp_2)
                                 -0.089981   49.660019   library setup time
                                             49.660019   data required time
---------------------------------------------------------------------------------------------
                                             49.660019   data required time
                                            -10.418895   data arrival time
---------------------------------------------------------------------------------------------
                                             39.241123   slack (MET)


Startpoint: comp (input port clocked by clk)
Endpoint: _109_ (rising edge-triggered flip-flop clocked by clk)
Path Group: clk
Path Type: max

Fanout         Cap        Slew       Delay        Time   Description
---------------------------------------------------------------------------------------------
                      0.150000    0.000000    0.000000   clock clk (rise edge)
                                  0.000000    0.000000   clock network delay (ideal)
                                 10.000000   10.000000 v input external delay
     7    0.014003    0.033527    0.022604   10.022604 v comp (in)
                                                         comp (net)
                      0.033527    0.000000   10.022604 v _077_/A0 (sky130_fd_sc_hd__mux2_1)
     1    0.004609    0.066316    0.286957   10.309562 v _077_/X (sky130_fd_sc_hd__mux2_1)
                                                         _040_ (net)
                      0.066316    0.000000   10.309562 v _078_/A2 (sky130_fd_sc_hd__a21oi_2)
     1    0.001674    0.074003    0.120682   10.430243 ^ _078_/Y (sky130_fd_sc_hd__a21oi_2)
                                                         _005_ (net)
                      0.074003    0.000000   10.430243 ^ _109_/D (sky130_fd_sc_hd__dfxtp_2)
                                             10.430243   data arrival time

                      0.150000   50.000000   50.000000   clock clk (rise edge)
                                  0.000000   50.000000   clock network delay (ideal)
                                 -0.250000   49.749996   clock uncertainty
                                  0.000000   49.749996   clock reconvergence pessimism
                                             49.749996 ^ _109_/CLK (sky130_fd_sc_hd__dfxtp_2)
                                 -0.049989   49.700008   library setup time
                                             49.700008   data required time
---------------------------------------------------------------------------------------------
                                             49.700008   data required time
                                            -10.430243   data arrival time
---------------------------------------------------------------------------------------------
                                             39.269764   slack (MET)


Startpoint: comp (input port clocked by clk)
Endpoint: _110_ (rising edge-triggered flip-flop clocked by clk)
Path Group: clk
Path Type: max

Fanout         Cap        Slew       Delay        Time   Description
---------------------------------------------------------------------------------------------
                      0.150000    0.000000    0.000000   clock clk (rise edge)
                                  0.000000    0.000000   clock network delay (ideal)
                                 10.000000   10.000000 v input external delay
     7    0.014003    0.033527    0.022604   10.022604 v comp (in)
                                                         comp (net)
                      0.033527    0.000000   10.022604 v _080_/A0 (sky130_fd_sc_hd__mux2_1)
     1    0.004609    0.066323    0.286957   10.309562 v _080_/X (sky130_fd_sc_hd__mux2_1)
                                                         _042_ (net)
                      0.066323    0.000000   10.309562 v _081_/A2 (sky130_fd_sc_hd__a21oi_2)
     1    0.001674    0.074003    0.120685   10.430246 ^ _081_/Y (sky130_fd_sc_hd__a21oi_2)
                                                         _006_ (net)
                      0.074003    0.000000   10.430246 ^ _110_/D (sky130_fd_sc_hd__dfxtp_2)
                                             10.430246   data arrival time

                      0.150000   50.000000   50.000000   clock clk (rise edge)
                                  0.000000   50.000000   clock network delay (ideal)
                                 -0.250000   49.749996   clock uncertainty
                                  0.000000   49.749996   clock reconvergence pessimism
                                             49.749996 ^ _110_/CLK (sky130_fd_sc_hd__dfxtp_2)
                                 -0.049989   49.700008   library setup time
                                             49.700008   data required time
---------------------------------------------------------------------------------------------
                                             49.700008   data required time
                                            -10.430246   data arrival time
---------------------------------------------------------------------------------------------
                                             39.269760   slack (MET)


Startpoint: comp (input port clocked by clk)
Endpoint: _111_ (rising edge-triggered flip-flop clocked by clk)
Path Group: clk
Path Type: max

Fanout         Cap        Slew       Delay        Time   Description
---------------------------------------------------------------------------------------------
                      0.150000    0.000000    0.000000   clock clk (rise edge)
                                  0.000000    0.000000   clock network delay (ideal)
                                 10.000000   10.000000 v input external delay
     7    0.014003    0.033527    0.022604   10.022604 v comp (in)
                                                         comp (net)
                      0.033527    0.000000   10.022604 v _083_/A0 (sky130_fd_sc_hd__mux2_1)
     1    0.004609    0.066314    0.286957   10.309562 v _083_/X (sky130_fd_sc_hd__mux2_1)
                                                         _044_ (net)
                      0.066314    0.000000   10.309562 v _084_/A2 (sky130_fd_sc_hd__a21oi_2)
     1    0.001674    0.074003    0.120681   10.430243 ^ _084_/Y (sky130_fd_sc_hd__a21oi_2)
                                                         _007_ (net)
                      0.074003    0.000000   10.430243 ^ _111_/D (sky130_fd_sc_hd__dfxtp_2)
                                             10.430243   data arrival time

                      0.150000   50.000000   50.000000   clock clk (rise edge)
                                  0.000000   50.000000   clock network delay (ideal)
                                 -0.250000   49.749996   clock uncertainty
                                  0.000000   49.749996   clock reconvergence pessimism
                                             49.749996 ^ _111_/CLK (sky130_fd_sc_hd__dfxtp_2)
                                 -0.049989   49.700008   library setup time
                                             49.700008   data required time
---------------------------------------------------------------------------------------------
                                             49.700008   data required time
                                            -10.430243   data arrival time
---------------------------------------------------------------------------------------------
                                             39.269764   slack (MET)


Startpoint: comp (input port clocked by clk)
Endpoint: _112_ (rising edge-triggered flip-flop clocked by clk)
Path Group: clk
Path Type: max

Fanout         Cap        Slew       Delay        Time   Description
---------------------------------------------------------------------------------------------
                      0.150000    0.000000    0.000000   clock clk (rise edge)
                                  0.000000    0.000000   clock network delay (ideal)
                                 10.000000   10.000000 v input external delay
     7    0.014003    0.033527    0.022604   10.022604 v comp (in)
                                                         comp (net)
                      0.033527    0.000000   10.022604 v _086_/A0 (sky130_fd_sc_hd__mux2_1)
     1    0.004609    0.066324    0.286957   10.309562 v _086_/X (sky130_fd_sc_hd__mux2_1)
                                                         _046_ (net)
                      0.066324    0.000000   10.309562 v _087_/A2 (sky130_fd_sc_hd__a21oi_2)
     1    0.001674    0.074003    0.120685   10.430246 ^ _087_/Y (sky130_fd_sc_hd__a21oi_2)
                                                         _008_ (net)
                      0.074003    0.000000   10.430246 ^ _112_/D (sky130_fd_sc_hd__dfxtp_2)
                                             10.430246   data arrival time

                      0.150000   50.000000   50.000000   clock clk (rise edge)
                                  0.000000   50.000000   clock network delay (ideal)
                                 -0.250000   49.749996   clock uncertainty
                                  0.000000   49.749996   clock reconvergence pessimism
                                             49.749996 ^ _112_/CLK (sky130_fd_sc_hd__dfxtp_2)
                                 -0.049989   49.700008   library setup time
                                             49.700008   data required time
---------------------------------------------------------------------------------------------
                                             49.700008   data required time
                                            -10.430246   data arrival time
---------------------------------------------------------------------------------------------
                                             39.269760   slack (MET)


Startpoint: comp (input port clocked by clk)
Endpoint: _113_ (rising edge-triggered flip-flop clocked by clk)
Path Group: clk
Path Type: max

Fanout         Cap        Slew       Delay        Time   Description
---------------------------------------------------------------------------------------------
                      0.150000    0.000000    0.000000   clock clk (rise edge)
                                  0.000000    0.000000   clock network delay (ideal)
                                 10.000000   10.000000 v input external delay
     7    0.014003    0.033527    0.022604   10.022604 v comp (in)
                                                         comp (net)
                      0.033527    0.000000   10.022604 v _089_/A0 (sky130_fd_sc_hd__mux2_1)
     1    0.004609    0.066314    0.286957   10.309562 v _089_/X (sky130_fd_sc_hd__mux2_1)
                                                         _048_ (net)
                      0.066314    0.000000   10.309562 v _090_/A2 (sky130_fd_sc_hd__a21oi_2)
     1    0.001674    0.074003    0.120680   10.430242 ^ _090_/Y (sky130_fd_sc_hd__a21oi_2)
                                                         _009_ (net)
                      0.074003    0.000000   10.430242 ^ _113_/D (sky130_fd_sc_hd__dfxtp_2)
                                             10.430242   data arrival time

                      0.150000   50.000000   50.000000   clock clk (rise edge)
                                  0.000000   50.000000   clock network delay (ideal)
                                 -0.250000   49.749996   clock uncertainty
                                  0.000000   49.749996   clock reconvergence pessimism
                                             49.749996 ^ _113_/CLK (sky130_fd_sc_hd__dfxtp_2)
                                 -0.049989   49.700008   library setup time
                                             49.700008   data required time
---------------------------------------------------------------------------------------------
                                             49.700008   data required time
                                            -10.430242   data arrival time
---------------------------------------------------------------------------------------------
                                             39.269764   slack (MET)


Startpoint: _109_ (rising edge-triggered flip-flop clocked by clk)
Endpoint: dac_in[1] (output port clocked by clk)
Path Group: clk
Path Type: max

Fanout         Cap        Slew       Delay        Time   Description
---------------------------------------------------------------------------------------------
                      0.150000    0.000000    0.000000   clock clk (rise edge)
                                  0.000000    0.000000   clock network delay (ideal)
                      0.150000    0.000000    0.000000 ^ _109_/CLK (sky130_fd_sc_hd__dfxtp_2)
     3    0.039695    0.205849    0.472231    0.472231 ^ _109_/Q (sky130_fd_sc_hd__dfxtp_2)
                                                         dac_in[1] (net)
                      0.205849    0.000000    0.472231 ^ dac_in[1] (out)
                                              0.472231   data arrival time

                      0.150000   50.000000   50.000000   clock clk (rise edge)
                                  0.000000   50.000000   clock network delay (ideal)
                                 -0.250000   49.749996   clock uncertainty
                                  0.000000   49.749996   clock reconvergence pessimism
                                -10.000000   39.749996   output external delay
                                             39.749996   data required time
---------------------------------------------------------------------------------------------
                                             39.749996   data required time
                                             -0.472231   data arrival time
---------------------------------------------------------------------------------------------
                                             39.277767   slack (MET)


Startpoint: _110_ (rising edge-triggered flip-flop clocked by clk)
Endpoint: dac_in[2] (output port clocked by clk)
Path Group: clk
Path Type: max

Fanout         Cap        Slew       Delay        Time   Description
---------------------------------------------------------------------------------------------
                      0.150000    0.000000    0.000000   clock clk (rise edge)
                                  0.000000    0.000000   clock network delay (ideal)
                      0.150000    0.000000    0.000000 ^ _110_/CLK (sky130_fd_sc_hd__dfxtp_2)
     3    0.039695    0.205849    0.472231    0.472231 ^ _110_/Q (sky130_fd_sc_hd__dfxtp_2)
                                                         dac_in[2] (net)
                      0.205849    0.000000    0.472231 ^ dac_in[2] (out)
                                              0.472231   data arrival time

                      0.150000   50.000000   50.000000   clock clk (rise edge)
                                  0.000000   50.000000   clock network delay (ideal)
                                 -0.250000   49.749996   clock uncertainty
                                  0.000000   49.749996   clock reconvergence pessimism
                                -10.000000   39.749996   output external delay
                                             39.749996   data required time
---------------------------------------------------------------------------------------------
                                             39.749996   data required time
                                             -0.472231   data arrival time
---------------------------------------------------------------------------------------------
                                             39.277767   slack (MET)


Startpoint: _111_ (rising edge-triggered flip-flop clocked by clk)
Endpoint: dac_in[3] (output port clocked by clk)
Path Group: clk
Path Type: max

Fanout         Cap        Slew       Delay        Time   Description
---------------------------------------------------------------------------------------------
                      0.150000    0.000000    0.000000   clock clk (rise edge)
                                  0.000000    0.000000   clock network delay (ideal)
                      0.150000    0.000000    0.000000 ^ _111_/CLK (sky130_fd_sc_hd__dfxtp_2)
     3    0.039695    0.205849    0.472231    0.472231 ^ _111_/Q (sky130_fd_sc_hd__dfxtp_2)
                                                         dac_in[3] (net)
                      0.205849    0.000000    0.472231 ^ dac_in[3] (out)
                                              0.472231   data arrival time

                      0.150000   50.000000   50.000000   clock clk (rise edge)
                                  0.000000   50.000000   clock network delay (ideal)
                                 -0.250000   49.749996   clock uncertainty
                                  0.000000   49.749996   clock reconvergence pessimism
                                -10.000000   39.749996   output external delay
                                             39.749996   data required time
---------------------------------------------------------------------------------------------
                                             39.749996   data required time
                                             -0.472231   data arrival time
---------------------------------------------------------------------------------------------
                                             39.277767   slack (MET)


Startpoint: _112_ (rising edge-triggered flip-flop clocked by clk)
Endpoint: dac_in[4] (output port clocked by clk)
Path Group: clk
Path Type: max

Fanout         Cap        Slew       Delay        Time   Description
---------------------------------------------------------------------------------------------
                      0.150000    0.000000    0.000000   clock clk (rise edge)
                                  0.000000    0.000000   clock network delay (ideal)
                      0.150000    0.000000    0.000000 ^ _112_/CLK (sky130_fd_sc_hd__dfxtp_2)
     3    0.039695    0.205849    0.472231    0.472231 ^ _112_/Q (sky130_fd_sc_hd__dfxtp_2)
                                                         dac_in[4] (net)
                      0.205849    0.000000    0.472231 ^ dac_in[4] (out)
                                              0.472231   data arrival time

                      0.150000   50.000000   50.000000   clock clk (rise edge)
                                  0.000000   50.000000   clock network delay (ideal)
                                 -0.250000   49.749996   clock uncertainty
                                  0.000000   49.749996   clock reconvergence pessimism
                                -10.000000   39.749996   output external delay
                                             39.749996   data required time
---------------------------------------------------------------------------------------------
                                             39.749996   data required time
                                             -0.472231   data arrival time
---------------------------------------------------------------------------------------------
                                             39.277767   slack (MET)


Startpoint: _113_ (rising edge-triggered flip-flop clocked by clk)
Endpoint: dac_in[5] (output port clocked by clk)
Path Group: clk
Path Type: max

Fanout         Cap        Slew       Delay        Time   Description
---------------------------------------------------------------------------------------------
                      0.150000    0.000000    0.000000   clock clk (rise edge)
                                  0.000000    0.000000   clock network delay (ideal)
                      0.150000    0.000000    0.000000 ^ _113_/CLK (sky130_fd_sc_hd__dfxtp_2)
     3    0.039695    0.205849    0.472231    0.472231 ^ _113_/Q (sky130_fd_sc_hd__dfxtp_2)
                                                         dac_in[5] (net)
                      0.205849    0.000000    0.472231 ^ dac_in[5] (out)
                                              0.472231   data arrival time

                      0.150000   50.000000   50.000000   clock clk (rise edge)
                                  0.000000   50.000000   clock network delay (ideal)
                                 -0.250000   49.749996   clock uncertainty
                                  0.000000   49.749996   clock reconvergence pessimism
                                -10.000000   39.749996   output external delay
                                             39.749996   data required time
---------------------------------------------------------------------------------------------
                                             39.749996   data required time
                                             -0.472231   data arrival time
---------------------------------------------------------------------------------------------
                                             39.277767   slack (MET)


Startpoint: _108_ (rising edge-triggered flip-flop clocked by clk)
Endpoint: dac_in[0] (output port clocked by clk)
Path Group: clk
Path Type: max

Fanout         Cap        Slew       Delay        Time   Description
---------------------------------------------------------------------------------------------
                      0.150000    0.000000    0.000000   clock clk (rise edge)
                                  0.000000    0.000000   clock network delay (ideal)
                      0.150000    0.000000    0.000000 ^ _108_/CLK (sky130_fd_sc_hd__dfxtp_2)
     3    0.039575    0.205262    0.471821    0.471821 ^ _108_/Q (sky130_fd_sc_hd__dfxtp_2)
                                                         dac_in[0] (net)
                      0.205262    0.000000    0.471821 ^ dac_in[0] (out)
                                              0.471821   data arrival time

                      0.150000   50.000000   50.000000   clock clk (rise edge)
                                  0.000000   50.000000   clock network delay (ideal)
                                 -0.250000   49.749996   clock uncertainty
                                  0.000000   49.749996   clock reconvergence pessimism
                                -10.000000   39.749996   output external delay
                                             39.749996   data required time
---------------------------------------------------------------------------------------------
                                             39.749996   data required time
                                             -0.471821   data arrival time
---------------------------------------------------------------------------------------------
                                             39.278175   slack (MET)


Startpoint: _122_ (rising edge-triggered flip-flop clocked by clk)
Endpoint: dac_in[6] (output port clocked by clk)
Path Group: clk
Path Type: max

Fanout         Cap        Slew       Delay        Time   Description
---------------------------------------------------------------------------------------------
                      0.150000    0.000000    0.000000   clock clk (rise edge)
                                  0.000000    0.000000   clock network delay (ideal)
                      0.150000    0.000000    0.000000 ^ _122_/CLK (sky130_fd_sc_hd__dfxtp_2)
     3    0.037017    0.192735    0.463074    0.463074 ^ _122_/Q (sky130_fd_sc_hd__dfxtp_2)
                                                         dac_in[6] (net)
                      0.192735    0.000000    0.463074 ^ dac_in[6] (out)
                                              0.463074   data arrival time

                      0.150000   50.000000   50.000000   clock clk (rise edge)
                                  0.000000   50.000000   clock network delay (ideal)
                                 -0.250000   49.749996   clock uncertainty
                                  0.000000   49.749996   clock reconvergence pessimism
                                -10.000000   39.749996   output external delay
                                             39.749996   data required time
---------------------------------------------------------------------------------------------
                                             39.749996   data required time
                                             -0.463074   data arrival time
---------------------------------------------------------------------------------------------
                                             39.286922   slack (MET)


Startpoint: _123_ (rising edge-triggered flip-flop clocked by clk)
Endpoint: dac_in[7] (output port clocked by clk)
Path Group: clk
Path Type: max

Fanout         Cap        Slew       Delay        Time   Description
---------------------------------------------------------------------------------------------
                      0.150000    0.000000    0.000000   clock clk (rise edge)
                                  0.000000    0.000000   clock network delay (ideal)
                      0.150000    0.000000    0.000000 ^ _123_/CLK (sky130_fd_sc_hd__dfxtp_2)
     3    0.036742    0.191388    0.462133    0.462133 ^ _123_/Q (sky130_fd_sc_hd__dfxtp_2)
                                                         dac_in[7] (net)
                      0.191388    0.000000    0.462133 ^ dac_in[7] (out)
                                              0.462133   data arrival time

                      0.150000   50.000000   50.000000   clock clk (rise edge)
                                  0.000000   50.000000   clock network delay (ideal)
                                 -0.250000   49.749996   clock uncertainty
                                  0.000000   49.749996   clock reconvergence pessimism
                                -10.000000   39.749996   output external delay
                                             39.749996   data required time
---------------------------------------------------------------------------------------------
                                             39.749996   data required time
                                             -0.462133   data arrival time
---------------------------------------------------------------------------------------------
                                             39.287865   slack (MET)


Startpoint: _114_ (rising edge-triggered flip-flop clocked by clk)
Endpoint: adc_out[0] (output port clocked by clk)
Path Group: clk
Path Type: max

Fanout         Cap        Slew       Delay        Time   Description
---------------------------------------------------------------------------------------------
                      0.150000    0.000000    0.000000   clock clk (rise edge)
                                  0.000000    0.000000   clock network delay (ideal)
                      0.150000    0.000000    0.000000 ^ _114_/CLK (sky130_fd_sc_hd__dfxtp_2)
     2    0.035406    0.184880    0.457543    0.457543 ^ _114_/Q (sky130_fd_sc_hd__dfxtp_2)
                                                         adc_out[0] (net)
                      0.184880    0.000000    0.457543 ^ adc_out[0] (out)
                                              0.457543   data arrival time

                      0.150000   50.000000   50.000000   clock clk (rise edge)
                                  0.000000   50.000000   clock network delay (ideal)
                                 -0.250000   49.749996   clock uncertainty
                                  0.000000   49.749996   clock reconvergence pessimism
                                -10.000000   39.749996   output external delay
                                             39.749996   data required time
---------------------------------------------------------------------------------------------
                                             39.749996   data required time
                                             -0.457543   data arrival time
---------------------------------------------------------------------------------------------
                                             39.292454   slack (MET)


Startpoint: _115_ (rising edge-triggered flip-flop clocked by clk)
Endpoint: adc_out[1] (output port clocked by clk)
Path Group: clk
Path Type: max

Fanout         Cap        Slew       Delay        Time   Description
---------------------------------------------------------------------------------------------
                      0.150000    0.000000    0.000000   clock clk (rise edge)
                                  0.000000    0.000000   clock network delay (ideal)
                      0.150000    0.000000    0.000000 ^ _115_/CLK (sky130_fd_sc_hd__dfxtp_2)
     2    0.035406    0.184880    0.457543    0.457543 ^ _115_/Q (sky130_fd_sc_hd__dfxtp_2)
                                                         adc_out[1] (net)
                      0.184880    0.000000    0.457543 ^ adc_out[1] (out)
                                              0.457543   data arrival time

                      0.150000   50.000000   50.000000   clock clk (rise edge)
                                  0.000000   50.000000   clock network delay (ideal)
                                 -0.250000   49.749996   clock uncertainty
                                  0.000000   49.749996   clock reconvergence pessimism
                                -10.000000   39.749996   output external delay
                                             39.749996   data required time
---------------------------------------------------------------------------------------------
                                             39.749996   data required time
                                             -0.457543   data arrival time
---------------------------------------------------------------------------------------------
                                             39.292454   slack (MET)


Startpoint: _116_ (rising edge-triggered flip-flop clocked by clk)
Endpoint: adc_out[2] (output port clocked by clk)
Path Group: clk
Path Type: max

Fanout         Cap        Slew       Delay        Time   Description
---------------------------------------------------------------------------------------------
                      0.150000    0.000000    0.000000   clock clk (rise edge)
                                  0.000000    0.000000   clock network delay (ideal)
                      0.150000    0.000000    0.000000 ^ _116_/CLK (sky130_fd_sc_hd__dfxtp_2)
     2    0.035406    0.184880    0.457543    0.457543 ^ _116_/Q (sky130_fd_sc_hd__dfxtp_2)
                                                         adc_out[2] (net)
                      0.184880    0.000000    0.457543 ^ adc_out[2] (out)
                                              0.457543   data arrival time

                      0.150000   50.000000   50.000000   clock clk (rise edge)
                                  0.000000   50.000000   clock network delay (ideal)
                                 -0.250000   49.749996   clock uncertainty
                                  0.000000   49.749996   clock reconvergence pessimism
                                -10.000000   39.749996   output external delay
                                             39.749996   data required time
---------------------------------------------------------------------------------------------
                                             39.749996   data required time
                                             -0.457543   data arrival time
---------------------------------------------------------------------------------------------
                                             39.292454   slack (MET)


Startpoint: _117_ (rising edge-triggered flip-flop clocked by clk)
Endpoint: adc_out[3] (output port clocked by clk)
Path Group: clk
Path Type: max

Fanout         Cap        Slew       Delay        Time   Description
---------------------------------------------------------------------------------------------
                      0.150000    0.000000    0.000000   clock clk (rise edge)
                                  0.000000    0.000000   clock network delay (ideal)
                      0.150000    0.000000    0.000000 ^ _117_/CLK (sky130_fd_sc_hd__dfxtp_2)
     2    0.035406    0.184880    0.457543    0.457543 ^ _117_/Q (sky130_fd_sc_hd__dfxtp_2)
                                                         adc_out[3] (net)
                      0.184880    0.000000    0.457543 ^ adc_out[3] (out)
                                              0.457543   data arrival time

                      0.150000   50.000000   50.000000   clock clk (rise edge)
                                  0.000000   50.000000   clock network delay (ideal)
                                 -0.250000   49.749996   clock uncertainty
                                  0.000000   49.749996   clock reconvergence pessimism
                                -10.000000   39.749996   output external delay
                                             39.749996   data required time
---------------------------------------------------------------------------------------------
                                             39.749996   data required time
                                             -0.457543   data arrival time
---------------------------------------------------------------------------------------------
                                             39.292454   slack (MET)


Startpoint: _118_ (rising edge-triggered flip-flop clocked by clk)
Endpoint: adc_out[4] (output port clocked by clk)
Path Group: clk
Path Type: max

Fanout         Cap        Slew       Delay        Time   Description
---------------------------------------------------------------------------------------------
                      0.150000    0.000000    0.000000   clock clk (rise edge)
                                  0.000000    0.000000   clock network delay (ideal)
                      0.150000    0.000000    0.000000 ^ _118_/CLK (sky130_fd_sc_hd__dfxtp_2)
     2    0.035406    0.184880    0.457543    0.457543 ^ _118_/Q (sky130_fd_sc_hd__dfxtp_2)
                                                         adc_out[4] (net)
                      0.184880    0.000000    0.457543 ^ adc_out[4] (out)
                                              0.457543   data arrival time

                      0.150000   50.000000   50.000000   clock clk (rise edge)
                                  0.000000   50.000000   clock network delay (ideal)
                                 -0.250000   49.749996   clock uncertainty
                                  0.000000   49.749996   clock reconvergence pessimism
                                -10.000000   39.749996   output external delay
                                             39.749996   data required time
---------------------------------------------------------------------------------------------
                                             39.749996   data required time
                                             -0.457543   data arrival time
---------------------------------------------------------------------------------------------
                                             39.292454   slack (MET)


Startpoint: _119_ (rising edge-triggered flip-flop clocked by clk)
Endpoint: adc_out[5] (output port clocked by clk)
Path Group: clk
Path Type: max

Fanout         Cap        Slew       Delay        Time   Description
---------------------------------------------------------------------------------------------
                      0.150000    0.000000    0.000000   clock clk (rise edge)
                                  0.000000    0.000000   clock network delay (ideal)
                      0.150000    0.000000    0.000000 ^ _119_/CLK (sky130_fd_sc_hd__dfxtp_2)
     2    0.035406    0.184880    0.457543    0.457543 ^ _119_/Q (sky130_fd_sc_hd__dfxtp_2)
                                                         adc_out[5] (net)
                      0.184880    0.000000    0.457543 ^ adc_out[5] (out)
                                              0.457543   data arrival time

                      0.150000   50.000000   50.000000   clock clk (rise edge)
                                  0.000000   50.000000   clock network delay (ideal)
                                 -0.250000   49.749996   clock uncertainty
                                  0.000000   49.749996   clock reconvergence pessimism
                                -10.000000   39.749996   output external delay
                                             39.749996   data required time
---------------------------------------------------------------------------------------------
                                             39.749996   data required time
                                             -0.457543   data arrival time
---------------------------------------------------------------------------------------------
                                             39.292454   slack (MET)


Startpoint: _120_ (rising edge-triggered flip-flop clocked by clk)
Endpoint: adc_out[6] (output port clocked by clk)
Path Group: clk
Path Type: max

Fanout         Cap        Slew       Delay        Time   Description
---------------------------------------------------------------------------------------------
                      0.150000    0.000000    0.000000   clock clk (rise edge)
                                  0.000000    0.000000   clock network delay (ideal)
                      0.150000    0.000000    0.000000 ^ _120_/CLK (sky130_fd_sc_hd__dfxtp_2)
     2    0.035406    0.184880    0.457543    0.457543 ^ _120_/Q (sky130_fd_sc_hd__dfxtp_2)
                                                         adc_out[6] (net)
                      0.184880    0.000000    0.457543 ^ adc_out[6] (out)
                                              0.457543   data arrival time

                      0.150000   50.000000   50.000000   clock clk (rise edge)
                                  0.000000   50.000000   clock network delay (ideal)
                                 -0.250000   49.749996   clock uncertainty
                                  0.000000   49.749996   clock reconvergence pessimism
                                -10.000000   39.749996   output external delay
                                             39.749996   data required time
---------------------------------------------------------------------------------------------
                                             39.749996   data required time
                                             -0.457543   data arrival time
---------------------------------------------------------------------------------------------
                                             39.292454   slack (MET)


Startpoint: _121_ (rising edge-triggered flip-flop clocked by clk)
Endpoint: adc_out[7] (output port clocked by clk)
Path Group: clk
Path Type: max

Fanout         Cap        Slew       Delay        Time   Description
---------------------------------------------------------------------------------------------
                      0.150000    0.000000    0.000000   clock clk (rise edge)
                                  0.000000    0.000000   clock network delay (ideal)
                      0.150000    0.000000    0.000000 ^ _121_/CLK (sky130_fd_sc_hd__dfxtp_2)
     2    0.035406    0.184880    0.457543    0.457543 ^ _121_/Q (sky130_fd_sc_hd__dfxtp_2)
                                                         adc_out[7] (net)
                      0.184880    0.000000    0.457543 ^ adc_out[7] (out)
                                              0.457543   data arrival time

                      0.150000   50.000000   50.000000   clock clk (rise edge)
                                  0.000000   50.000000   clock network delay (ideal)
                                 -0.250000   49.749996   clock uncertainty
                                  0.000000   49.749996   clock reconvergence pessimism
                                -10.000000   39.749996   output external delay
                                             39.749996   data required time
---------------------------------------------------------------------------------------------
                                             39.749996   data required time
                                             -0.457543   data arrival time
---------------------------------------------------------------------------------------------
                                             39.292454   slack (MET)


Startpoint: rst_n (input port clocked by clk)
Endpoint: _107_ (rising edge-triggered flip-flop clocked by clk)
Path Group: clk
Path Type: max

Fanout         Cap        Slew       Delay        Time   Description
---------------------------------------------------------------------------------------------
                      0.150000    0.000000    0.000000   clock clk (rise edge)
                                  0.000000    0.000000   clock network delay (ideal)
                                 10.000000   10.000000 ^ input external delay
     5    0.017724    0.087271    0.058380   10.058380 ^ rst_n (in)
                                                         rst_n (net)
                      0.087271    0.000000   10.058380 ^ _062_/A (sky130_fd_sc_hd__nand2_2)
     8    0.032969    0.136098    0.136168   10.194549 v _062_/Y (sky130_fd_sc_hd__nand2_2)
                                                         _030_ (net)
                      0.136098    0.000000   10.194549 v _071_/B1 (sky130_fd_sc_hd__a21oi_2)
     1    0.001674    0.074003    0.118987   10.313536 ^ _071_/Y (sky130_fd_sc_hd__a21oi_2)
                                                         _003_ (net)
                      0.074003    0.000000   10.313536 ^ _107_/D (sky130_fd_sc_hd__dfxtp_2)
                                             10.313536   data arrival time

                      0.150000   50.000000   50.000000   clock clk (rise edge)
                                  0.000000   50.000000   clock network delay (ideal)
                                 -0.250000   49.749996   clock uncertainty
                                  0.000000   49.749996   clock reconvergence pessimism
                                             49.749996 ^ _107_/CLK (sky130_fd_sc_hd__dfxtp_2)
                                 -0.049989   49.700008   library setup time
                                             49.700008   data required time
---------------------------------------------------------------------------------------------
                                             49.700008   data required time
                                            -10.313536   data arrival time
---------------------------------------------------------------------------------------------
                                             39.386471   slack (MET)


Startpoint: rst_n (input port clocked by clk)
Endpoint: _104_ (rising edge-triggered flip-flop clocked by clk)
Path Group: clk
Path Type: max

Fanout         Cap        Slew       Delay        Time   Description
---------------------------------------------------------------------------------------------
                      0.150000    0.000000    0.000000   clock clk (rise edge)
                                  0.000000    0.000000   clock network delay (ideal)
                                 10.000000   10.000000 ^ input external delay
     5    0.017724    0.087271    0.058380   10.058380 ^ rst_n (in)
                                                         rst_n (net)
                      0.087271    0.000000   10.058380 ^ _062_/A (sky130_fd_sc_hd__nand2_2)
     8    0.032969    0.136098    0.136168   10.194549 v _062_/Y (sky130_fd_sc_hd__nand2_2)
                                                         _030_ (net)
                      0.136098    0.000000   10.194549 v _063_/B (sky130_fd_sc_hd__nor2_2)
     1    0.001674    0.063003    0.094699   10.289248 ^ _063_/Y (sky130_fd_sc_hd__nor2_2)
                                                         _000_ (net)
                      0.063003    0.000000   10.289248 ^ _104_/D (sky130_fd_sc_hd__dfxtp_2)
                                             10.289248   data arrival time

                      0.150000   50.000000   50.000000   clock clk (rise edge)
                                  0.000000   50.000000   clock network delay (ideal)
                                 -0.250000   49.749996   clock uncertainty
                                  0.000000   49.749996   clock reconvergence pessimism
                                             49.749996 ^ _104_/CLK (sky130_fd_sc_hd__dfxtp_2)
                                 -0.047467   49.702530   library setup time
                                             49.702530   data required time
---------------------------------------------------------------------------------------------
                                             49.702530   data required time
                                            -10.289248   data arrival time
---------------------------------------------------------------------------------------------
                                             39.413280   slack (MET)


Startpoint: rst_n (input port clocked by clk)
Endpoint: _106_ (rising edge-triggered flip-flop clocked by clk)
Path Group: clk
Path Type: max

Fanout         Cap        Slew       Delay        Time   Description
---------------------------------------------------------------------------------------------
                      0.150000    0.000000    0.000000   clock clk (rise edge)
                                  0.000000    0.000000   clock network delay (ideal)
                                 10.000000   10.000000 ^ input external delay
     5    0.017724    0.087271    0.058380   10.058380 ^ rst_n (in)
                                                         rst_n (net)
                      0.087271    0.000000   10.058380 ^ _068_/A (sky130_fd_sc_hd__and4_2)
     1    0.001674    0.044373    0.190246   10.248627 ^ _068_/X (sky130_fd_sc_hd__and4_2)
                                                         _002_ (net)
                      0.044373    0.000000   10.248627 ^ _106_/D (sky130_fd_sc_hd__dfxtp_2)
                                             10.248627   data arrival time

                      0.150000   50.000000   50.000000   clock clk (rise edge)
                                  0.000000   50.000000   clock network delay (ideal)
                                 -0.250000   49.749996   clock uncertainty
                                  0.000000   49.749996   clock reconvergence pessimism
                                             49.749996 ^ _106_/CLK (sky130_fd_sc_hd__dfxtp_2)
                                 -0.043194   49.706802   library setup time
                                             49.706802   data required time
---------------------------------------------------------------------------------------------
                                             49.706802   data required time
                                            -10.248627   data arrival time
---------------------------------------------------------------------------------------------
                                             39.458176   slack (MET)


Startpoint: rst_n (input port clocked by clk)
Endpoint: _105_ (rising edge-triggered flip-flop clocked by clk)
Path Group: clk
Path Type: max

Fanout         Cap        Slew       Delay        Time   Description
---------------------------------------------------------------------------------------------
                      0.150000    0.000000    0.000000   clock clk (rise edge)
                                  0.000000    0.000000   clock network delay (ideal)
                                 10.000000   10.000000 ^ input external delay
     5    0.017724    0.087271    0.058380   10.058380 ^ rst_n (in)
                                                         rst_n (net)
                      0.087271    0.000000   10.058380 ^ _064_/B1 (sky130_fd_sc_hd__o21ai_2)
     1    0.004119    0.046062    0.059664   10.118045 v _064_/Y (sky130_fd_sc_hd__o21ai_2)
                                                         _031_ (net)
                      0.046062    0.000000   10.118045 v _065_/B1 (sky130_fd_sc_hd__a21oi_2)
     1    0.001674    0.069100    0.082849   10.200893 ^ _065_/Y (sky130_fd_sc_hd__a21oi_2)
                                                         _001_ (net)
                      0.069100    0.000000   10.200893 ^ _105_/D (sky130_fd_sc_hd__dfxtp_2)
                                             10.200893   data arrival time

                      0.150000   50.000000   50.000000   clock clk (rise edge)
                                  0.000000   50.000000   clock network delay (ideal)
                                 -0.250000   49.749996   clock uncertainty
                                  0.000000   49.749996   clock reconvergence pessimism
                                             49.749996 ^ _105_/CLK (sky130_fd_sc_hd__dfxtp_2)
                                 -0.048865   49.701134   library setup time
                                             49.701134   data required time
---------------------------------------------------------------------------------------------
                                             49.701134   data required time
                                            -10.200893   data arrival time
---------------------------------------------------------------------------------------------
                                             39.500240   slack (MET)



