Reading OpenROAD database at '/home/dt/Documents/madvlsi/final/schematics/controller/librelane/runs/RUN_2025-11-16_00-46-24/20-openroad-generatepdn/controller.odb'…
Reading library file at '/usr/local/share/pdk/ciel/sky130/versions/0fe599b2afb6708d281543108caf8310912f54af/sky130A/libs.ref/sky130_fd_sc_hd/lib/sky130_fd_sc_hd__tt_025C_1v80.lib'…
Reading design constraints file at '/nix/store/pqxyc4xmydcs5adig47yyc29r3svp5nx-python3-3.11.9-env/lib/python3.11/site-packages/librelane/scripts/base.sdc'…
[INFO] Using clock clk…
[INFO] Setting output delay to: 10
[INFO] Setting input delay to: 10
[INFO] Setting load to: 0.033442
[INFO] Setting clock uncertainty to: 0.25
[INFO] Setting clock transition to: 0.1499999999999999944488848768742172978818416595458984375
[INFO] Setting timing derate to: 5%
+ global_placement -density 0.364261 -skip_io -pad_right 0 -pad_left 0 -init_wirelength_coef 0.25
[INFO GPL-0002] DBU: 1000
[INFO GPL-0003] SiteSize: (  0.460  2.720 ) um
[INFO GPL-0004] CoreBBox: (  5.520 10.880 ) ( 139.380 38.080 ) um
[INFO GPL-0006] NumInstances:               152
[INFO GPL-0007] NumPlaceInstances:           72
[INFO GPL-0008] NumFixedInstances:           80
[INFO GPL-0009] NumDummyInstances:            0
[INFO GPL-0010] NumNets:                     75
[INFO GPL-0011] NumPins:                    257
[INFO GPL-0012] DieBBox:  (  0.000  0.000 ) ( 145.000 50.000 ) um
[INFO GPL-0013] CoreBBox: (  5.520 10.880 ) ( 139.380 38.080 ) um
[INFO GPL-0016] CoreArea:              3640.992 um^2
[INFO GPL-0017] NonPlaceInstsArea:      150.144 um^2
[INFO GPL-0018] PlaceInstsArea:         887.101 um^2
[INFO GPL-0019] Util:                    25.412 %
[INFO GPL-0020] StdInstsArea:           887.101 um^2
[INFO GPL-0021] MacroInstsArea:           0.000 um^2
[INFO GPL-0031] FillerInit:NumGCells:       103
[INFO GPL-0032] FillerInit:NumGNets:         75
[INFO GPL-0033] FillerInit:NumGPins:        257
[INFO GPL-0023] TargetDensity:            0.364
[INFO GPL-0024] AvrgPlaceInstArea:       12.321 um^2
[INFO GPL-0025] IdealBinArea:            33.824 um^2
[INFO GPL-0026] IdealBinCnt:                107
[INFO GPL-0027] TotalBinArea:          3640.992 um^2
[INFO GPL-0028] BinCnt:        16      4
[INFO GPL-0029] BinSize: (  8.367  6.800 )
[INFO GPL-0030] NumBins: 64
[NesterovSolve] Iter:    1 overflow: 0.908 HPWL: 165611
[NesterovSolve] Iter:   10 overflow: 0.908 HPWL: 145003
[NesterovSolve] Iter:   20 overflow: 0.908 HPWL: 145005
[NesterovSolve] Iter:   30 overflow: 0.908 HPWL: 145029
[NesterovSolve] Iter:   40 overflow: 0.908 HPWL: 144985
[NesterovSolve] Iter:   50 overflow: 0.908 HPWL: 144991
[NesterovSolve] Iter:   60 overflow: 0.908 HPWL: 145054
[NesterovSolve] Iter:   70 overflow: 0.908 HPWL: 145301
[NesterovSolve] Iter:   80 overflow: 0.908 HPWL: 146316
[NesterovSolve] Iter:   90 overflow: 0.907 HPWL: 148863
[NesterovSolve] Iter:  100 overflow: 0.907 HPWL: 153291
[NesterovSolve] Iter:  110 overflow: 0.906 HPWL: 158850
[NesterovSolve] Iter:  120 overflow: 0.901 HPWL: 162304
[NesterovSolve] Iter:  130 overflow: 0.872 HPWL: 155732
[NesterovSolve] Iter:  140 overflow: 0.862 HPWL: 150002
[NesterovSolve] Iter:  150 overflow: 0.862 HPWL: 156527
[NesterovSolve] Iter:  160 overflow: 0.862 HPWL: 161655
[NesterovSolve] Iter:  170 overflow: 0.861 HPWL: 198012
[NesterovSolve] Iter:  180 overflow: 0.818 HPWL: 242871
[NesterovSolve] Iter:  190 overflow: 0.771 HPWL: 275575
[NesterovSolve] Iter:  200 overflow: 0.745 HPWL: 373458
[NesterovSolve] Iter:  210 overflow: 0.691 HPWL: 434611
[NesterovSolve] Iter:  220 overflow: 0.619 HPWL: 467893
[NesterovSolve] Iter:  230 overflow: 0.565 HPWL: 521656
[NesterovSolve] Iter:  240 overflow: 0.512 HPWL: 572786
[NesterovSolve] Iter:  250 overflow: 0.456 HPWL: 648621
[NesterovSolve] Iter:  260 overflow: 0.391 HPWL: 716495
[NesterovSolve] Iter:  270 overflow: 0.347 HPWL: 777438
[NesterovSolve] Iter:  280 overflow: 0.307 HPWL: 822492
[NesterovSolve] Iter:  290 overflow: 0.262 HPWL: 846703
[NesterovSolve] Iter:  300 overflow: 0.221 HPWL: 856304
[NesterovSolve] Iter:  310 overflow: 0.172 HPWL: 877523
[NesterovSolve] Iter:  320 overflow: 0.135 HPWL: 893301
[NesterovSolve] Iter:  330 overflow: 0.104 HPWL: 906563
[NesterovSolve] Finished with Overflow: 0.096441
[INFO] Setting RC values…
Setting global connections for newly added cells…
[INFO] Setting global connections...
Updating metrics…
Cell type report:                       Count       Area
  Fill cell                                20      75.07
  Tap cell                                 60      75.07
  Inverter                                  8      30.03
  Sequential cell                          20     425.41
  Multi-Input combinational cell           44     431.66
  Total                                   152    1037.24
Writing OpenROAD database to '/home/dt/Documents/madvlsi/final/schematics/controller/librelane/runs/RUN_2025-11-16_00-46-24/23-openroad-globalplacementskipio/controller.odb'…
Writing netlist to '/home/dt/Documents/madvlsi/final/schematics/controller/librelane/runs/RUN_2025-11-16_00-46-24/23-openroad-globalplacementskipio/controller.nl.v'…
Writing powered netlist to '/home/dt/Documents/madvlsi/final/schematics/controller/librelane/runs/RUN_2025-11-16_00-46-24/23-openroad-globalplacementskipio/controller.pnl.v'…
Writing layout to '/home/dt/Documents/madvlsi/final/schematics/controller/librelane/runs/RUN_2025-11-16_00-46-24/23-openroad-globalplacementskipio/controller.def'…
Writing timing constraints to '/home/dt/Documents/madvlsi/final/schematics/controller/librelane/runs/RUN_2025-11-16_00-46-24/23-openroad-globalplacementskipio/controller.sdc'…
