
===========================================================================
report_checks -path_delay max (Setup)
============================================================================
======================= nom_ff_n40C_1v95 Corner ===================================

Startpoint: rst_n (input port clocked by clk)
Endpoint: _114_ (rising edge-triggered flip-flop clocked by clk)
Path Group: clk
Path Type: max

Fanout         Cap        Slew       Delay        Time   Description
---------------------------------------------------------------------------------------------
                      0.150000    0.000000    0.000000   clock clk (rise edge)
                                  0.000000    0.000000   clock network delay (ideal)
                                 10.000000   10.000000 ^ input external delay
     5    0.018042    0.066568    0.044176   10.044176 ^ rst_n (in)
                                                         rst_n (net)
                      0.066568    0.000000   10.044176 ^ _053_/A (sky130_fd_sc_hd__inv_2)
     2    0.003618    0.018690    0.017017   10.061193 v _053_/Y (sky130_fd_sc_hd__inv_2)
                                                         _021_ (net)
                      0.018690    0.000000   10.061193 v _091_/A (sky130_fd_sc_hd__or2_2)
     8    0.027520    0.081818    0.221590   10.282784 v _091_/X (sky130_fd_sc_hd__or2_2)
                                                         _049_ (net)
                      0.081818    0.000000   10.282784 v _092_/S (sky130_fd_sc_hd__mux2_1)
     1    0.001783    0.034791    0.187831   10.470614 v _092_/X (sky130_fd_sc_hd__mux2_1)
                                                         _010_ (net)
                      0.034791    0.000000   10.470614 v _114_/D (sky130_fd_sc_hd__dfxtp_2)
                                             10.470614   data arrival time

                      0.150000   50.000000   50.000000   clock clk (rise edge)
                                  0.000000   50.000000   clock network delay (ideal)
                                 -0.250000   49.749996   clock uncertainty
                                  0.000000   49.749996   clock reconvergence pessimism
                                             49.749996 ^ _114_/CLK (sky130_fd_sc_hd__dfxtp_2)
                                 -0.060860   49.689137   library setup time
                                             49.689137   data required time
---------------------------------------------------------------------------------------------
                                             49.689137   data required time
                                            -10.470614   data arrival time
---------------------------------------------------------------------------------------------
                                             39.218521   slack (MET)


Startpoint: rst_n (input port clocked by clk)
Endpoint: _115_ (rising edge-triggered flip-flop clocked by clk)
Path Group: clk
Path Type: max

Fanout         Cap        Slew       Delay        Time   Description
---------------------------------------------------------------------------------------------
                      0.150000    0.000000    0.000000   clock clk (rise edge)
                                  0.000000    0.000000   clock network delay (ideal)
                                 10.000000   10.000000 ^ input external delay
     5    0.018042    0.066568    0.044176   10.044176 ^ rst_n (in)
                                                         rst_n (net)
                      0.066568    0.000000   10.044176 ^ _053_/A (sky130_fd_sc_hd__inv_2)
     2    0.003618    0.018690    0.017017   10.061193 v _053_/Y (sky130_fd_sc_hd__inv_2)
                                                         _021_ (net)
                      0.018690    0.000000   10.061193 v _091_/A (sky130_fd_sc_hd__or2_2)
     8    0.027520    0.081818    0.221590   10.282784 v _091_/X (sky130_fd_sc_hd__or2_2)
                                                         _049_ (net)
                      0.081818    0.000000   10.282784 v _093_/S (sky130_fd_sc_hd__mux2_1)
     1    0.001783    0.034791    0.187831   10.470614 v _093_/X (sky130_fd_sc_hd__mux2_1)
                                                         _011_ (net)
                      0.034791    0.000000   10.470614 v _115_/D (sky130_fd_sc_hd__dfxtp_2)
                                             10.470614   data arrival time

                      0.150000   50.000000   50.000000   clock clk (rise edge)
                                  0.000000   50.000000   clock network delay (ideal)
                                 -0.250000   49.749996   clock uncertainty
                                  0.000000   49.749996   clock reconvergence pessimism
                                             49.749996 ^ _115_/CLK (sky130_fd_sc_hd__dfxtp_2)
                                 -0.060860   49.689137   library setup time
                                             49.689137   data required time
---------------------------------------------------------------------------------------------
                                             49.689137   data required time
                                            -10.470614   data arrival time
---------------------------------------------------------------------------------------------
                                             39.218521   slack (MET)


Startpoint: rst_n (input port clocked by clk)
Endpoint: _116_ (rising edge-triggered flip-flop clocked by clk)
Path Group: clk
Path Type: max

Fanout         Cap        Slew       Delay        Time   Description
---------------------------------------------------------------------------------------------
                      0.150000    0.000000    0.000000   clock clk (rise edge)
                                  0.000000    0.000000   clock network delay (ideal)
                                 10.000000   10.000000 ^ input external delay
     5    0.018042    0.066568    0.044176   10.044176 ^ rst_n (in)
                                                         rst_n (net)
                      0.066568    0.000000   10.044176 ^ _053_/A (sky130_fd_sc_hd__inv_2)
     2    0.003618    0.018690    0.017017   10.061193 v _053_/Y (sky130_fd_sc_hd__inv_2)
                                                         _021_ (net)
                      0.018690    0.000000   10.061193 v _091_/A (sky130_fd_sc_hd__or2_2)
     8    0.027520    0.081818    0.221590   10.282784 v _091_/X (sky130_fd_sc_hd__or2_2)
                                                         _049_ (net)
                      0.081818    0.000000   10.282784 v _094_/S (sky130_fd_sc_hd__mux2_1)
     1    0.001783    0.034791    0.187831   10.470614 v _094_/X (sky130_fd_sc_hd__mux2_1)
                                                         _012_ (net)
                      0.034791    0.000000   10.470614 v _116_/D (sky130_fd_sc_hd__dfxtp_2)
                                             10.470614   data arrival time

                      0.150000   50.000000   50.000000   clock clk (rise edge)
                                  0.000000   50.000000   clock network delay (ideal)
                                 -0.250000   49.749996   clock uncertainty
                                  0.000000   49.749996   clock reconvergence pessimism
                                             49.749996 ^ _116_/CLK (sky130_fd_sc_hd__dfxtp_2)
                                 -0.060860   49.689137   library setup time
                                             49.689137   data required time
---------------------------------------------------------------------------------------------
                                             49.689137   data required time
                                            -10.470614   data arrival time
---------------------------------------------------------------------------------------------
                                             39.218521   slack (MET)


Startpoint: rst_n (input port clocked by clk)
Endpoint: _117_ (rising edge-triggered flip-flop clocked by clk)
Path Group: clk
Path Type: max

Fanout         Cap        Slew       Delay        Time   Description
---------------------------------------------------------------------------------------------
                      0.150000    0.000000    0.000000   clock clk (rise edge)
                                  0.000000    0.000000   clock network delay (ideal)
                                 10.000000   10.000000 ^ input external delay
     5    0.018042    0.066568    0.044176   10.044176 ^ rst_n (in)
                                                         rst_n (net)
                      0.066568    0.000000   10.044176 ^ _053_/A (sky130_fd_sc_hd__inv_2)
     2    0.003618    0.018690    0.017017   10.061193 v _053_/Y (sky130_fd_sc_hd__inv_2)
                                                         _021_ (net)
                      0.018690    0.000000   10.061193 v _091_/A (sky130_fd_sc_hd__or2_2)
     8    0.027520    0.081818    0.221590   10.282784 v _091_/X (sky130_fd_sc_hd__or2_2)
                                                         _049_ (net)
                      0.081818    0.000000   10.282784 v _095_/S (sky130_fd_sc_hd__mux2_1)
     1    0.001783    0.034791    0.187831   10.470614 v _095_/X (sky130_fd_sc_hd__mux2_1)
                                                         _013_ (net)
                      0.034791    0.000000   10.470614 v _117_/D (sky130_fd_sc_hd__dfxtp_2)
                                             10.470614   data arrival time

                      0.150000   50.000000   50.000000   clock clk (rise edge)
                                  0.000000   50.000000   clock network delay (ideal)
                                 -0.250000   49.749996   clock uncertainty
                                  0.000000   49.749996   clock reconvergence pessimism
                                             49.749996 ^ _117_/CLK (sky130_fd_sc_hd__dfxtp_2)
                                 -0.060860   49.689137   library setup time
                                             49.689137   data required time
---------------------------------------------------------------------------------------------
                                             49.689137   data required time
                                            -10.470614   data arrival time
---------------------------------------------------------------------------------------------
                                             39.218521   slack (MET)


Startpoint: rst_n (input port clocked by clk)
Endpoint: _118_ (rising edge-triggered flip-flop clocked by clk)
Path Group: clk
Path Type: max

Fanout         Cap        Slew       Delay        Time   Description
---------------------------------------------------------------------------------------------
                      0.150000    0.000000    0.000000   clock clk (rise edge)
                                  0.000000    0.000000   clock network delay (ideal)
                                 10.000000   10.000000 ^ input external delay
     5    0.018042    0.066568    0.044176   10.044176 ^ rst_n (in)
                                                         rst_n (net)
                      0.066568    0.000000   10.044176 ^ _053_/A (sky130_fd_sc_hd__inv_2)
     2    0.003618    0.018690    0.017017   10.061193 v _053_/Y (sky130_fd_sc_hd__inv_2)
                                                         _021_ (net)
                      0.018690    0.000000   10.061193 v _091_/A (sky130_fd_sc_hd__or2_2)
     8    0.027520    0.081818    0.221590   10.282784 v _091_/X (sky130_fd_sc_hd__or2_2)
                                                         _049_ (net)
                      0.081818    0.000000   10.282784 v _096_/S (sky130_fd_sc_hd__mux2_1)
     1    0.001783    0.034791    0.187831   10.470614 v _096_/X (sky130_fd_sc_hd__mux2_1)
                                                         _014_ (net)
                      0.034791    0.000000   10.470614 v _118_/D (sky130_fd_sc_hd__dfxtp_2)
                                             10.470614   data arrival time

                      0.150000   50.000000   50.000000   clock clk (rise edge)
                                  0.000000   50.000000   clock network delay (ideal)
                                 -0.250000   49.749996   clock uncertainty
                                  0.000000   49.749996   clock reconvergence pessimism
                                             49.749996 ^ _118_/CLK (sky130_fd_sc_hd__dfxtp_2)
                                 -0.060860   49.689137   library setup time
                                             49.689137   data required time
---------------------------------------------------------------------------------------------
                                             49.689137   data required time
                                            -10.470614   data arrival time
---------------------------------------------------------------------------------------------
                                             39.218521   slack (MET)


Startpoint: rst_n (input port clocked by clk)
Endpoint: _119_ (rising edge-triggered flip-flop clocked by clk)
Path Group: clk
Path Type: max

Fanout         Cap        Slew       Delay        Time   Description
---------------------------------------------------------------------------------------------
                      0.150000    0.000000    0.000000   clock clk (rise edge)
                                  0.000000    0.000000   clock network delay (ideal)
                                 10.000000   10.000000 ^ input external delay
     5    0.018042    0.066568    0.044176   10.044176 ^ rst_n (in)
                                                         rst_n (net)
                      0.066568    0.000000   10.044176 ^ _053_/A (sky130_fd_sc_hd__inv_2)
     2    0.003618    0.018690    0.017017   10.061193 v _053_/Y (sky130_fd_sc_hd__inv_2)
                                                         _021_ (net)
                      0.018690    0.000000   10.061193 v _091_/A (sky130_fd_sc_hd__or2_2)
     8    0.027520    0.081818    0.221590   10.282784 v _091_/X (sky130_fd_sc_hd__or2_2)
                                                         _049_ (net)
                      0.081818    0.000000   10.282784 v _097_/S (sky130_fd_sc_hd__mux2_1)
     1    0.001783    0.034791    0.187831   10.470614 v _097_/X (sky130_fd_sc_hd__mux2_1)
                                                         _015_ (net)
                      0.034791    0.000000   10.470614 v _119_/D (sky130_fd_sc_hd__dfxtp_2)
                                             10.470614   data arrival time

                      0.150000   50.000000   50.000000   clock clk (rise edge)
                                  0.000000   50.000000   clock network delay (ideal)
                                 -0.250000   49.749996   clock uncertainty
                                  0.000000   49.749996   clock reconvergence pessimism
                                             49.749996 ^ _119_/CLK (sky130_fd_sc_hd__dfxtp_2)
                                 -0.060860   49.689137   library setup time
                                             49.689137   data required time
---------------------------------------------------------------------------------------------
                                             49.689137   data required time
                                            -10.470614   data arrival time
---------------------------------------------------------------------------------------------
                                             39.218521   slack (MET)


Startpoint: rst_n (input port clocked by clk)
Endpoint: _120_ (rising edge-triggered flip-flop clocked by clk)
Path Group: clk
Path Type: max

Fanout         Cap        Slew       Delay        Time   Description
---------------------------------------------------------------------------------------------
                      0.150000    0.000000    0.000000   clock clk (rise edge)
                                  0.000000    0.000000   clock network delay (ideal)
                                 10.000000   10.000000 ^ input external delay
     5    0.018042    0.066568    0.044176   10.044176 ^ rst_n (in)
                                                         rst_n (net)
                      0.066568    0.000000   10.044176 ^ _053_/A (sky130_fd_sc_hd__inv_2)
     2    0.003618    0.018690    0.017017   10.061193 v _053_/Y (sky130_fd_sc_hd__inv_2)
                                                         _021_ (net)
                      0.018690    0.000000   10.061193 v _091_/A (sky130_fd_sc_hd__or2_2)
     8    0.027520    0.081818    0.221590   10.282784 v _091_/X (sky130_fd_sc_hd__or2_2)
                                                         _049_ (net)
                      0.081818    0.000000   10.282784 v _098_/S (sky130_fd_sc_hd__mux2_1)
     1    0.001783    0.034791    0.187831   10.470614 v _098_/X (sky130_fd_sc_hd__mux2_1)
                                                         _016_ (net)
                      0.034791    0.000000   10.470614 v _120_/D (sky130_fd_sc_hd__dfxtp_2)
                                             10.470614   data arrival time

                      0.150000   50.000000   50.000000   clock clk (rise edge)
                                  0.000000   50.000000   clock network delay (ideal)
                                 -0.250000   49.749996   clock uncertainty
                                  0.000000   49.749996   clock reconvergence pessimism
                                             49.749996 ^ _120_/CLK (sky130_fd_sc_hd__dfxtp_2)
                                 -0.060860   49.689137   library setup time
                                             49.689137   data required time
---------------------------------------------------------------------------------------------
                                             49.689137   data required time
                                            -10.470614   data arrival time
---------------------------------------------------------------------------------------------
                                             39.218521   slack (MET)


Startpoint: rst_n (input port clocked by clk)
Endpoint: _121_ (rising edge-triggered flip-flop clocked by clk)
Path Group: clk
Path Type: max

Fanout         Cap        Slew       Delay        Time   Description
---------------------------------------------------------------------------------------------
                      0.150000    0.000000    0.000000   clock clk (rise edge)
                                  0.000000    0.000000   clock network delay (ideal)
                                 10.000000   10.000000 ^ input external delay
     5    0.018042    0.066568    0.044176   10.044176 ^ rst_n (in)
                                                         rst_n (net)
                      0.066568    0.000000   10.044176 ^ _053_/A (sky130_fd_sc_hd__inv_2)
     2    0.003618    0.018690    0.017017   10.061193 v _053_/Y (sky130_fd_sc_hd__inv_2)
                                                         _021_ (net)
                      0.018690    0.000000   10.061193 v _091_/A (sky130_fd_sc_hd__or2_2)
     8    0.027520    0.081818    0.221590   10.282784 v _091_/X (sky130_fd_sc_hd__or2_2)
                                                         _049_ (net)
                      0.081818    0.000000   10.282784 v _099_/S (sky130_fd_sc_hd__mux2_1)
     1    0.001783    0.034791    0.187831   10.470614 v _099_/X (sky130_fd_sc_hd__mux2_1)
                                                         _017_ (net)
                      0.034791    0.000000   10.470614 v _121_/D (sky130_fd_sc_hd__dfxtp_2)
                                             10.470614   data arrival time

                      0.150000   50.000000   50.000000   clock clk (rise edge)
                                  0.000000   50.000000   clock network delay (ideal)
                                 -0.250000   49.749996   clock uncertainty
                                  0.000000   49.749996   clock reconvergence pessimism
                                             49.749996 ^ _121_/CLK (sky130_fd_sc_hd__dfxtp_2)
                                 -0.060860   49.689137   library setup time
                                             49.689137   data required time
---------------------------------------------------------------------------------------------
                                             49.689137   data required time
                                            -10.470614   data arrival time
---------------------------------------------------------------------------------------------
                                             39.218521   slack (MET)


Startpoint: comp (input port clocked by clk)
Endpoint: _122_ (rising edge-triggered flip-flop clocked by clk)
Path Group: clk
Path Type: max

Fanout         Cap        Slew       Delay        Time   Description
---------------------------------------------------------------------------------------------
                      0.150000    0.000000    0.000000   clock clk (rise edge)
                                  0.000000    0.000000   clock network delay (ideal)
                                 10.000000   10.000000 ^ input external delay
     7    0.015647    0.058588    0.038613   10.038613 ^ comp (in)
                                                         comp (net)
                      0.058588    0.000000   10.038613 ^ _054_/A (sky130_fd_sc_hd__inv_2)
     2    0.003785    0.017802    0.017589   10.056202 v _054_/Y (sky130_fd_sc_hd__inv_2)
                                                         _022_ (net)
                      0.017802    0.000000   10.056202 v _100_/A0 (sky130_fd_sc_hd__mux2_1)
     1    0.002266    0.036817    0.133826   10.190028 v _100_/X (sky130_fd_sc_hd__mux2_1)
                                                         _050_ (net)
                      0.036817    0.000000   10.190028 v _101_/A2 (sky130_fd_sc_hd__o21a_2)
     1    0.001783    0.022608    0.112933   10.302960 v _101_/X (sky130_fd_sc_hd__o21a_2)
                                                         _018_ (net)
                      0.022608    0.000000   10.302960 v _122_/D (sky130_fd_sc_hd__dfxtp_2)
                                             10.302960   data arrival time

                      0.150000   50.000000   50.000000   clock clk (rise edge)
                                  0.000000   50.000000   clock network delay (ideal)
                                 -0.250000   49.749996   clock uncertainty
                                  0.000000   49.749996   clock reconvergence pessimism
                                             49.749996 ^ _122_/CLK (sky130_fd_sc_hd__dfxtp_2)
                                 -0.056531   49.693466   library setup time
                                             49.693466   data required time
---------------------------------------------------------------------------------------------
                                             49.693466   data required time
                                            -10.302960   data arrival time
---------------------------------------------------------------------------------------------
                                             39.390507   slack (MET)


Startpoint: comp (input port clocked by clk)
Endpoint: _123_ (rising edge-triggered flip-flop clocked by clk)
Path Group: clk
Path Type: max

Fanout         Cap        Slew       Delay        Time   Description
---------------------------------------------------------------------------------------------
                      0.150000    0.000000    0.000000   clock clk (rise edge)
                                  0.000000    0.000000   clock network delay (ideal)
                                 10.000000   10.000000 ^ input external delay
     7    0.015647    0.058588    0.038613   10.038613 ^ comp (in)
                                                         comp (net)
                      0.058588    0.000000   10.038613 ^ _054_/A (sky130_fd_sc_hd__inv_2)
     2    0.003785    0.017802    0.017589   10.056202 v _054_/Y (sky130_fd_sc_hd__inv_2)
                                                         _022_ (net)
                      0.017802    0.000000   10.056202 v _103_/A2 (sky130_fd_sc_hd__a311o_2)
     1    0.001783    0.035374    0.206630   10.262832 v _103_/X (sky130_fd_sc_hd__a311o_2)
                                                         _019_ (net)
                      0.035374    0.000000   10.262832 v _123_/D (sky130_fd_sc_hd__dfxtp_2)
                                             10.262832   data arrival time

                      0.150000   50.000000   50.000000   clock clk (rise edge)
                                  0.000000   50.000000   clock network delay (ideal)
                                 -0.250000   49.749996   clock uncertainty
                                  0.000000   49.749996   clock reconvergence pessimism
                                             49.749996 ^ _123_/CLK (sky130_fd_sc_hd__dfxtp_2)
                                 -0.061068   49.688931   library setup time
                                             49.688931   data required time
---------------------------------------------------------------------------------------------
                                             49.688931   data required time
                                            -10.262832   data arrival time
---------------------------------------------------------------------------------------------
                                             39.426098   slack (MET)


Startpoint: comp (input port clocked by clk)
Endpoint: _108_ (rising edge-triggered flip-flop clocked by clk)
Path Group: clk
Path Type: max

Fanout         Cap        Slew       Delay        Time   Description
---------------------------------------------------------------------------------------------
                      0.150000    0.000000    0.000000   clock clk (rise edge)
                                  0.000000    0.000000   clock network delay (ideal)
                                 10.000000   10.000000 v input external delay
     7    0.014375    0.023590    0.014751   10.014751 v comp (in)
                                                         comp (net)
                      0.023590    0.000000   10.014751 v _074_/A2 (sky130_fd_sc_hd__o31a_2)
     1    0.004613    0.041279    0.192522   10.207273 v _074_/X (sky130_fd_sc_hd__o31a_2)
                                                         _038_ (net)
                      0.041279    0.000000   10.207273 v _075_/A2 (sky130_fd_sc_hd__a21oi_2)
     1    0.001748    0.051020    0.080385   10.287659 ^ _075_/Y (sky130_fd_sc_hd__a21oi_2)
                                                         _004_ (net)
                      0.051020    0.000000   10.287659 ^ _108_/D (sky130_fd_sc_hd__dfxtp_2)
                                             10.287659   data arrival time

                      0.150000   50.000000   50.000000   clock clk (rise edge)
                                  0.000000   50.000000   clock network delay (ideal)
                                 -0.250000   49.749996   clock uncertainty
                                  0.000000   49.749996   clock reconvergence pessimism
                                             49.749996 ^ _108_/CLK (sky130_fd_sc_hd__dfxtp_2)
                                 -0.029463   49.720535   library setup time
                                             49.720535   data required time
---------------------------------------------------------------------------------------------
                                             49.720535   data required time
                                            -10.287659   data arrival time
---------------------------------------------------------------------------------------------
                                             39.432877   slack (MET)


Startpoint: _109_ (rising edge-triggered flip-flop clocked by clk)
Endpoint: dac_in[1] (output port clocked by clk)
Path Group: clk
Path Type: max

Fanout         Cap        Slew       Delay        Time   Description
---------------------------------------------------------------------------------------------
                      0.150000    0.000000    0.000000   clock clk (rise edge)
                                  0.000000    0.000000   clock network delay (ideal)
                      0.150000    0.000000    0.000000 ^ _109_/CLK (sky130_fd_sc_hd__dfxtp_2)
     3    0.039789    0.155511    0.312413    0.312413 ^ _109_/Q (sky130_fd_sc_hd__dfxtp_2)
                                                         dac_in[1] (net)
                      0.155511    0.000000    0.312413 ^ dac_in[1] (out)
                                              0.312413   data arrival time

                      0.150000   50.000000   50.000000   clock clk (rise edge)
                                  0.000000   50.000000   clock network delay (ideal)
                                 -0.250000   49.749996   clock uncertainty
                                  0.000000   49.749996   clock reconvergence pessimism
                                -10.000000   39.749996   output external delay
                                             39.749996   data required time
---------------------------------------------------------------------------------------------
                                             39.749996   data required time
                                             -0.312413   data arrival time
---------------------------------------------------------------------------------------------
                                             39.437584   slack (MET)


Startpoint: _110_ (rising edge-triggered flip-flop clocked by clk)
Endpoint: dac_in[2] (output port clocked by clk)
Path Group: clk
Path Type: max

Fanout         Cap        Slew       Delay        Time   Description
---------------------------------------------------------------------------------------------
                      0.150000    0.000000    0.000000   clock clk (rise edge)
                                  0.000000    0.000000   clock network delay (ideal)
                      0.150000    0.000000    0.000000 ^ _110_/CLK (sky130_fd_sc_hd__dfxtp_2)
     3    0.039789    0.155511    0.312413    0.312413 ^ _110_/Q (sky130_fd_sc_hd__dfxtp_2)
                                                         dac_in[2] (net)
                      0.155511    0.000000    0.312413 ^ dac_in[2] (out)
                                              0.312413   data arrival time

                      0.150000   50.000000   50.000000   clock clk (rise edge)
                                  0.000000   50.000000   clock network delay (ideal)
                                 -0.250000   49.749996   clock uncertainty
                                  0.000000   49.749996   clock reconvergence pessimism
                                -10.000000   39.749996   output external delay
                                             39.749996   data required time
---------------------------------------------------------------------------------------------
                                             39.749996   data required time
                                             -0.312413   data arrival time
---------------------------------------------------------------------------------------------
                                             39.437584   slack (MET)


Startpoint: _111_ (rising edge-triggered flip-flop clocked by clk)
Endpoint: dac_in[3] (output port clocked by clk)
Path Group: clk
Path Type: max

Fanout         Cap        Slew       Delay        Time   Description
---------------------------------------------------------------------------------------------
                      0.150000    0.000000    0.000000   clock clk (rise edge)
                                  0.000000    0.000000   clock network delay (ideal)
                      0.150000    0.000000    0.000000 ^ _111_/CLK (sky130_fd_sc_hd__dfxtp_2)
     3    0.039789    0.155511    0.312413    0.312413 ^ _111_/Q (sky130_fd_sc_hd__dfxtp_2)
                                                         dac_in[3] (net)
                      0.155511    0.000000    0.312413 ^ dac_in[3] (out)
                                              0.312413   data arrival time

                      0.150000   50.000000   50.000000   clock clk (rise edge)
                                  0.000000   50.000000   clock network delay (ideal)
                                 -0.250000   49.749996   clock uncertainty
                                  0.000000   49.749996   clock reconvergence pessimism
                                -10.000000   39.749996   output external delay
                                             39.749996   data required time
---------------------------------------------------------------------------------------------
                                             39.749996   data required time
                                             -0.312413   data arrival time
---------------------------------------------------------------------------------------------
                                             39.437584   slack (MET)


Startpoint: _112_ (rising edge-triggered flip-flop clocked by clk)
Endpoint: dac_in[4] (output port clocked by clk)
Path Group: clk
Path Type: max

Fanout         Cap        Slew       Delay        Time   Description
---------------------------------------------------------------------------------------------
                      0.150000    0.000000    0.000000   clock clk (rise edge)
                                  0.000000    0.000000   clock network delay (ideal)
                      0.150000    0.000000    0.000000 ^ _112_/CLK (sky130_fd_sc_hd__dfxtp_2)
     3    0.039789    0.155511    0.312413    0.312413 ^ _112_/Q (sky130_fd_sc_hd__dfxtp_2)
                                                         dac_in[4] (net)
                      0.155511    0.000000    0.312413 ^ dac_in[4] (out)
                                              0.312413   data arrival time

                      0.150000   50.000000   50.000000   clock clk (rise edge)
                                  0.000000   50.000000   clock network delay (ideal)
                                 -0.250000   49.749996   clock uncertainty
                                  0.000000   49.749996   clock reconvergence pessimism
                                -10.000000   39.749996   output external delay
                                             39.749996   data required time
---------------------------------------------------------------------------------------------
                                             39.749996   data required time
                                             -0.312413   data arrival time
---------------------------------------------------------------------------------------------
                                             39.437584   slack (MET)


Startpoint: _113_ (rising edge-triggered flip-flop clocked by clk)
Endpoint: dac_in[5] (output port clocked by clk)
Path Group: clk
Path Type: max

Fanout         Cap        Slew       Delay        Time   Description
---------------------------------------------------------------------------------------------
                      0.150000    0.000000    0.000000   clock clk (rise edge)
                                  0.000000    0.000000   clock network delay (ideal)
                      0.150000    0.000000    0.000000 ^ _113_/CLK (sky130_fd_sc_hd__dfxtp_2)
     3    0.039789    0.155511    0.312413    0.312413 ^ _113_/Q (sky130_fd_sc_hd__dfxtp_2)
                                                         dac_in[5] (net)
                      0.155511    0.000000    0.312413 ^ dac_in[5] (out)
                                              0.312413   data arrival time

                      0.150000   50.000000   50.000000   clock clk (rise edge)
                                  0.000000   50.000000   clock network delay (ideal)
                                 -0.250000   49.749996   clock uncertainty
                                  0.000000   49.749996   clock reconvergence pessimism
                                -10.000000   39.749996   output external delay
                                             39.749996   data required time
---------------------------------------------------------------------------------------------
                                             39.749996   data required time
                                             -0.312413   data arrival time
---------------------------------------------------------------------------------------------
                                             39.437584   slack (MET)


Startpoint: _108_ (rising edge-triggered flip-flop clocked by clk)
Endpoint: dac_in[0] (output port clocked by clk)
Path Group: clk
Path Type: max

Fanout         Cap        Slew       Delay        Time   Description
---------------------------------------------------------------------------------------------
                      0.150000    0.000000    0.000000   clock clk (rise edge)
                                  0.000000    0.000000   clock network delay (ideal)
                      0.150000    0.000000    0.000000 ^ _108_/CLK (sky130_fd_sc_hd__dfxtp_2)
     3    0.039731    0.155298    0.312264    0.312264 ^ _108_/Q (sky130_fd_sc_hd__dfxtp_2)
                                                         dac_in[0] (net)
                      0.155298    0.000000    0.312264 ^ dac_in[0] (out)
                                              0.312264   data arrival time

                      0.150000   50.000000   50.000000   clock clk (rise edge)
                                  0.000000   50.000000   clock network delay (ideal)
                                 -0.250000   49.749996   clock uncertainty
                                  0.000000   49.749996   clock reconvergence pessimism
                                -10.000000   39.749996   output external delay
                                             39.749996   data required time
---------------------------------------------------------------------------------------------
                                             39.749996   data required time
                                             -0.312264   data arrival time
---------------------------------------------------------------------------------------------
                                             39.437729   slack (MET)


Startpoint: _122_ (rising edge-triggered flip-flop clocked by clk)
Endpoint: dac_in[6] (output port clocked by clk)
Path Group: clk
Path Type: max

Fanout         Cap        Slew       Delay        Time   Description
---------------------------------------------------------------------------------------------
                      0.150000    0.000000    0.000000   clock clk (rise edge)
                                  0.000000    0.000000   clock network delay (ideal)
                      0.150000    0.000000    0.000000 ^ _122_/CLK (sky130_fd_sc_hd__dfxtp_2)
     3    0.037206    0.145994    0.305778    0.305778 ^ _122_/Q (sky130_fd_sc_hd__dfxtp_2)
                                                         dac_in[6] (net)
                      0.145994    0.000000    0.305778 ^ dac_in[6] (out)
                                              0.305778   data arrival time

                      0.150000   50.000000   50.000000   clock clk (rise edge)
                                  0.000000   50.000000   clock network delay (ideal)
                                 -0.250000   49.749996   clock uncertainty
                                  0.000000   49.749996   clock reconvergence pessimism
                                -10.000000   39.749996   output external delay
                                             39.749996   data required time
---------------------------------------------------------------------------------------------
                                             39.749996   data required time
                                             -0.305778   data arrival time
---------------------------------------------------------------------------------------------
                                             39.444218   slack (MET)


Startpoint: _123_ (rising edge-triggered flip-flop clocked by clk)
Endpoint: dac_in[7] (output port clocked by clk)
Path Group: clk
Path Type: max

Fanout         Cap        Slew       Delay        Time   Description
---------------------------------------------------------------------------------------------
                      0.150000    0.000000    0.000000   clock clk (rise edge)
                                  0.000000    0.000000   clock network delay (ideal)
                      0.150000    0.000000    0.000000 ^ _123_/CLK (sky130_fd_sc_hd__dfxtp_2)
     3    0.036923    0.144951    0.305050    0.305050 ^ _123_/Q (sky130_fd_sc_hd__dfxtp_2)
                                                         dac_in[7] (net)
                      0.144951    0.000000    0.305050 ^ dac_in[7] (out)
                                              0.305050   data arrival time

                      0.150000   50.000000   50.000000   clock clk (rise edge)
                                  0.000000   50.000000   clock network delay (ideal)
                                 -0.250000   49.749996   clock uncertainty
                                  0.000000   49.749996   clock reconvergence pessimism
                                -10.000000   39.749996   output external delay
                                             39.749996   data required time
---------------------------------------------------------------------------------------------
                                             39.749996   data required time
                                             -0.305050   data arrival time
---------------------------------------------------------------------------------------------
                                             39.444946   slack (MET)


Startpoint: _114_ (rising edge-triggered flip-flop clocked by clk)
Endpoint: adc_out[0] (output port clocked by clk)
Path Group: clk
Path Type: max

Fanout         Cap        Slew       Delay        Time   Description
---------------------------------------------------------------------------------------------
                      0.150000    0.000000    0.000000   clock clk (rise edge)
                                  0.000000    0.000000   clock network delay (ideal)
                      0.150000    0.000000    0.000000 ^ _114_/CLK (sky130_fd_sc_hd__dfxtp_2)
     2    0.035511    0.139748    0.301423    0.301423 ^ _114_/Q (sky130_fd_sc_hd__dfxtp_2)
                                                         adc_out[0] (net)
                      0.139748    0.000000    0.301423 ^ adc_out[0] (out)
                                              0.301423   data arrival time

                      0.150000   50.000000   50.000000   clock clk (rise edge)
                                  0.000000   50.000000   clock network delay (ideal)
                                 -0.250000   49.749996   clock uncertainty
                                  0.000000   49.749996   clock reconvergence pessimism
                                -10.000000   39.749996   output external delay
                                             39.749996   data required time
---------------------------------------------------------------------------------------------
                                             39.749996   data required time
                                             -0.301423   data arrival time
---------------------------------------------------------------------------------------------
                                             39.448574   slack (MET)


Startpoint: _115_ (rising edge-triggered flip-flop clocked by clk)
Endpoint: adc_out[1] (output port clocked by clk)
Path Group: clk
Path Type: max

Fanout         Cap        Slew       Delay        Time   Description
---------------------------------------------------------------------------------------------
                      0.150000    0.000000    0.000000   clock clk (rise edge)
                                  0.000000    0.000000   clock network delay (ideal)
                      0.150000    0.000000    0.000000 ^ _115_/CLK (sky130_fd_sc_hd__dfxtp_2)
     2    0.035511    0.139748    0.301423    0.301423 ^ _115_/Q (sky130_fd_sc_hd__dfxtp_2)
                                                         adc_out[1] (net)
                      0.139748    0.000000    0.301423 ^ adc_out[1] (out)
                                              0.301423   data arrival time

                      0.150000   50.000000   50.000000   clock clk (rise edge)
                                  0.000000   50.000000   clock network delay (ideal)
                                 -0.250000   49.749996   clock uncertainty
                                  0.000000   49.749996   clock reconvergence pessimism
                                -10.000000   39.749996   output external delay
                                             39.749996   data required time
---------------------------------------------------------------------------------------------
                                             39.749996   data required time
                                             -0.301423   data arrival time
---------------------------------------------------------------------------------------------
                                             39.448574   slack (MET)


Startpoint: _116_ (rising edge-triggered flip-flop clocked by clk)
Endpoint: adc_out[2] (output port clocked by clk)
Path Group: clk
Path Type: max

Fanout         Cap        Slew       Delay        Time   Description
---------------------------------------------------------------------------------------------
                      0.150000    0.000000    0.000000   clock clk (rise edge)
                                  0.000000    0.000000   clock network delay (ideal)
                      0.150000    0.000000    0.000000 ^ _116_/CLK (sky130_fd_sc_hd__dfxtp_2)
     2    0.035511    0.139748    0.301423    0.301423 ^ _116_/Q (sky130_fd_sc_hd__dfxtp_2)
                                                         adc_out[2] (net)
                      0.139748    0.000000    0.301423 ^ adc_out[2] (out)
                                              0.301423   data arrival time

                      0.150000   50.000000   50.000000   clock clk (rise edge)
                                  0.000000   50.000000   clock network delay (ideal)
                                 -0.250000   49.749996   clock uncertainty
                                  0.000000   49.749996   clock reconvergence pessimism
                                -10.000000   39.749996   output external delay
                                             39.749996   data required time
---------------------------------------------------------------------------------------------
                                             39.749996   data required time
                                             -0.301423   data arrival time
---------------------------------------------------------------------------------------------
                                             39.448574   slack (MET)


Startpoint: _117_ (rising edge-triggered flip-flop clocked by clk)
Endpoint: adc_out[3] (output port clocked by clk)
Path Group: clk
Path Type: max

Fanout         Cap        Slew       Delay        Time   Description
---------------------------------------------------------------------------------------------
                      0.150000    0.000000    0.000000   clock clk (rise edge)
                                  0.000000    0.000000   clock network delay (ideal)
                      0.150000    0.000000    0.000000 ^ _117_/CLK (sky130_fd_sc_hd__dfxtp_2)
     2    0.035511    0.139748    0.301423    0.301423 ^ _117_/Q (sky130_fd_sc_hd__dfxtp_2)
                                                         adc_out[3] (net)
                      0.139748    0.000000    0.301423 ^ adc_out[3] (out)
                                              0.301423   data arrival time

                      0.150000   50.000000   50.000000   clock clk (rise edge)
                                  0.000000   50.000000   clock network delay (ideal)
                                 -0.250000   49.749996   clock uncertainty
                                  0.000000   49.749996   clock reconvergence pessimism
                                -10.000000   39.749996   output external delay
                                             39.749996   data required time
---------------------------------------------------------------------------------------------
                                             39.749996   data required time
                                             -0.301423   data arrival time
---------------------------------------------------------------------------------------------
                                             39.448574   slack (MET)


Startpoint: _118_ (rising edge-triggered flip-flop clocked by clk)
Endpoint: adc_out[4] (output port clocked by clk)
Path Group: clk
Path Type: max

Fanout         Cap        Slew       Delay        Time   Description
---------------------------------------------------------------------------------------------
                      0.150000    0.000000    0.000000   clock clk (rise edge)
                                  0.000000    0.000000   clock network delay (ideal)
                      0.150000    0.000000    0.000000 ^ _118_/CLK (sky130_fd_sc_hd__dfxtp_2)
     2    0.035511    0.139748    0.301423    0.301423 ^ _118_/Q (sky130_fd_sc_hd__dfxtp_2)
                                                         adc_out[4] (net)
                      0.139748    0.000000    0.301423 ^ adc_out[4] (out)
                                              0.301423   data arrival time

                      0.150000   50.000000   50.000000   clock clk (rise edge)
                                  0.000000   50.000000   clock network delay (ideal)
                                 -0.250000   49.749996   clock uncertainty
                                  0.000000   49.749996   clock reconvergence pessimism
                                -10.000000   39.749996   output external delay
                                             39.749996   data required time
---------------------------------------------------------------------------------------------
                                             39.749996   data required time
                                             -0.301423   data arrival time
---------------------------------------------------------------------------------------------
                                             39.448574   slack (MET)


Startpoint: _119_ (rising edge-triggered flip-flop clocked by clk)
Endpoint: adc_out[5] (output port clocked by clk)
Path Group: clk
Path Type: max

Fanout         Cap        Slew       Delay        Time   Description
---------------------------------------------------------------------------------------------
                      0.150000    0.000000    0.000000   clock clk (rise edge)
                                  0.000000    0.000000   clock network delay (ideal)
                      0.150000    0.000000    0.000000 ^ _119_/CLK (sky130_fd_sc_hd__dfxtp_2)
     2    0.035511    0.139748    0.301423    0.301423 ^ _119_/Q (sky130_fd_sc_hd__dfxtp_2)
                                                         adc_out[5] (net)
                      0.139748    0.000000    0.301423 ^ adc_out[5] (out)
                                              0.301423   data arrival time

                      0.150000   50.000000   50.000000   clock clk (rise edge)
                                  0.000000   50.000000   clock network delay (ideal)
                                 -0.250000   49.749996   clock uncertainty
                                  0.000000   49.749996   clock reconvergence pessimism
                                -10.000000   39.749996   output external delay
                                             39.749996   data required time
---------------------------------------------------------------------------------------------
                                             39.749996   data required time
                                             -0.301423   data arrival time
---------------------------------------------------------------------------------------------
                                             39.448574   slack (MET)


Startpoint: _120_ (rising edge-triggered flip-flop clocked by clk)
Endpoint: adc_out[6] (output port clocked by clk)
Path Group: clk
Path Type: max

Fanout         Cap        Slew       Delay        Time   Description
---------------------------------------------------------------------------------------------
                      0.150000    0.000000    0.000000   clock clk (rise edge)
                                  0.000000    0.000000   clock network delay (ideal)
                      0.150000    0.000000    0.000000 ^ _120_/CLK (sky130_fd_sc_hd__dfxtp_2)
     2    0.035511    0.139748    0.301423    0.301423 ^ _120_/Q (sky130_fd_sc_hd__dfxtp_2)
                                                         adc_out[6] (net)
                      0.139748    0.000000    0.301423 ^ adc_out[6] (out)
                                              0.301423   data arrival time

                      0.150000   50.000000   50.000000   clock clk (rise edge)
                                  0.000000   50.000000   clock network delay (ideal)
                                 -0.250000   49.749996   clock uncertainty
                                  0.000000   49.749996   clock reconvergence pessimism
                                -10.000000   39.749996   output external delay
                                             39.749996   data required time
---------------------------------------------------------------------------------------------
                                             39.749996   data required time
                                             -0.301423   data arrival time
---------------------------------------------------------------------------------------------
                                             39.448574   slack (MET)


Startpoint: _121_ (rising edge-triggered flip-flop clocked by clk)
Endpoint: adc_out[7] (output port clocked by clk)
Path Group: clk
Path Type: max

Fanout         Cap        Slew       Delay        Time   Description
---------------------------------------------------------------------------------------------
                      0.150000    0.000000    0.000000   clock clk (rise edge)
                                  0.000000    0.000000   clock network delay (ideal)
                      0.150000    0.000000    0.000000 ^ _121_/CLK (sky130_fd_sc_hd__dfxtp_2)
     2    0.035511    0.139748    0.301423    0.301423 ^ _121_/Q (sky130_fd_sc_hd__dfxtp_2)
                                                         adc_out[7] (net)
                      0.139748    0.000000    0.301423 ^ adc_out[7] (out)
                                              0.301423   data arrival time

                      0.150000   50.000000   50.000000   clock clk (rise edge)
                                  0.000000   50.000000   clock network delay (ideal)
                                 -0.250000   49.749996   clock uncertainty
                                  0.000000   49.749996   clock reconvergence pessimism
                                -10.000000   39.749996   output external delay
                                             39.749996   data required time
---------------------------------------------------------------------------------------------
                                             39.749996   data required time
                                             -0.301423   data arrival time
---------------------------------------------------------------------------------------------
                                             39.448574   slack (MET)


Startpoint: comp (input port clocked by clk)
Endpoint: _109_ (rising edge-triggered flip-flop clocked by clk)
Path Group: clk
Path Type: max

Fanout         Cap        Slew       Delay        Time   Description
---------------------------------------------------------------------------------------------
                      0.150000    0.000000    0.000000   clock clk (rise edge)
                                  0.000000    0.000000   clock network delay (ideal)
                                 10.000000   10.000000 v input external delay
     7    0.014375    0.023590    0.014751   10.014751 v comp (in)
                                                         comp (net)
                      0.023590    0.000000   10.014751 v _077_/A0 (sky130_fd_sc_hd__mux2_1)
     1    0.004613    0.046455    0.148089   10.162840 v _077_/X (sky130_fd_sc_hd__mux2_1)
                                                         _040_ (net)
                      0.046455    0.000000   10.162840 v _078_/A2 (sky130_fd_sc_hd__a21oi_2)
     1    0.001748    0.051035    0.082467   10.245307 ^ _078_/Y (sky130_fd_sc_hd__a21oi_2)
                                                         _005_ (net)
                      0.051035    0.000000   10.245307 ^ _109_/D (sky130_fd_sc_hd__dfxtp_2)
                                             10.245307   data arrival time

                      0.150000   50.000000   50.000000   clock clk (rise edge)
                                  0.000000   50.000000   clock network delay (ideal)
                                 -0.250000   49.749996   clock uncertainty
                                  0.000000   49.749996   clock reconvergence pessimism
                                             49.749996 ^ _109_/CLK (sky130_fd_sc_hd__dfxtp_2)
                                 -0.029464   49.720535   library setup time
                                             49.720535   data required time
---------------------------------------------------------------------------------------------
                                             49.720535   data required time
                                            -10.245307   data arrival time
---------------------------------------------------------------------------------------------
                                             39.475227   slack (MET)


Startpoint: comp (input port clocked by clk)
Endpoint: _110_ (rising edge-triggered flip-flop clocked by clk)
Path Group: clk
Path Type: max

Fanout         Cap        Slew       Delay        Time   Description
---------------------------------------------------------------------------------------------
                      0.150000    0.000000    0.000000   clock clk (rise edge)
                                  0.000000    0.000000   clock network delay (ideal)
                                 10.000000   10.000000 v input external delay
     7    0.014375    0.023590    0.014751   10.014751 v comp (in)
                                                         comp (net)
                      0.023590    0.000000   10.014751 v _080_/A0 (sky130_fd_sc_hd__mux2_1)
     1    0.004613    0.046455    0.148089   10.162840 v _080_/X (sky130_fd_sc_hd__mux2_1)
                                                         _042_ (net)
                      0.046455    0.000000   10.162840 v _081_/A2 (sky130_fd_sc_hd__a21oi_2)
     1    0.001748    0.051035    0.082467   10.245307 ^ _081_/Y (sky130_fd_sc_hd__a21oi_2)
                                                         _006_ (net)
                      0.051035    0.000000   10.245307 ^ _110_/D (sky130_fd_sc_hd__dfxtp_2)
                                             10.245307   data arrival time

                      0.150000   50.000000   50.000000   clock clk (rise edge)
                                  0.000000   50.000000   clock network delay (ideal)
                                 -0.250000   49.749996   clock uncertainty
                                  0.000000   49.749996   clock reconvergence pessimism
                                             49.749996 ^ _110_/CLK (sky130_fd_sc_hd__dfxtp_2)
                                 -0.029464   49.720535   library setup time
                                             49.720535   data required time
---------------------------------------------------------------------------------------------
                                             49.720535   data required time
                                            -10.245307   data arrival time
---------------------------------------------------------------------------------------------
                                             39.475227   slack (MET)


Startpoint: comp (input port clocked by clk)
Endpoint: _111_ (rising edge-triggered flip-flop clocked by clk)
Path Group: clk
Path Type: max

Fanout         Cap        Slew       Delay        Time   Description
---------------------------------------------------------------------------------------------
                      0.150000    0.000000    0.000000   clock clk (rise edge)
                                  0.000000    0.000000   clock network delay (ideal)
                                 10.000000   10.000000 v input external delay
     7    0.014375    0.023590    0.014751   10.014751 v comp (in)
                                                         comp (net)
                      0.023590    0.000000   10.014751 v _083_/A0 (sky130_fd_sc_hd__mux2_1)
     1    0.004613    0.046455    0.148089   10.162840 v _083_/X (sky130_fd_sc_hd__mux2_1)
                                                         _044_ (net)
                      0.046455    0.000000   10.162840 v _084_/A2 (sky130_fd_sc_hd__a21oi_2)
     1    0.001748    0.051035    0.082467   10.245307 ^ _084_/Y (sky130_fd_sc_hd__a21oi_2)
                                                         _007_ (net)
                      0.051035    0.000000   10.245307 ^ _111_/D (sky130_fd_sc_hd__dfxtp_2)
                                             10.245307   data arrival time

                      0.150000   50.000000   50.000000   clock clk (rise edge)
                                  0.000000   50.000000   clock network delay (ideal)
                                 -0.250000   49.749996   clock uncertainty
                                  0.000000   49.749996   clock reconvergence pessimism
                                             49.749996 ^ _111_/CLK (sky130_fd_sc_hd__dfxtp_2)
                                 -0.029464   49.720535   library setup time
                                             49.720535   data required time
---------------------------------------------------------------------------------------------
                                             49.720535   data required time
                                            -10.245307   data arrival time
---------------------------------------------------------------------------------------------
                                             39.475227   slack (MET)


Startpoint: comp (input port clocked by clk)
Endpoint: _112_ (rising edge-triggered flip-flop clocked by clk)
Path Group: clk
Path Type: max

Fanout         Cap        Slew       Delay        Time   Description
---------------------------------------------------------------------------------------------
                      0.150000    0.000000    0.000000   clock clk (rise edge)
                                  0.000000    0.000000   clock network delay (ideal)
                                 10.000000   10.000000 v input external delay
     7    0.014375    0.023590    0.014751   10.014751 v comp (in)
                                                         comp (net)
                      0.023590    0.000000   10.014751 v _086_/A0 (sky130_fd_sc_hd__mux2_1)
     1    0.004613    0.046455    0.148089   10.162840 v _086_/X (sky130_fd_sc_hd__mux2_1)
                                                         _046_ (net)
                      0.046455    0.000000   10.162840 v _087_/A2 (sky130_fd_sc_hd__a21oi_2)
     1    0.001748    0.051035    0.082467   10.245307 ^ _087_/Y (sky130_fd_sc_hd__a21oi_2)
                                                         _008_ (net)
                      0.051035    0.000000   10.245307 ^ _112_/D (sky130_fd_sc_hd__dfxtp_2)
                                             10.245307   data arrival time

                      0.150000   50.000000   50.000000   clock clk (rise edge)
                                  0.000000   50.000000   clock network delay (ideal)
                                 -0.250000   49.749996   clock uncertainty
                                  0.000000   49.749996   clock reconvergence pessimism
                                             49.749996 ^ _112_/CLK (sky130_fd_sc_hd__dfxtp_2)
                                 -0.029464   49.720535   library setup time
                                             49.720535   data required time
---------------------------------------------------------------------------------------------
                                             49.720535   data required time
                                            -10.245307   data arrival time
---------------------------------------------------------------------------------------------
                                             39.475227   slack (MET)


Startpoint: comp (input port clocked by clk)
Endpoint: _113_ (rising edge-triggered flip-flop clocked by clk)
Path Group: clk
Path Type: max

Fanout         Cap        Slew       Delay        Time   Description
---------------------------------------------------------------------------------------------
                      0.150000    0.000000    0.000000   clock clk (rise edge)
                                  0.000000    0.000000   clock network delay (ideal)
                                 10.000000   10.000000 v input external delay
     7    0.014375    0.023590    0.014751   10.014751 v comp (in)
                                                         comp (net)
                      0.023590    0.000000   10.014751 v _089_/A0 (sky130_fd_sc_hd__mux2_1)
     1    0.004613    0.046455    0.148089   10.162840 v _089_/X (sky130_fd_sc_hd__mux2_1)
                                                         _048_ (net)
                      0.046455    0.000000   10.162840 v _090_/A2 (sky130_fd_sc_hd__a21oi_2)
     1    0.001748    0.051035    0.082467   10.245307 ^ _090_/Y (sky130_fd_sc_hd__a21oi_2)
                                                         _009_ (net)
                      0.051035    0.000000   10.245307 ^ _113_/D (sky130_fd_sc_hd__dfxtp_2)
                                             10.245307   data arrival time

                      0.150000   50.000000   50.000000   clock clk (rise edge)
                                  0.000000   50.000000   clock network delay (ideal)
                                 -0.250000   49.749996   clock uncertainty
                                  0.000000   49.749996   clock reconvergence pessimism
                                             49.749996 ^ _113_/CLK (sky130_fd_sc_hd__dfxtp_2)
                                 -0.029464   49.720535   library setup time
                                             49.720535   data required time
---------------------------------------------------------------------------------------------
                                             49.720535   data required time
                                            -10.245307   data arrival time
---------------------------------------------------------------------------------------------
                                             39.475227   slack (MET)


Startpoint: rst_n (input port clocked by clk)
Endpoint: _104_ (rising edge-triggered flip-flop clocked by clk)
Path Group: clk
Path Type: max

Fanout         Cap        Slew       Delay        Time   Description
---------------------------------------------------------------------------------------------
                      0.150000    0.000000    0.000000   clock clk (rise edge)
                                  0.000000    0.000000   clock network delay (ideal)
                                 10.000000   10.000000 ^ input external delay
     5    0.018042    0.066568    0.044176   10.044176 ^ rst_n (in)
                                                         rst_n (net)
                      0.066568    0.000000   10.044176 ^ _062_/A (sky130_fd_sc_hd__nand2_2)
     8    0.033650    0.090450    0.085765   10.129942 v _062_/Y (sky130_fd_sc_hd__nand2_2)
                                                         _030_ (net)
                      0.090450    0.000000   10.129942 v _063_/B (sky130_fd_sc_hd__nor2_2)
     1    0.001748    0.044987    0.062086   10.192028 ^ _063_/Y (sky130_fd_sc_hd__nor2_2)
                                                         _000_ (net)
                      0.044987    0.000000   10.192028 ^ _104_/D (sky130_fd_sc_hd__dfxtp_2)
                                             10.192028   data arrival time

                      0.150000   50.000000   50.000000   clock clk (rise edge)
                                  0.000000   50.000000   clock network delay (ideal)
                                 -0.250000   49.749996   clock uncertainty
                                  0.000000   49.749996   clock reconvergence pessimism
                                             49.749996 ^ _104_/CLK (sky130_fd_sc_hd__dfxtp_2)
                                 -0.028912   49.721085   library setup time
                                             49.721085   data required time
---------------------------------------------------------------------------------------------
                                             49.721085   data required time
                                            -10.192028   data arrival time
---------------------------------------------------------------------------------------------
                                             39.529057   slack (MET)


Startpoint: rst_n (input port clocked by clk)
Endpoint: _107_ (rising edge-triggered flip-flop clocked by clk)
Path Group: clk
Path Type: max

Fanout         Cap        Slew       Delay        Time   Description
---------------------------------------------------------------------------------------------
                      0.150000    0.000000    0.000000   clock clk (rise edge)
                                  0.000000    0.000000   clock network delay (ideal)
                                 10.000000   10.000000 ^ input external delay
     5    0.018042    0.066568    0.044176   10.044176 ^ rst_n (in)
                                                         rst_n (net)
                      0.066568    0.000000   10.044176 ^ _062_/A (sky130_fd_sc_hd__nand2_2)
     8    0.033650    0.090450    0.085765   10.129942 v _062_/Y (sky130_fd_sc_hd__nand2_2)
                                                         _030_ (net)
                      0.090450    0.000000   10.129942 v _071_/B1 (sky130_fd_sc_hd__a21oi_2)
     1    0.001748    0.051009    0.058733   10.188675 ^ _071_/Y (sky130_fd_sc_hd__a21oi_2)
                                                         _003_ (net)
                      0.051009    0.000000   10.188675 ^ _107_/D (sky130_fd_sc_hd__dfxtp_2)
                                             10.188675   data arrival time

                      0.150000   50.000000   50.000000   clock clk (rise edge)
                                  0.000000   50.000000   clock network delay (ideal)
                                 -0.250000   49.749996   clock uncertainty
                                  0.000000   49.749996   clock reconvergence pessimism
                                             49.749996 ^ _107_/CLK (sky130_fd_sc_hd__dfxtp_2)
                                 -0.029462   49.720535   library setup time
                                             49.720535   data required time
---------------------------------------------------------------------------------------------
                                             49.720535   data required time
                                            -10.188675   data arrival time
---------------------------------------------------------------------------------------------
                                             39.531860   slack (MET)


Startpoint: rst_n (input port clocked by clk)
Endpoint: _106_ (rising edge-triggered flip-flop clocked by clk)
Path Group: clk
Path Type: max

Fanout         Cap        Slew       Delay        Time   Description
---------------------------------------------------------------------------------------------
                      0.150000    0.000000    0.000000   clock clk (rise edge)
                                  0.000000    0.000000   clock network delay (ideal)
                                 10.000000   10.000000 ^ input external delay
     5    0.018042    0.066568    0.044176   10.044176 ^ rst_n (in)
                                                         rst_n (net)
                      0.066568    0.000000   10.044176 ^ _068_/A (sky130_fd_sc_hd__and4_2)
     1    0.001748    0.027852    0.109504   10.153681 ^ _068_/X (sky130_fd_sc_hd__and4_2)
                                                         _002_ (net)
                      0.027852    0.000000   10.153681 ^ _106_/D (sky130_fd_sc_hd__dfxtp_2)
                                             10.153681   data arrival time

                      0.150000   50.000000   50.000000   clock clk (rise edge)
                                  0.000000   50.000000   clock network delay (ideal)
                                 -0.250000   49.749996   clock uncertainty
                                  0.000000   49.749996   clock reconvergence pessimism
                                             49.749996 ^ _106_/CLK (sky130_fd_sc_hd__dfxtp_2)
                                 -0.027348   49.722649   library setup time
                                             49.722649   data required time
---------------------------------------------------------------------------------------------
                                             49.722649   data required time
                                            -10.153681   data arrival time
---------------------------------------------------------------------------------------------
                                             39.568970   slack (MET)


Startpoint: rst_n (input port clocked by clk)
Endpoint: _105_ (rising edge-triggered flip-flop clocked by clk)
Path Group: clk
Path Type: max

Fanout         Cap        Slew       Delay        Time   Description
---------------------------------------------------------------------------------------------
                      0.150000    0.000000    0.000000   clock clk (rise edge)
                                  0.000000    0.000000   clock network delay (ideal)
                                 10.000000   10.000000 ^ input external delay
     5    0.018042    0.066568    0.044176   10.044176 ^ rst_n (in)
                                                         rst_n (net)
                      0.066568    0.000000   10.044176 ^ _064_/B1 (sky130_fd_sc_hd__o21ai_2)
     1    0.004215    0.036552    0.024295   10.068472 v _064_/Y (sky130_fd_sc_hd__o21ai_2)
                                                         _031_ (net)
                      0.036552    0.000000   10.068472 v _065_/B1 (sky130_fd_sc_hd__a21oi_2)
     1    0.001748    0.051502    0.039186   10.107657 ^ _065_/Y (sky130_fd_sc_hd__a21oi_2)
                                                         _001_ (net)
                      0.051502    0.000000   10.107657 ^ _105_/D (sky130_fd_sc_hd__dfxtp_2)
                                             10.107657   data arrival time

                      0.150000   50.000000   50.000000   clock clk (rise edge)
                                  0.000000   50.000000   clock network delay (ideal)
                                 -0.250000   49.749996   clock uncertainty
                                  0.000000   49.749996   clock reconvergence pessimism
                                             49.749996 ^ _105_/CLK (sky130_fd_sc_hd__dfxtp_2)
                                 -0.029507   49.720493   library setup time
                                             49.720493   data required time
---------------------------------------------------------------------------------------------
                                             49.720493   data required time
                                            -10.107657   data arrival time
---------------------------------------------------------------------------------------------
                                             39.612835   slack (MET)



