
===========================================================================
report_checks -path_delay min (Hold)
============================================================================
======================= nom_ff_n40C_1v95 Corner ===================================

Startpoint: _105_ (rising edge-triggered flip-flop clocked by clk)
Endpoint: _105_ (rising edge-triggered flip-flop clocked by clk)
Path Group: clk
Path Type: min

Fanout         Cap        Slew       Delay        Time   Description
---------------------------------------------------------------------------------------------
                      0.150000    0.000000    0.000000   clock clk (rise edge)
                                  0.000000    0.000000   clock network delay (ideal)
                      0.150000    0.000000    0.000000 ^ _105_/CLK (sky130_fd_sc_hd__dfxtp_2)
    12    0.032603    0.129033    0.293952    0.293952 ^ _105_/Q (sky130_fd_sc_hd__dfxtp_2)
                                                         count[1] (net)
                      0.129033    0.000000    0.293952 ^ _065_/A1 (sky130_fd_sc_hd__a21oi_2)
     1    0.001783    0.010633    0.027683    0.321636 v _065_/Y (sky130_fd_sc_hd__a21oi_2)
                                                         _001_ (net)
                      0.010633    0.000000    0.321636 v _105_/D (sky130_fd_sc_hd__dfxtp_2)
                                              0.321636   data arrival time

                      0.150000    0.000000    0.000000   clock clk (rise edge)
                                  0.000000    0.000000   clock network delay (ideal)
                                  0.250000    0.250000   clock uncertainty
                                  0.000000    0.250000   clock reconvergence pessimism
                                              0.250000 ^ _105_/CLK (sky130_fd_sc_hd__dfxtp_2)
                                 -0.016175    0.233825   library hold time
                                              0.233825   data required time
---------------------------------------------------------------------------------------------
                                              0.233825   data required time
                                             -0.321636   data arrival time
---------------------------------------------------------------------------------------------
                                              0.087811   slack (MET)


Startpoint: _104_ (rising edge-triggered flip-flop clocked by clk)
Endpoint: _104_ (rising edge-triggered flip-flop clocked by clk)
Path Group: clk
Path Type: min

Fanout         Cap        Slew       Delay        Time   Description
---------------------------------------------------------------------------------------------
                      0.150000    0.000000    0.000000   clock clk (rise edge)
                                  0.000000    0.000000   clock network delay (ideal)
                      0.150000    0.000000    0.000000 ^ _104_/CLK (sky130_fd_sc_hd__dfxtp_2)
    13    0.033804    0.062139    0.265092    0.265092 v _104_/Q (sky130_fd_sc_hd__dfxtp_2)
                                                         count[0] (net)
                      0.062139    0.000000    0.265092 v _063_/A (sky130_fd_sc_hd__nor2_2)
     1    0.001748    0.038031    0.067848    0.332940 ^ _063_/Y (sky130_fd_sc_hd__nor2_2)
                                                         _000_ (net)
                      0.038031    0.000000    0.332940 ^ _104_/D (sky130_fd_sc_hd__dfxtp_2)
                                              0.332940   data arrival time

                      0.150000    0.000000    0.000000   clock clk (rise edge)
                                  0.000000    0.000000   clock network delay (ideal)
                                  0.250000    0.250000   clock uncertainty
                                  0.000000    0.250000   clock reconvergence pessimism
                                              0.250000 ^ _104_/CLK (sky130_fd_sc_hd__dfxtp_2)
                                 -0.014949    0.235051   library hold time
                                              0.235051   data required time
---------------------------------------------------------------------------------------------
                                              0.235051   data required time
                                             -0.332940   data arrival time
---------------------------------------------------------------------------------------------
                                              0.097889   slack (MET)


Startpoint: _107_ (rising edge-triggered flip-flop clocked by clk)
Endpoint: _107_ (rising edge-triggered flip-flop clocked by clk)
Path Group: clk
Path Type: min

Fanout         Cap        Slew       Delay        Time   Description
---------------------------------------------------------------------------------------------
                      0.150000    0.000000    0.000000   clock clk (rise edge)
                                  0.000000    0.000000   clock network delay (ideal)
                      0.150000    0.000000    0.000000 ^ _107_/CLK (sky130_fd_sc_hd__dfxtp_2)
    12    0.027311    0.053118    0.256632    0.256632 v _107_/Q (sky130_fd_sc_hd__dfxtp_2)
                                                         count[3] (net)
                      0.053118    0.000000    0.256632 v _070_/A (sky130_fd_sc_hd__nand2_2)
     1    0.005062    0.031891    0.047850    0.304482 ^ _070_/Y (sky130_fd_sc_hd__nand2_2)
                                                         _035_ (net)
                      0.031891    0.000000    0.304482 ^ _071_/A2 (sky130_fd_sc_hd__a21oi_2)
     1    0.001783    0.017077    0.025527    0.330009 v _071_/Y (sky130_fd_sc_hd__a21oi_2)
                                                         _003_ (net)
                      0.017077    0.000000    0.330009 v _107_/D (sky130_fd_sc_hd__dfxtp_2)
                                              0.330009   data arrival time

                      0.150000    0.000000    0.000000   clock clk (rise edge)
                                  0.000000    0.000000   clock network delay (ideal)
                                  0.250000    0.250000   clock uncertainty
                                  0.000000    0.250000   clock reconvergence pessimism
                                              0.250000 ^ _107_/CLK (sky130_fd_sc_hd__dfxtp_2)
                                 -0.018323    0.231677   library hold time
                                              0.231677   data required time
---------------------------------------------------------------------------------------------
                                              0.231677   data required time
                                             -0.330009   data arrival time
---------------------------------------------------------------------------------------------
                                              0.098331   slack (MET)


Startpoint: _108_ (rising edge-triggered flip-flop clocked by clk)
Endpoint: _108_ (rising edge-triggered flip-flop clocked by clk)
Path Group: clk
Path Type: min

Fanout         Cap        Slew       Delay        Time   Description
---------------------------------------------------------------------------------------------
                      0.150000    0.000000    0.000000   clock clk (rise edge)
                                  0.000000    0.000000   clock network delay (ideal)
                      0.150000    0.000000    0.000000 ^ _108_/CLK (sky130_fd_sc_hd__dfxtp_2)
     3    0.039286    0.069755    0.272235    0.272235 v _108_/Q (sky130_fd_sc_hd__dfxtp_2)
                                                         dac_in[0] (net)
                      0.069755    0.000000    0.272235 v _072_/B1 (sky130_fd_sc_hd__o21ai_2)
     1    0.004628    0.035220    0.052943    0.325178 ^ _072_/Y (sky130_fd_sc_hd__o21ai_2)
                                                         _036_ (net)
                      0.035220    0.000000    0.325178 ^ _075_/A1 (sky130_fd_sc_hd__a21oi_2)
     1    0.001783    0.016857    0.022396    0.347574 v _075_/Y (sky130_fd_sc_hd__a21oi_2)
                                                         _004_ (net)
                      0.016857    0.000000    0.347574 v _108_/D (sky130_fd_sc_hd__dfxtp_2)
                                              0.347574   data arrival time

                      0.150000    0.000000    0.000000   clock clk (rise edge)
                                  0.000000    0.000000   clock network delay (ideal)
                                  0.250000    0.250000   clock uncertainty
                                  0.000000    0.250000   clock reconvergence pessimism
                                              0.250000 ^ _108_/CLK (sky130_fd_sc_hd__dfxtp_2)
                                 -0.018250    0.231750   library hold time
                                              0.231750   data required time
---------------------------------------------------------------------------------------------
                                              0.231750   data required time
                                             -0.347574   data arrival time
---------------------------------------------------------------------------------------------
                                              0.115824   slack (MET)


Startpoint: _107_ (rising edge-triggered flip-flop clocked by clk)
Endpoint: _123_ (rising edge-triggered flip-flop clocked by clk)
Path Group: clk
Path Type: min

Fanout         Cap        Slew       Delay        Time   Description
---------------------------------------------------------------------------------------------
                      0.150000    0.000000    0.000000   clock clk (rise edge)
                                  0.000000    0.000000   clock network delay (ideal)
                      0.150000    0.000000    0.000000 ^ _107_/CLK (sky130_fd_sc_hd__dfxtp_2)
    12    0.027311    0.053118    0.256632    0.256632 v _107_/Q (sky130_fd_sc_hd__dfxtp_2)
                                                         count[3] (net)
                      0.053118    0.000000    0.256632 v _052_/A (sky130_fd_sc_hd__inv_2)
     1    0.002388    0.020982    0.033792    0.290424 ^ _052_/Y (sky130_fd_sc_hd__inv_2)
                                                         _020_ (net)
                      0.020982    0.000000    0.290424 ^ _103_/A1 (sky130_fd_sc_hd__a311o_2)
     1    0.001748    0.016124    0.077590    0.368013 ^ _103_/X (sky130_fd_sc_hd__a311o_2)
                                                         _019_ (net)
                      0.016124    0.000000    0.368013 ^ _123_/D (sky130_fd_sc_hd__dfxtp_2)
                                              0.368013   data arrival time

                      0.150000    0.000000    0.000000   clock clk (rise edge)
                                  0.000000    0.000000   clock network delay (ideal)
                                  0.250000    0.250000   clock uncertainty
                                  0.000000    0.250000   clock reconvergence pessimism
                                              0.250000 ^ _123_/CLK (sky130_fd_sc_hd__dfxtp_2)
                                 -0.013425    0.236575   library hold time
                                              0.236575   data required time
---------------------------------------------------------------------------------------------
                                              0.236575   data required time
                                             -0.368013   data arrival time
---------------------------------------------------------------------------------------------
                                              0.131439   slack (MET)


Startpoint: _114_ (rising edge-triggered flip-flop clocked by clk)
Endpoint: _114_ (rising edge-triggered flip-flop clocked by clk)
Path Group: clk
Path Type: min

Fanout         Cap        Slew       Delay        Time   Description
---------------------------------------------------------------------------------------------
                      0.150000    0.000000    0.000000   clock clk (rise edge)
                                  0.000000    0.000000   clock network delay (ideal)
                      0.150000    0.000000    0.000000 ^ _114_/CLK (sky130_fd_sc_hd__dfxtp_2)
     2    0.035511    0.139748    0.301423    0.301423 ^ _114_/Q (sky130_fd_sc_hd__dfxtp_2)
                                                         adc_out[0] (net)
                      0.139748    0.000000    0.301423 ^ _092_/A1 (sky130_fd_sc_hd__mux2_1)
     1    0.001748    0.023727    0.089597    0.391020 ^ _092_/X (sky130_fd_sc_hd__mux2_1)
                                                         _010_ (net)
                      0.023727    0.000000    0.391020 ^ _114_/D (sky130_fd_sc_hd__dfxtp_2)
                                              0.391020   data arrival time

                      0.150000    0.000000    0.000000   clock clk (rise edge)
                                  0.000000    0.000000   clock network delay (ideal)
                                  0.250000    0.250000   clock uncertainty
                                  0.000000    0.250000   clock reconvergence pessimism
                                              0.250000 ^ _114_/CLK (sky130_fd_sc_hd__dfxtp_2)
                                 -0.013954    0.236046   library hold time
                                              0.236046   data required time
---------------------------------------------------------------------------------------------
                                              0.236046   data required time
                                             -0.391020   data arrival time
---------------------------------------------------------------------------------------------
                                              0.154974   slack (MET)


Startpoint: _115_ (rising edge-triggered flip-flop clocked by clk)
Endpoint: _115_ (rising edge-triggered flip-flop clocked by clk)
Path Group: clk
Path Type: min

Fanout         Cap        Slew       Delay        Time   Description
---------------------------------------------------------------------------------------------
                      0.150000    0.000000    0.000000   clock clk (rise edge)
                                  0.000000    0.000000   clock network delay (ideal)
                      0.150000    0.000000    0.000000 ^ _115_/CLK (sky130_fd_sc_hd__dfxtp_2)
     2    0.035511    0.139748    0.301423    0.301423 ^ _115_/Q (sky130_fd_sc_hd__dfxtp_2)
                                                         adc_out[1] (net)
                      0.139748    0.000000    0.301423 ^ _093_/A1 (sky130_fd_sc_hd__mux2_1)
     1    0.001748    0.023727    0.089597    0.391020 ^ _093_/X (sky130_fd_sc_hd__mux2_1)
                                                         _011_ (net)
                      0.023727    0.000000    0.391020 ^ _115_/D (sky130_fd_sc_hd__dfxtp_2)
                                              0.391020   data arrival time

                      0.150000    0.000000    0.000000   clock clk (rise edge)
                                  0.000000    0.000000   clock network delay (ideal)
                                  0.250000    0.250000   clock uncertainty
                                  0.000000    0.250000   clock reconvergence pessimism
                                              0.250000 ^ _115_/CLK (sky130_fd_sc_hd__dfxtp_2)
                                 -0.013954    0.236046   library hold time
                                              0.236046   data required time
---------------------------------------------------------------------------------------------
                                              0.236046   data required time
                                             -0.391020   data arrival time
---------------------------------------------------------------------------------------------
                                              0.154974   slack (MET)


Startpoint: _116_ (rising edge-triggered flip-flop clocked by clk)
Endpoint: _116_ (rising edge-triggered flip-flop clocked by clk)
Path Group: clk
Path Type: min

Fanout         Cap        Slew       Delay        Time   Description
---------------------------------------------------------------------------------------------
                      0.150000    0.000000    0.000000   clock clk (rise edge)
                                  0.000000    0.000000   clock network delay (ideal)
                      0.150000    0.000000    0.000000 ^ _116_/CLK (sky130_fd_sc_hd__dfxtp_2)
     2    0.035511    0.139748    0.301423    0.301423 ^ _116_/Q (sky130_fd_sc_hd__dfxtp_2)
                                                         adc_out[2] (net)
                      0.139748    0.000000    0.301423 ^ _094_/A1 (sky130_fd_sc_hd__mux2_1)
     1    0.001748    0.023727    0.089597    0.391020 ^ _094_/X (sky130_fd_sc_hd__mux2_1)
                                                         _012_ (net)
                      0.023727    0.000000    0.391020 ^ _116_/D (sky130_fd_sc_hd__dfxtp_2)
                                              0.391020   data arrival time

                      0.150000    0.000000    0.000000   clock clk (rise edge)
                                  0.000000    0.000000   clock network delay (ideal)
                                  0.250000    0.250000   clock uncertainty
                                  0.000000    0.250000   clock reconvergence pessimism
                                              0.250000 ^ _116_/CLK (sky130_fd_sc_hd__dfxtp_2)
                                 -0.013954    0.236046   library hold time
                                              0.236046   data required time
---------------------------------------------------------------------------------------------
                                              0.236046   data required time
                                             -0.391020   data arrival time
---------------------------------------------------------------------------------------------
                                              0.154974   slack (MET)


Startpoint: _117_ (rising edge-triggered flip-flop clocked by clk)
Endpoint: _117_ (rising edge-triggered flip-flop clocked by clk)
Path Group: clk
Path Type: min

Fanout         Cap        Slew       Delay        Time   Description
---------------------------------------------------------------------------------------------
                      0.150000    0.000000    0.000000   clock clk (rise edge)
                                  0.000000    0.000000   clock network delay (ideal)
                      0.150000    0.000000    0.000000 ^ _117_/CLK (sky130_fd_sc_hd__dfxtp_2)
     2    0.035511    0.139748    0.301423    0.301423 ^ _117_/Q (sky130_fd_sc_hd__dfxtp_2)
                                                         adc_out[3] (net)
                      0.139748    0.000000    0.301423 ^ _095_/A1 (sky130_fd_sc_hd__mux2_1)
     1    0.001748    0.023727    0.089597    0.391020 ^ _095_/X (sky130_fd_sc_hd__mux2_1)
                                                         _013_ (net)
                      0.023727    0.000000    0.391020 ^ _117_/D (sky130_fd_sc_hd__dfxtp_2)
                                              0.391020   data arrival time

                      0.150000    0.000000    0.000000   clock clk (rise edge)
                                  0.000000    0.000000   clock network delay (ideal)
                                  0.250000    0.250000   clock uncertainty
                                  0.000000    0.250000   clock reconvergence pessimism
                                              0.250000 ^ _117_/CLK (sky130_fd_sc_hd__dfxtp_2)
                                 -0.013954    0.236046   library hold time
                                              0.236046   data required time
---------------------------------------------------------------------------------------------
                                              0.236046   data required time
                                             -0.391020   data arrival time
---------------------------------------------------------------------------------------------
                                              0.154974   slack (MET)


Startpoint: _118_ (rising edge-triggered flip-flop clocked by clk)
Endpoint: _118_ (rising edge-triggered flip-flop clocked by clk)
Path Group: clk
Path Type: min

Fanout         Cap        Slew       Delay        Time   Description
---------------------------------------------------------------------------------------------
                      0.150000    0.000000    0.000000   clock clk (rise edge)
                                  0.000000    0.000000   clock network delay (ideal)
                      0.150000    0.000000    0.000000 ^ _118_/CLK (sky130_fd_sc_hd__dfxtp_2)
     2    0.035511    0.139748    0.301423    0.301423 ^ _118_/Q (sky130_fd_sc_hd__dfxtp_2)
                                                         adc_out[4] (net)
                      0.139748    0.000000    0.301423 ^ _096_/A1 (sky130_fd_sc_hd__mux2_1)
     1    0.001748    0.023727    0.089597    0.391020 ^ _096_/X (sky130_fd_sc_hd__mux2_1)
                                                         _014_ (net)
                      0.023727    0.000000    0.391020 ^ _118_/D (sky130_fd_sc_hd__dfxtp_2)
                                              0.391020   data arrival time

                      0.150000    0.000000    0.000000   clock clk (rise edge)
                                  0.000000    0.000000   clock network delay (ideal)
                                  0.250000    0.250000   clock uncertainty
                                  0.000000    0.250000   clock reconvergence pessimism
                                              0.250000 ^ _118_/CLK (sky130_fd_sc_hd__dfxtp_2)
                                 -0.013954    0.236046   library hold time
                                              0.236046   data required time
---------------------------------------------------------------------------------------------
                                              0.236046   data required time
                                             -0.391020   data arrival time
---------------------------------------------------------------------------------------------
                                              0.154974   slack (MET)


Startpoint: _119_ (rising edge-triggered flip-flop clocked by clk)
Endpoint: _119_ (rising edge-triggered flip-flop clocked by clk)
Path Group: clk
Path Type: min

Fanout         Cap        Slew       Delay        Time   Description
---------------------------------------------------------------------------------------------
                      0.150000    0.000000    0.000000   clock clk (rise edge)
                                  0.000000    0.000000   clock network delay (ideal)
                      0.150000    0.000000    0.000000 ^ _119_/CLK (sky130_fd_sc_hd__dfxtp_2)
     2    0.035511    0.139748    0.301423    0.301423 ^ _119_/Q (sky130_fd_sc_hd__dfxtp_2)
                                                         adc_out[5] (net)
                      0.139748    0.000000    0.301423 ^ _097_/A1 (sky130_fd_sc_hd__mux2_1)
     1    0.001748    0.023727    0.089597    0.391020 ^ _097_/X (sky130_fd_sc_hd__mux2_1)
                                                         _015_ (net)
                      0.023727    0.000000    0.391020 ^ _119_/D (sky130_fd_sc_hd__dfxtp_2)
                                              0.391020   data arrival time

                      0.150000    0.000000    0.000000   clock clk (rise edge)
                                  0.000000    0.000000   clock network delay (ideal)
                                  0.250000    0.250000   clock uncertainty
                                  0.000000    0.250000   clock reconvergence pessimism
                                              0.250000 ^ _119_/CLK (sky130_fd_sc_hd__dfxtp_2)
                                 -0.013954    0.236046   library hold time
                                              0.236046   data required time
---------------------------------------------------------------------------------------------
                                              0.236046   data required time
                                             -0.391020   data arrival time
---------------------------------------------------------------------------------------------
                                              0.154974   slack (MET)


Startpoint: _120_ (rising edge-triggered flip-flop clocked by clk)
Endpoint: _120_ (rising edge-triggered flip-flop clocked by clk)
Path Group: clk
Path Type: min

Fanout         Cap        Slew       Delay        Time   Description
---------------------------------------------------------------------------------------------
                      0.150000    0.000000    0.000000   clock clk (rise edge)
                                  0.000000    0.000000   clock network delay (ideal)
                      0.150000    0.000000    0.000000 ^ _120_/CLK (sky130_fd_sc_hd__dfxtp_2)
     2    0.035511    0.139748    0.301423    0.301423 ^ _120_/Q (sky130_fd_sc_hd__dfxtp_2)
                                                         adc_out[6] (net)
                      0.139748    0.000000    0.301423 ^ _098_/A1 (sky130_fd_sc_hd__mux2_1)
     1    0.001748    0.023727    0.089597    0.391020 ^ _098_/X (sky130_fd_sc_hd__mux2_1)
                                                         _016_ (net)
                      0.023727    0.000000    0.391020 ^ _120_/D (sky130_fd_sc_hd__dfxtp_2)
                                              0.391020   data arrival time

                      0.150000    0.000000    0.000000   clock clk (rise edge)
                                  0.000000    0.000000   clock network delay (ideal)
                                  0.250000    0.250000   clock uncertainty
                                  0.000000    0.250000   clock reconvergence pessimism
                                              0.250000 ^ _120_/CLK (sky130_fd_sc_hd__dfxtp_2)
                                 -0.013954    0.236046   library hold time
                                              0.236046   data required time
---------------------------------------------------------------------------------------------
                                              0.236046   data required time
                                             -0.391020   data arrival time
---------------------------------------------------------------------------------------------
                                              0.154974   slack (MET)


Startpoint: _121_ (rising edge-triggered flip-flop clocked by clk)
Endpoint: _121_ (rising edge-triggered flip-flop clocked by clk)
Path Group: clk
Path Type: min

Fanout         Cap        Slew       Delay        Time   Description
---------------------------------------------------------------------------------------------
                      0.150000    0.000000    0.000000   clock clk (rise edge)
                                  0.000000    0.000000   clock network delay (ideal)
                      0.150000    0.000000    0.000000 ^ _121_/CLK (sky130_fd_sc_hd__dfxtp_2)
     2    0.035511    0.139748    0.301423    0.301423 ^ _121_/Q (sky130_fd_sc_hd__dfxtp_2)
                                                         adc_out[7] (net)
                      0.139748    0.000000    0.301423 ^ _099_/A1 (sky130_fd_sc_hd__mux2_1)
     1    0.001748    0.023727    0.089597    0.391020 ^ _099_/X (sky130_fd_sc_hd__mux2_1)
                                                         _017_ (net)
                      0.023727    0.000000    0.391020 ^ _121_/D (sky130_fd_sc_hd__dfxtp_2)
                                              0.391020   data arrival time

                      0.150000    0.000000    0.000000   clock clk (rise edge)
                                  0.000000    0.000000   clock network delay (ideal)
                                  0.250000    0.250000   clock uncertainty
                                  0.000000    0.250000   clock reconvergence pessimism
                                              0.250000 ^ _121_/CLK (sky130_fd_sc_hd__dfxtp_2)
                                 -0.013954    0.236046   library hold time
                                              0.236046   data required time
---------------------------------------------------------------------------------------------
                                              0.236046   data required time
                                             -0.391020   data arrival time
---------------------------------------------------------------------------------------------
                                              0.154974   slack (MET)


Startpoint: _106_ (rising edge-triggered flip-flop clocked by clk)
Endpoint: _111_ (rising edge-triggered flip-flop clocked by clk)
Path Group: clk
Path Type: min

Fanout         Cap        Slew       Delay        Time   Description
---------------------------------------------------------------------------------------------
                      0.150000    0.000000    0.000000   clock clk (rise edge)
                                  0.000000    0.000000   clock network delay (ideal)
                      0.150000    0.000000    0.000000 ^ _106_/CLK (sky130_fd_sc_hd__dfxtp_2)
    10    0.023630    0.095970    0.270901    0.270901 ^ _106_/Q (sky130_fd_sc_hd__dfxtp_2)
                                                         count[2] (net)
                      0.095970    0.000000    0.270901 ^ _082_/A (sky130_fd_sc_hd__or4bb_2)
     2    0.008314    0.039978    0.102813    0.373714 ^ _082_/X (sky130_fd_sc_hd__or4bb_2)
                                                         _043_ (net)
                      0.039978    0.000000    0.373714 ^ _084_/A1 (sky130_fd_sc_hd__a21oi_2)
     1    0.001783    0.018986    0.023224    0.396939 v _084_/Y (sky130_fd_sc_hd__a21oi_2)
                                                         _007_ (net)
                      0.018986    0.000000    0.396939 v _111_/D (sky130_fd_sc_hd__dfxtp_2)
                                              0.396939   data arrival time

                      0.150000    0.000000    0.000000   clock clk (rise edge)
                                  0.000000    0.000000   clock network delay (ideal)
                                  0.250000    0.250000   clock uncertainty
                                  0.000000    0.250000   clock reconvergence pessimism
                                              0.250000 ^ _111_/CLK (sky130_fd_sc_hd__dfxtp_2)
                                 -0.018959    0.231041   library hold time
                                              0.231041   data required time
---------------------------------------------------------------------------------------------
                                              0.231041   data required time
                                             -0.396939   data arrival time
---------------------------------------------------------------------------------------------
                                              0.165898   slack (MET)


Startpoint: _106_ (rising edge-triggered flip-flop clocked by clk)
Endpoint: _112_ (rising edge-triggered flip-flop clocked by clk)
Path Group: clk
Path Type: min

Fanout         Cap        Slew       Delay        Time   Description
---------------------------------------------------------------------------------------------
                      0.150000    0.000000    0.000000   clock clk (rise edge)
                                  0.000000    0.000000   clock network delay (ideal)
                      0.150000    0.000000    0.000000 ^ _106_/CLK (sky130_fd_sc_hd__dfxtp_2)
    10    0.023630    0.095970    0.270901    0.270901 ^ _106_/Q (sky130_fd_sc_hd__dfxtp_2)
                                                         count[2] (net)
                      0.095970    0.000000    0.270901 ^ _085_/B (sky130_fd_sc_hd__or4b_2)
     2    0.008314    0.046932    0.105527    0.376428 ^ _085_/X (sky130_fd_sc_hd__or4b_2)
                                                         _045_ (net)
                      0.046932    0.000000    0.376428 ^ _087_/A1 (sky130_fd_sc_hd__a21oi_2)
     1    0.001783    0.018986    0.024435    0.400863 v _087_/Y (sky130_fd_sc_hd__a21oi_2)
                                                         _008_ (net)
                      0.018986    0.000000    0.400863 v _112_/D (sky130_fd_sc_hd__dfxtp_2)
                                              0.400863   data arrival time

                      0.150000    0.000000    0.000000   clock clk (rise edge)
                                  0.000000    0.000000   clock network delay (ideal)
                                  0.250000    0.250000   clock uncertainty
                                  0.000000    0.250000   clock reconvergence pessimism
                                              0.250000 ^ _112_/CLK (sky130_fd_sc_hd__dfxtp_2)
                                 -0.018959    0.231041   library hold time
                                              0.231041   data required time
---------------------------------------------------------------------------------------------
                                              0.231041   data required time
                                             -0.400863   data arrival time
---------------------------------------------------------------------------------------------
                                              0.169822   slack (MET)


Startpoint: _106_ (rising edge-triggered flip-flop clocked by clk)
Endpoint: _113_ (rising edge-triggered flip-flop clocked by clk)
Path Group: clk
Path Type: min

Fanout         Cap        Slew       Delay        Time   Description
---------------------------------------------------------------------------------------------
                      0.150000    0.000000    0.000000   clock clk (rise edge)
                                  0.000000    0.000000   clock network delay (ideal)
                      0.150000    0.000000    0.000000 ^ _106_/CLK (sky130_fd_sc_hd__dfxtp_2)
    10    0.023630    0.095970    0.270901    0.270901 ^ _106_/Q (sky130_fd_sc_hd__dfxtp_2)
                                                         count[2] (net)
                      0.095970    0.000000    0.270901 ^ _088_/B (sky130_fd_sc_hd__or4b_2)
     2    0.008314    0.046935    0.105527    0.376428 ^ _088_/X (sky130_fd_sc_hd__or4b_2)
                                                         _047_ (net)
                      0.046935    0.000000    0.376428 ^ _090_/A1 (sky130_fd_sc_hd__a21oi_2)
     1    0.001783    0.018986    0.024435    0.400863 v _090_/Y (sky130_fd_sc_hd__a21oi_2)
                                                         _009_ (net)
                      0.018986    0.000000    0.400863 v _113_/D (sky130_fd_sc_hd__dfxtp_2)
                                              0.400863   data arrival time

                      0.150000    0.000000    0.000000   clock clk (rise edge)
                                  0.000000    0.000000   clock network delay (ideal)
                                  0.250000    0.250000   clock uncertainty
                                  0.000000    0.250000   clock reconvergence pessimism
                                              0.250000 ^ _113_/CLK (sky130_fd_sc_hd__dfxtp_2)
                                 -0.018959    0.231041   library hold time
                                              0.231041   data required time
---------------------------------------------------------------------------------------------
                                              0.231041   data required time
                                             -0.400863   data arrival time
---------------------------------------------------------------------------------------------
                                              0.169822   slack (MET)


Startpoint: _106_ (rising edge-triggered flip-flop clocked by clk)
Endpoint: _109_ (rising edge-triggered flip-flop clocked by clk)
Path Group: clk
Path Type: min

Fanout         Cap        Slew       Delay        Time   Description
---------------------------------------------------------------------------------------------
                      0.150000    0.000000    0.000000   clock clk (rise edge)
                                  0.000000    0.000000   clock network delay (ideal)
                      0.150000    0.000000    0.000000 ^ _106_/CLK (sky130_fd_sc_hd__dfxtp_2)
    10    0.021032    0.044395    0.248450    0.248450 v _106_/Q (sky130_fd_sc_hd__dfxtp_2)
                                                         count[2] (net)
                      0.044395    0.000000    0.248450 v _076_/C_N (sky130_fd_sc_hd__or4bb_2)
     2    0.008314    0.039978    0.138149    0.386599 ^ _076_/X (sky130_fd_sc_hd__or4bb_2)
                                                         _039_ (net)
                      0.039978    0.000000    0.386599 ^ _078_/A1 (sky130_fd_sc_hd__a21oi_2)
     1    0.001783    0.018986    0.023224    0.409823 v _078_/Y (sky130_fd_sc_hd__a21oi_2)
                                                         _005_ (net)
                      0.018986    0.000000    0.409823 v _109_/D (sky130_fd_sc_hd__dfxtp_2)
                                              0.409823   data arrival time

                      0.150000    0.000000    0.000000   clock clk (rise edge)
                                  0.000000    0.000000   clock network delay (ideal)
                                  0.250000    0.250000   clock uncertainty
                                  0.000000    0.250000   clock reconvergence pessimism
                                              0.250000 ^ _109_/CLK (sky130_fd_sc_hd__dfxtp_2)
                                 -0.018959    0.231041   library hold time
                                              0.231041   data required time
---------------------------------------------------------------------------------------------
                                              0.231041   data required time
                                             -0.409823   data arrival time
---------------------------------------------------------------------------------------------
                                              0.178782   slack (MET)


Startpoint: _110_ (rising edge-triggered flip-flop clocked by clk)
Endpoint: _110_ (rising edge-triggered flip-flop clocked by clk)
Path Group: clk
Path Type: min

Fanout         Cap        Slew       Delay        Time   Description
---------------------------------------------------------------------------------------------
                      0.150000    0.000000    0.000000   clock clk (rise edge)
                                  0.000000    0.000000   clock network delay (ideal)
                      0.150000    0.000000    0.000000 ^ _110_/CLK (sky130_fd_sc_hd__dfxtp_2)
     3    0.039304    0.069780    0.272259    0.272259 v _110_/Q (sky130_fd_sc_hd__dfxtp_2)
                                                         dac_in[2] (net)
                      0.069780    0.000000    0.272259 v _056_/A (sky130_fd_sc_hd__inv_2)
     1    0.002069    0.022763    0.036658    0.308917 ^ _056_/Y (sky130_fd_sc_hd__inv_2)
                                                         _024_ (net)
                      0.022763    0.000000    0.308917 ^ _080_/A1 (sky130_fd_sc_hd__mux2_1)
     1    0.005062    0.043626    0.081455    0.390371 ^ _080_/X (sky130_fd_sc_hd__mux2_1)
                                                         _042_ (net)
                      0.043626    0.000000    0.390371 ^ _081_/A2 (sky130_fd_sc_hd__a21oi_2)
     1    0.001783    0.018986    0.027690    0.418061 v _081_/Y (sky130_fd_sc_hd__a21oi_2)
                                                         _006_ (net)
                      0.018986    0.000000    0.418061 v _110_/D (sky130_fd_sc_hd__dfxtp_2)
                                              0.418061   data arrival time

                      0.150000    0.000000    0.000000   clock clk (rise edge)
                                  0.000000    0.000000   clock network delay (ideal)
                                  0.250000    0.250000   clock uncertainty
                                  0.000000    0.250000   clock reconvergence pessimism
                                              0.250000 ^ _110_/CLK (sky130_fd_sc_hd__dfxtp_2)
                                 -0.018959    0.231041   library hold time
                                              0.231041   data required time
---------------------------------------------------------------------------------------------
                                              0.231041   data required time
                                             -0.418061   data arrival time
---------------------------------------------------------------------------------------------
                                              0.187020   slack (MET)


Startpoint: _106_ (rising edge-triggered flip-flop clocked by clk)
Endpoint: _122_ (rising edge-triggered flip-flop clocked by clk)
Path Group: clk
Path Type: min

Fanout         Cap        Slew       Delay        Time   Description
---------------------------------------------------------------------------------------------
                      0.150000    0.000000    0.000000   clock clk (rise edge)
                                  0.000000    0.000000   clock network delay (ideal)
                      0.150000    0.000000    0.000000 ^ _106_/CLK (sky130_fd_sc_hd__dfxtp_2)
    10    0.023630    0.095970    0.270901    0.270901 ^ _106_/Q (sky130_fd_sc_hd__dfxtp_2)
                                                         count[2] (net)
                      0.095970    0.000000    0.270901 ^ _060_/C (sky130_fd_sc_hd__nor3_2)
     3    0.006031    0.030397    0.029737    0.300638 v _060_/Y (sky130_fd_sc_hd__nor3_2)
                                                         _028_ (net)
                      0.030397    0.000000    0.300638 v _101_/A1 (sky130_fd_sc_hd__o21a_2)
     1    0.001783    0.014183    0.121410    0.422048 v _101_/X (sky130_fd_sc_hd__o21a_2)
                                                         _018_ (net)
                      0.014183    0.000000    0.422048 v _122_/D (sky130_fd_sc_hd__dfxtp_2)
                                              0.422048   data arrival time

                      0.150000    0.000000    0.000000   clock clk (rise edge)
                                  0.000000    0.000000   clock network delay (ideal)
                                  0.250000    0.250000   clock uncertainty
                                  0.000000    0.250000   clock reconvergence pessimism
                                              0.250000 ^ _122_/CLK (sky130_fd_sc_hd__dfxtp_2)
                                 -0.017358    0.232642   library hold time
                                              0.232642   data required time
---------------------------------------------------------------------------------------------
                                              0.232642   data required time
                                             -0.422048   data arrival time
---------------------------------------------------------------------------------------------
                                              0.189407   slack (MET)


Startpoint: _106_ (rising edge-triggered flip-flop clocked by clk)
Endpoint: _106_ (rising edge-triggered flip-flop clocked by clk)
Path Group: clk
Path Type: min

Fanout         Cap        Slew       Delay        Time   Description
---------------------------------------------------------------------------------------------
                      0.150000    0.000000    0.000000   clock clk (rise edge)
                                  0.000000    0.000000   clock network delay (ideal)
                      0.150000    0.000000    0.000000 ^ _106_/CLK (sky130_fd_sc_hd__dfxtp_2)
    10    0.023630    0.095970    0.270901    0.270901 ^ _106_/Q (sky130_fd_sc_hd__dfxtp_2)
                                                         count[2] (net)
                      0.095970    0.000000    0.270901 ^ _067_/B1 (sky130_fd_sc_hd__a21o_2)
     1    0.001676    0.016750    0.055156    0.326057 ^ _067_/X (sky130_fd_sc_hd__a21o_2)
                                                         _033_ (net)
                      0.016750    0.000000    0.326057 ^ _068_/D (sky130_fd_sc_hd__and4_2)
     1    0.001748    0.027700    0.111119    0.437175 ^ _068_/X (sky130_fd_sc_hd__and4_2)
                                                         _002_ (net)
                      0.027700    0.000000    0.437175 ^ _106_/D (sky130_fd_sc_hd__dfxtp_2)
                                              0.437175   data arrival time

                      0.150000    0.000000    0.000000   clock clk (rise edge)
                                  0.000000    0.000000   clock network delay (ideal)
                                  0.250000    0.250000   clock uncertainty
                                  0.000000    0.250000   clock reconvergence pessimism
                                              0.250000 ^ _106_/CLK (sky130_fd_sc_hd__dfxtp_2)
                                 -0.014231    0.235769   library hold time
                                              0.235769   data required time
---------------------------------------------------------------------------------------------
                                              0.235769   data required time
                                             -0.437175   data arrival time
---------------------------------------------------------------------------------------------
                                              0.201406   slack (MET)


Startpoint: _114_ (rising edge-triggered flip-flop clocked by clk)
Endpoint: adc_out[0] (output port clocked by clk)
Path Group: clk
Path Type: min

Fanout         Cap        Slew       Delay        Time   Description
---------------------------------------------------------------------------------------------
                      0.150000    0.000000    0.000000   clock clk (rise edge)
                                  0.000000    0.000000   clock network delay (ideal)
                      0.150000    0.000000    0.000000 ^ _114_/CLK (sky130_fd_sc_hd__dfxtp_2)
     2    0.035338    0.064270    0.267091    0.267091 v _114_/Q (sky130_fd_sc_hd__dfxtp_2)
                                                         adc_out[0] (net)
                      0.064270    0.000000    0.267091 v adc_out[0] (out)
                                              0.267091   data arrival time

                      0.150000    0.000000    0.000000   clock clk (rise edge)
                                  0.000000    0.000000   clock network delay (ideal)
                                  0.250000    0.250000   clock uncertainty
                                  0.000000    0.250000   clock reconvergence pessimism
                                -10.000000   -9.750000   output external delay
                                             -9.750000   data required time
---------------------------------------------------------------------------------------------
                                             -9.750000   data required time
                                             -0.267091   data arrival time
---------------------------------------------------------------------------------------------
                                             10.017092   slack (MET)


Startpoint: _115_ (rising edge-triggered flip-flop clocked by clk)
Endpoint: adc_out[1] (output port clocked by clk)
Path Group: clk
Path Type: min

Fanout         Cap        Slew       Delay        Time   Description
---------------------------------------------------------------------------------------------
                      0.150000    0.000000    0.000000   clock clk (rise edge)
                                  0.000000    0.000000   clock network delay (ideal)
                      0.150000    0.000000    0.000000 ^ _115_/CLK (sky130_fd_sc_hd__dfxtp_2)
     2    0.035338    0.064270    0.267091    0.267091 v _115_/Q (sky130_fd_sc_hd__dfxtp_2)
                                                         adc_out[1] (net)
                      0.064270    0.000000    0.267091 v adc_out[1] (out)
                                              0.267091   data arrival time

                      0.150000    0.000000    0.000000   clock clk (rise edge)
                                  0.000000    0.000000   clock network delay (ideal)
                                  0.250000    0.250000   clock uncertainty
                                  0.000000    0.250000   clock reconvergence pessimism
                                -10.000000   -9.750000   output external delay
                                             -9.750000   data required time
---------------------------------------------------------------------------------------------
                                             -9.750000   data required time
                                             -0.267091   data arrival time
---------------------------------------------------------------------------------------------
                                             10.017092   slack (MET)


Startpoint: _116_ (rising edge-triggered flip-flop clocked by clk)
Endpoint: adc_out[2] (output port clocked by clk)
Path Group: clk
Path Type: min

Fanout         Cap        Slew       Delay        Time   Description
---------------------------------------------------------------------------------------------
                      0.150000    0.000000    0.000000   clock clk (rise edge)
                                  0.000000    0.000000   clock network delay (ideal)
                      0.150000    0.000000    0.000000 ^ _116_/CLK (sky130_fd_sc_hd__dfxtp_2)
     2    0.035338    0.064270    0.267091    0.267091 v _116_/Q (sky130_fd_sc_hd__dfxtp_2)
                                                         adc_out[2] (net)
                      0.064270    0.000000    0.267091 v adc_out[2] (out)
                                              0.267091   data arrival time

                      0.150000    0.000000    0.000000   clock clk (rise edge)
                                  0.000000    0.000000   clock network delay (ideal)
                                  0.250000    0.250000   clock uncertainty
                                  0.000000    0.250000   clock reconvergence pessimism
                                -10.000000   -9.750000   output external delay
                                             -9.750000   data required time
---------------------------------------------------------------------------------------------
                                             -9.750000   data required time
                                             -0.267091   data arrival time
---------------------------------------------------------------------------------------------
                                             10.017092   slack (MET)


Startpoint: _117_ (rising edge-triggered flip-flop clocked by clk)
Endpoint: adc_out[3] (output port clocked by clk)
Path Group: clk
Path Type: min

Fanout         Cap        Slew       Delay        Time   Description
---------------------------------------------------------------------------------------------
                      0.150000    0.000000    0.000000   clock clk (rise edge)
                                  0.000000    0.000000   clock network delay (ideal)
                      0.150000    0.000000    0.000000 ^ _117_/CLK (sky130_fd_sc_hd__dfxtp_2)
     2    0.035338    0.064270    0.267091    0.267091 v _117_/Q (sky130_fd_sc_hd__dfxtp_2)
                                                         adc_out[3] (net)
                      0.064270    0.000000    0.267091 v adc_out[3] (out)
                                              0.267091   data arrival time

                      0.150000    0.000000    0.000000   clock clk (rise edge)
                                  0.000000    0.000000   clock network delay (ideal)
                                  0.250000    0.250000   clock uncertainty
                                  0.000000    0.250000   clock reconvergence pessimism
                                -10.000000   -9.750000   output external delay
                                             -9.750000   data required time
---------------------------------------------------------------------------------------------
                                             -9.750000   data required time
                                             -0.267091   data arrival time
---------------------------------------------------------------------------------------------
                                             10.017092   slack (MET)


Startpoint: _118_ (rising edge-triggered flip-flop clocked by clk)
Endpoint: adc_out[4] (output port clocked by clk)
Path Group: clk
Path Type: min

Fanout         Cap        Slew       Delay        Time   Description
---------------------------------------------------------------------------------------------
                      0.150000    0.000000    0.000000   clock clk (rise edge)
                                  0.000000    0.000000   clock network delay (ideal)
                      0.150000    0.000000    0.000000 ^ _118_/CLK (sky130_fd_sc_hd__dfxtp_2)
     2    0.035338    0.064270    0.267091    0.267091 v _118_/Q (sky130_fd_sc_hd__dfxtp_2)
                                                         adc_out[4] (net)
                      0.064270    0.000000    0.267091 v adc_out[4] (out)
                                              0.267091   data arrival time

                      0.150000    0.000000    0.000000   clock clk (rise edge)
                                  0.000000    0.000000   clock network delay (ideal)
                                  0.250000    0.250000   clock uncertainty
                                  0.000000    0.250000   clock reconvergence pessimism
                                -10.000000   -9.750000   output external delay
                                             -9.750000   data required time
---------------------------------------------------------------------------------------------
                                             -9.750000   data required time
                                             -0.267091   data arrival time
---------------------------------------------------------------------------------------------
                                             10.017092   slack (MET)


Startpoint: _119_ (rising edge-triggered flip-flop clocked by clk)
Endpoint: adc_out[5] (output port clocked by clk)
Path Group: clk
Path Type: min

Fanout         Cap        Slew       Delay        Time   Description
---------------------------------------------------------------------------------------------
                      0.150000    0.000000    0.000000   clock clk (rise edge)
                                  0.000000    0.000000   clock network delay (ideal)
                      0.150000    0.000000    0.000000 ^ _119_/CLK (sky130_fd_sc_hd__dfxtp_2)
     2    0.035338    0.064270    0.267091    0.267091 v _119_/Q (sky130_fd_sc_hd__dfxtp_2)
                                                         adc_out[5] (net)
                      0.064270    0.000000    0.267091 v adc_out[5] (out)
                                              0.267091   data arrival time

                      0.150000    0.000000    0.000000   clock clk (rise edge)
                                  0.000000    0.000000   clock network delay (ideal)
                                  0.250000    0.250000   clock uncertainty
                                  0.000000    0.250000   clock reconvergence pessimism
                                -10.000000   -9.750000   output external delay
                                             -9.750000   data required time
---------------------------------------------------------------------------------------------
                                             -9.750000   data required time
                                             -0.267091   data arrival time
---------------------------------------------------------------------------------------------
                                             10.017092   slack (MET)


Startpoint: _120_ (rising edge-triggered flip-flop clocked by clk)
Endpoint: adc_out[6] (output port clocked by clk)
Path Group: clk
Path Type: min

Fanout         Cap        Slew       Delay        Time   Description
---------------------------------------------------------------------------------------------
                      0.150000    0.000000    0.000000   clock clk (rise edge)
                                  0.000000    0.000000   clock network delay (ideal)
                      0.150000    0.000000    0.000000 ^ _120_/CLK (sky130_fd_sc_hd__dfxtp_2)
     2    0.035338    0.064270    0.267091    0.267091 v _120_/Q (sky130_fd_sc_hd__dfxtp_2)
                                                         adc_out[6] (net)
                      0.064270    0.000000    0.267091 v adc_out[6] (out)
                                              0.267091   data arrival time

                      0.150000    0.000000    0.000000   clock clk (rise edge)
                                  0.000000    0.000000   clock network delay (ideal)
                                  0.250000    0.250000   clock uncertainty
                                  0.000000    0.250000   clock reconvergence pessimism
                                -10.000000   -9.750000   output external delay
                                             -9.750000   data required time
---------------------------------------------------------------------------------------------
                                             -9.750000   data required time
                                             -0.267091   data arrival time
---------------------------------------------------------------------------------------------
                                             10.017092   slack (MET)


Startpoint: _121_ (rising edge-triggered flip-flop clocked by clk)
Endpoint: adc_out[7] (output port clocked by clk)
Path Group: clk
Path Type: min

Fanout         Cap        Slew       Delay        Time   Description
---------------------------------------------------------------------------------------------
                      0.150000    0.000000    0.000000   clock clk (rise edge)
                                  0.000000    0.000000   clock network delay (ideal)
                      0.150000    0.000000    0.000000 ^ _121_/CLK (sky130_fd_sc_hd__dfxtp_2)
     2    0.035338    0.064270    0.267091    0.267091 v _121_/Q (sky130_fd_sc_hd__dfxtp_2)
                                                         adc_out[7] (net)
                      0.064270    0.000000    0.267091 v adc_out[7] (out)
                                              0.267091   data arrival time

                      0.150000    0.000000    0.000000   clock clk (rise edge)
                                  0.000000    0.000000   clock network delay (ideal)
                                  0.250000    0.250000   clock uncertainty
                                  0.000000    0.250000   clock reconvergence pessimism
                                -10.000000   -9.750000   output external delay
                                             -9.750000   data required time
---------------------------------------------------------------------------------------------
                                             -9.750000   data required time
                                             -0.267091   data arrival time
---------------------------------------------------------------------------------------------
                                             10.017092   slack (MET)


Startpoint: _123_ (rising edge-triggered flip-flop clocked by clk)
Endpoint: dac_in[7] (output port clocked by clk)
Path Group: clk
Path Type: min

Fanout         Cap        Slew       Delay        Time   Description
---------------------------------------------------------------------------------------------
                      0.150000    0.000000    0.000000   clock clk (rise edge)
                                  0.000000    0.000000   clock network delay (ideal)
                      0.150000    0.000000    0.000000 ^ _123_/CLK (sky130_fd_sc_hd__dfxtp_2)
     3    0.036658    0.066104    0.268811    0.268811 v _123_/Q (sky130_fd_sc_hd__dfxtp_2)
                                                         dac_in[7] (net)
                      0.066104    0.000000    0.268811 v dac_in[7] (out)
                                              0.268811   data arrival time

                      0.150000    0.000000    0.000000   clock clk (rise edge)
                                  0.000000    0.000000   clock network delay (ideal)
                                  0.250000    0.250000   clock uncertainty
                                  0.000000    0.250000   clock reconvergence pessimism
                                -10.000000   -9.750000   output external delay
                                             -9.750000   data required time
---------------------------------------------------------------------------------------------
                                             -9.750000   data required time
                                             -0.268811   data arrival time
---------------------------------------------------------------------------------------------
                                             10.018811   slack (MET)


Startpoint: _122_ (rising edge-triggered flip-flop clocked by clk)
Endpoint: dac_in[6] (output port clocked by clk)
Path Group: clk
Path Type: min

Fanout         Cap        Slew       Delay        Time   Description
---------------------------------------------------------------------------------------------
                      0.150000    0.000000    0.000000   clock clk (rise edge)
                                  0.000000    0.000000   clock network delay (ideal)
                      0.150000    0.000000    0.000000 ^ _122_/CLK (sky130_fd_sc_hd__dfxtp_2)
     3    0.036915    0.066461    0.269146    0.269146 v _122_/Q (sky130_fd_sc_hd__dfxtp_2)
                                                         dac_in[6] (net)
                      0.066461    0.000000    0.269146 v dac_in[6] (out)
                                              0.269146   data arrival time

                      0.150000    0.000000    0.000000   clock clk (rise edge)
                                  0.000000    0.000000   clock network delay (ideal)
                                  0.250000    0.250000   clock uncertainty
                                  0.000000    0.250000   clock reconvergence pessimism
                                -10.000000   -9.750000   output external delay
                                             -9.750000   data required time
---------------------------------------------------------------------------------------------
                                             -9.750000   data required time
                                             -0.269146   data arrival time
---------------------------------------------------------------------------------------------
                                             10.019146   slack (MET)


Startpoint: _108_ (rising edge-triggered flip-flop clocked by clk)
Endpoint: dac_in[0] (output port clocked by clk)
Path Group: clk
Path Type: min

Fanout         Cap        Slew       Delay        Time   Description
---------------------------------------------------------------------------------------------
                      0.150000    0.000000    0.000000   clock clk (rise edge)
                                  0.000000    0.000000   clock network delay (ideal)
                      0.150000    0.000000    0.000000 ^ _108_/CLK (sky130_fd_sc_hd__dfxtp_2)
     3    0.039286    0.069755    0.272235    0.272235 v _108_/Q (sky130_fd_sc_hd__dfxtp_2)
                                                         dac_in[0] (net)
                      0.069755    0.000000    0.272235 v dac_in[0] (out)
                                              0.272235   data arrival time

                      0.150000    0.000000    0.000000   clock clk (rise edge)
                                  0.000000    0.000000   clock network delay (ideal)
                                  0.250000    0.250000   clock uncertainty
                                  0.000000    0.250000   clock reconvergence pessimism
                                -10.000000   -9.750000   output external delay
                                             -9.750000   data required time
---------------------------------------------------------------------------------------------
                                             -9.750000   data required time
                                             -0.272235   data arrival time
---------------------------------------------------------------------------------------------
                                             10.022236   slack (MET)


Startpoint: _109_ (rising edge-triggered flip-flop clocked by clk)
Endpoint: dac_in[1] (output port clocked by clk)
Path Group: clk
Path Type: min

Fanout         Cap        Slew       Delay        Time   Description
---------------------------------------------------------------------------------------------
                      0.150000    0.000000    0.000000   clock clk (rise edge)
                                  0.000000    0.000000   clock network delay (ideal)
                      0.150000    0.000000    0.000000 ^ _109_/CLK (sky130_fd_sc_hd__dfxtp_2)
     3    0.039304    0.069780    0.272259    0.272259 v _109_/Q (sky130_fd_sc_hd__dfxtp_2)
                                                         dac_in[1] (net)
                      0.069780    0.000000    0.272259 v dac_in[1] (out)
                                              0.272259   data arrival time

                      0.150000    0.000000    0.000000   clock clk (rise edge)
                                  0.000000    0.000000   clock network delay (ideal)
                                  0.250000    0.250000   clock uncertainty
                                  0.000000    0.250000   clock reconvergence pessimism
                                -10.000000   -9.750000   output external delay
                                             -9.750000   data required time
---------------------------------------------------------------------------------------------
                                             -9.750000   data required time
                                             -0.272259   data arrival time
---------------------------------------------------------------------------------------------
                                             10.022259   slack (MET)


Startpoint: _110_ (rising edge-triggered flip-flop clocked by clk)
Endpoint: dac_in[2] (output port clocked by clk)
Path Group: clk
Path Type: min

Fanout         Cap        Slew       Delay        Time   Description
---------------------------------------------------------------------------------------------
                      0.150000    0.000000    0.000000   clock clk (rise edge)
                                  0.000000    0.000000   clock network delay (ideal)
                      0.150000    0.000000    0.000000 ^ _110_/CLK (sky130_fd_sc_hd__dfxtp_2)
     3    0.039304    0.069780    0.272259    0.272259 v _110_/Q (sky130_fd_sc_hd__dfxtp_2)
                                                         dac_in[2] (net)
                      0.069780    0.000000    0.272259 v dac_in[2] (out)
                                              0.272259   data arrival time

                      0.150000    0.000000    0.000000   clock clk (rise edge)
                                  0.000000    0.000000   clock network delay (ideal)
                                  0.250000    0.250000   clock uncertainty
                                  0.000000    0.250000   clock reconvergence pessimism
                                -10.000000   -9.750000   output external delay
                                             -9.750000   data required time
---------------------------------------------------------------------------------------------
                                             -9.750000   data required time
                                             -0.272259   data arrival time
---------------------------------------------------------------------------------------------
                                             10.022259   slack (MET)


Startpoint: _111_ (rising edge-triggered flip-flop clocked by clk)
Endpoint: dac_in[3] (output port clocked by clk)
Path Group: clk
Path Type: min

Fanout         Cap        Slew       Delay        Time   Description
---------------------------------------------------------------------------------------------
                      0.150000    0.000000    0.000000   clock clk (rise edge)
                                  0.000000    0.000000   clock network delay (ideal)
                      0.150000    0.000000    0.000000 ^ _111_/CLK (sky130_fd_sc_hd__dfxtp_2)
     3    0.039304    0.069780    0.272259    0.272259 v _111_/Q (sky130_fd_sc_hd__dfxtp_2)
                                                         dac_in[3] (net)
                      0.069780    0.000000    0.272259 v dac_in[3] (out)
                                              0.272259   data arrival time

                      0.150000    0.000000    0.000000   clock clk (rise edge)
                                  0.000000    0.000000   clock network delay (ideal)
                                  0.250000    0.250000   clock uncertainty
                                  0.000000    0.250000   clock reconvergence pessimism
                                -10.000000   -9.750000   output external delay
                                             -9.750000   data required time
---------------------------------------------------------------------------------------------
                                             -9.750000   data required time
                                             -0.272259   data arrival time
---------------------------------------------------------------------------------------------
                                             10.022259   slack (MET)


Startpoint: _112_ (rising edge-triggered flip-flop clocked by clk)
Endpoint: dac_in[4] (output port clocked by clk)
Path Group: clk
Path Type: min

Fanout         Cap        Slew       Delay        Time   Description
---------------------------------------------------------------------------------------------
                      0.150000    0.000000    0.000000   clock clk (rise edge)
                                  0.000000    0.000000   clock network delay (ideal)
                      0.150000    0.000000    0.000000 ^ _112_/CLK (sky130_fd_sc_hd__dfxtp_2)
     3    0.039304    0.069780    0.272259    0.272259 v _112_/Q (sky130_fd_sc_hd__dfxtp_2)
                                                         dac_in[4] (net)
                      0.069780    0.000000    0.272259 v dac_in[4] (out)
                                              0.272259   data arrival time

                      0.150000    0.000000    0.000000   clock clk (rise edge)
                                  0.000000    0.000000   clock network delay (ideal)
                                  0.250000    0.250000   clock uncertainty
                                  0.000000    0.250000   clock reconvergence pessimism
                                -10.000000   -9.750000   output external delay
                                             -9.750000   data required time
---------------------------------------------------------------------------------------------
                                             -9.750000   data required time
                                             -0.272259   data arrival time
---------------------------------------------------------------------------------------------
                                             10.022259   slack (MET)


Startpoint: _113_ (rising edge-triggered flip-flop clocked by clk)
Endpoint: dac_in[5] (output port clocked by clk)
Path Group: clk
Path Type: min

Fanout         Cap        Slew       Delay        Time   Description
---------------------------------------------------------------------------------------------
                      0.150000    0.000000    0.000000   clock clk (rise edge)
                                  0.000000    0.000000   clock network delay (ideal)
                      0.150000    0.000000    0.000000 ^ _113_/CLK (sky130_fd_sc_hd__dfxtp_2)
     3    0.039304    0.069780    0.272259    0.272259 v _113_/Q (sky130_fd_sc_hd__dfxtp_2)
                                                         dac_in[5] (net)
                      0.069780    0.000000    0.272259 v dac_in[5] (out)
                                              0.272259   data arrival time

                      0.150000    0.000000    0.000000   clock clk (rise edge)
                                  0.000000    0.000000   clock network delay (ideal)
                                  0.250000    0.250000   clock uncertainty
                                  0.000000    0.250000   clock reconvergence pessimism
                                -10.000000   -9.750000   output external delay
                                             -9.750000   data required time
---------------------------------------------------------------------------------------------
                                             -9.750000   data required time
                                             -0.272259   data arrival time
---------------------------------------------------------------------------------------------
                                             10.022259   slack (MET)



