Reading OpenROAD database at '/home/dt/Documents/madvlsi/final/schematics/controller/librelane/runs/RUN_2025-11-16_00-46-24/38-openroad-globalrouting/controller.odb'…
Reading library file at '/usr/local/share/pdk/ciel/sky130/versions/0fe599b2afb6708d281543108caf8310912f54af/sky130A/libs.ref/sky130_fd_sc_hd/lib/sky130_fd_sc_hd__tt_025C_1v80.lib'…
Reading design constraints file at '/nix/store/pqxyc4xmydcs5adig47yyc29r3svp5nx-python3-3.11.9-env/lib/python3.11/site-packages/librelane/scripts/base.sdc'…
[INFO] Using clock clk…
[INFO] Setting output delay to: 10
[INFO] Setting input delay to: 10
[INFO] Setting load to: 0.033442
[INFO] Setting clock uncertainty to: 0.25
[INFO] Setting clock transition to: 0.1499999999999999944488848768742172978818416595458984375
[INFO] Setting timing derate to: 5%
%OL_CREATE_REPORT /home/dt/Documents/madvlsi/final/schematics/controller/librelane/runs/RUN_2025-11-16_00-46-24/39-openroad-checkantennas/reports/antenna.rpt
Net: net13
  Pin:   _056_/A (sky130_fd_sc_hd__inv_2)
    Layer: mcon
      Partial area ratio:    0.06
      Required ratio:    3.00 (Gate area) 
      Cumulative area ratio:    0.06
      Required ratio:    0.00 (Cumulative area) 

    Layer: met1
      Partial area ratio:    2.09
      Required ratio:    0.00 (Gate area) 
      Cumulative area ratio:    2.09
      Required ratio:    0.00 (Cumulative area) 
      Partial area ratio:    9.73
      Required ratio: 2771.60 (Side area) 
      Cumulative area ratio:    9.73
      Required ratio:    0.00 (Cumulative side area) 

    Layer: via
      Partial area ratio:    0.14
      Required ratio:   21.44 (Gate area) 
      Cumulative area ratio:    0.19
      Required ratio:    0.00 (Cumulative area) 

    Layer: met2
      Partial area ratio:    3.11
      Required ratio:    0.00 (Gate area) 
      Cumulative area ratio:    5.20
      Required ratio:    0.00 (Cumulative area) 
      Partial area ratio:   15.20
      Required ratio: 2771.60 (Side area) 
      Cumulative area ratio:   24.93
      Required ratio:    0.00 (Cumulative side area) 


  Pin:   _094_/A0 (sky130_fd_sc_hd__mux2_1)
    Layer: mcon
      Partial area ratio:    0.23
      Required ratio:    3.00 (Gate area) 
      Cumulative area ratio:    0.23
      Required ratio:    0.00 (Cumulative area) 

    Layer: met1
      Partial area ratio:   92.27
      Required ratio:    0.00 (Gate area) 
      Cumulative area ratio:   92.27
      Required ratio:    0.00 (Cumulative area) 
      Partial area ratio:  459.87
      Required ratio:  400.00 (Side area) (VIOLATED)
      Cumulative area ratio:  459.87
      Required ratio:    0.00 (Cumulative side area) 

    Layer: via
      Partial area ratio:    0.36
      Required ratio:    6.00 (Gate area) 
      Cumulative area ratio:    0.59
      Required ratio:    0.00 (Cumulative area) 

    Layer: met2
      Partial area ratio:    3.11
      Required ratio:    0.00 (Gate area) 
      Cumulative area ratio:   95.38
      Required ratio:    0.00 (Cumulative area) 
      Partial area ratio:   15.20
      Required ratio: 2771.60 (Side area) 
      Cumulative area ratio:  475.07
      Required ratio:    0.00 (Cumulative side area) 


  Pin:   output13/A (sky130_fd_sc_hd__buf_2)
    Layer: mcon
      Partial area ratio:    0.18
      Required ratio:    3.00 (Gate area) 
      Cumulative area ratio:    0.18
      Required ratio:    0.00 (Cumulative area) 

    Layer: met1
      Partial area ratio:    7.88
      Required ratio:    0.00 (Gate area) 
      Cumulative area ratio:    7.88
      Required ratio:    0.00 (Cumulative area) 
      Partial area ratio:   38.24
      Required ratio:  400.00 (Side area) 
      Cumulative area ratio:   38.24
      Required ratio:    0.00 (Cumulative side area) 

    Layer: via
      Partial area ratio:    0.28
      Required ratio:    6.00 (Gate area) 
      Cumulative area ratio:    0.46
      Required ratio:    0.00 (Cumulative area) 

    Layer: met2
      Partial area ratio:    3.11
      Required ratio:    0.00 (Gate area) 
      Cumulative area ratio:   10.99
      Required ratio:    0.00 (Cumulative area) 
      Partial area ratio:   15.20
      Required ratio: 2771.60 (Side area) 
      Cumulative area ratio:   53.44
      Required ratio:    0.00 (Cumulative side area) 



[INFO ANT-0002] Found 1 net violations.
[INFO ANT-0001] Found 1 pin violations.
%OL_END_REPORT
