                                                                        Cells by Master                                                                         
┏━━━━━━━━━━━━━━━━━━━━━━━━━━━━━━━━━━━━━━━━━━━━━━━━━━━━━━━━━━━━━━━━━━━━━━━━━━━━━━━━━━━━━━━━━━━━━━━━━━━━━━━━━━━━━━━━━━━━━━━━━━━━━━━━━┳━━━━━━━━━━━━━━━━━━━━━━━━━━━━┓
┃ Cell                                                                                                                            ┃ Count                      ┃
┡━━━━━━━━━━━━━━━━━━━━━━━━━━━━━━━━━━━━━━━━━━━━━━━━━━━━━━━━━━━━━━━━━━━━━━━━━━━━━━━━━━━━━━━━━━━━━━━━━━━━━━━━━━━━━━━━━━━━━━━━━━━━━━━━━╇━━━━━━━━━━━━━━━━━━━━━━━━━━━━┩
│ sky130_ef_sc_hd__decap_12                                                                                                       │ 114                        │
│ sky130_fd_sc_hd__a21o_1                                                                                                         │ 1                          │
│ sky130_fd_sc_hd__a21oi_1                                                                                                        │ 8                          │
│ sky130_fd_sc_hd__a311o_1                                                                                                        │ 1                          │
│ sky130_fd_sc_hd__and2b_1                                                                                                        │ 1                          │
│ sky130_fd_sc_hd__and4_1                                                                                                         │ 1                          │
│ sky130_fd_sc_hd__buf_2                                                                                                          │ 18                         │
│ sky130_fd_sc_hd__clkbuf_16                                                                                                      │ 3                          │
│ sky130_fd_sc_hd__clkbuf_2                                                                                                       │ 3                          │
│ sky130_fd_sc_hd__clkbuf_8                                                                                                       │ 1                          │
│ sky130_fd_sc_hd__decap_3                                                                                                        │ 51                         │
│ sky130_fd_sc_hd__decap_4                                                                                                        │ 19                         │
│ sky130_fd_sc_hd__decap_6                                                                                                        │ 13                         │
│ sky130_fd_sc_hd__decap_8                                                                                                        │ 22                         │
│ sky130_fd_sc_hd__dfxtp_1                                                                                                        │ 19                         │
│ sky130_fd_sc_hd__dfxtp_2                                                                                                        │ 1                          │
│ sky130_fd_sc_hd__diode_2                                                                                                        │ 3                          │
│ sky130_fd_sc_hd__dlygate4sd3_1                                                                                                  │ 13                         │
│ sky130_fd_sc_hd__fill_1                                                                                                         │ 51                         │
│ sky130_fd_sc_hd__fill_2                                                                                                         │ 19                         │
│ sky130_fd_sc_hd__inv_2                                                                                                          │ 8                          │
│ sky130_fd_sc_hd__mux2_1                                                                                                         │ 14                         │
│ sky130_fd_sc_hd__nand2_1                                                                                                        │ 1                          │
│ sky130_fd_sc_hd__nand2_2                                                                                                        │ 1                          │
│ sky130_fd_sc_hd__nand3_2                                                                                                        │ 1                          │
│ sky130_fd_sc_hd__nor2_1                                                                                                         │ 1                          │
│ sky130_fd_sc_hd__nor3_1                                                                                                         │ 1                          │
│ sky130_fd_sc_hd__o21a_1                                                                                                         │ 1                          │
│ sky130_fd_sc_hd__o21ai_1                                                                                                        │ 2                          │
│ sky130_fd_sc_hd__o31a_1                                                                                                         │ 1                          │
│ sky130_fd_sc_hd__or2_1                                                                                                          │ 1                          │
│ sky130_fd_sc_hd__or2_4                                                                                                          │ 1                          │
│ sky130_fd_sc_hd__or4b_1                                                                                                         │ 3                          │
│ sky130_fd_sc_hd__or4b_2                                                                                                         │ 1                          │
│ sky130_fd_sc_hd__or4bb_1                                                                                                        │ 3                          │
│ sky130_fd_sc_hd__tapvpwrvgnd_1                                                                                                  │ 60                         │
└─────────────────────────────────────────────────────────────────────────────────────────────────────────────────────────────────┴────────────────────────────┘
