[WARNING ORD-0039] .openroad ignored with -python
                                Cells by Master                                 
┏━━━━━━━━━━━━━━━━━━━━━━━━━━━━━━━━━━━━━━━━━━━━━━━━━━━━━━━━━━━━━━━━┳━━━━━━━━━━━━━┓
┃ Cell                                                           ┃ Count       ┃
┡━━━━━━━━━━━━━━━━━━━━━━━━━━━━━━━━━━━━━━━━━━━━━━━━━━━━━━━━━━━━━━━━╇━━━━━━━━━━━━━┩
│ sky130_ef_sc_hd__decap_12                                      │ 114         │
│ sky130_fd_sc_hd__a21o_1                                        │ 1           │
│ sky130_fd_sc_hd__a21oi_1                                       │ 8           │
│ sky130_fd_sc_hd__a311o_1                                       │ 1           │
│ sky130_fd_sc_hd__and2b_1                                       │ 1           │
│ sky130_fd_sc_hd__and4_1                                        │ 1           │
│ sky130_fd_sc_hd__buf_2                                         │ 18          │
│ sky130_fd_sc_hd__clkbuf_16                                     │ 3           │
│ sky130_fd_sc_hd__clkbuf_2                                      │ 3           │
│ sky130_fd_sc_hd__clkbuf_8                                      │ 1           │
│ sky130_fd_sc_hd__decap_3                                       │ 51          │
│ sky130_fd_sc_hd__decap_4                                       │ 19          │
│ sky130_fd_sc_hd__decap_6                                       │ 13          │
│ sky130_fd_sc_hd__decap_8                                       │ 22          │
│ sky130_fd_sc_hd__dfxtp_1                                       │ 19          │
│ sky130_fd_sc_hd__dfxtp_2                                       │ 1           │
│ sky130_fd_sc_hd__diode_2                                       │ 3           │
│ sky130_fd_sc_hd__dlygate4sd3_1                                 │ 13          │
│ sky130_fd_sc_hd__fill_1                                        │ 51          │
│ sky130_fd_sc_hd__fill_2                                        │ 19          │
│ sky130_fd_sc_hd__inv_2                                         │ 8           │
│ sky130_fd_sc_hd__mux2_1                                        │ 14          │
│ sky130_fd_sc_hd__nand2_1                                       │ 1           │
│ sky130_fd_sc_hd__nand2_2                                       │ 1           │
│ sky130_fd_sc_hd__nand3_2                                       │ 1           │
│ sky130_fd_sc_hd__nor2_1                                        │ 1           │
│ sky130_fd_sc_hd__nor3_1                                        │ 1           │
│ sky130_fd_sc_hd__o21a_1                                        │ 1           │
│ sky130_fd_sc_hd__o21ai_1                                       │ 2           │
│ sky130_fd_sc_hd__o31a_1                                        │ 1           │
│ sky130_fd_sc_hd__or2_1                                         │ 1           │
│ sky130_fd_sc_hd__or2_4                                         │ 1           │
│ sky130_fd_sc_hd__or4b_1                                        │ 3           │
│ sky130_fd_sc_hd__or4b_2                                        │ 1           │
│ sky130_fd_sc_hd__or4bb_1                                       │ 3           │
│ sky130_fd_sc_hd__tapvpwrvgnd_1                                 │ 60          │
└────────────────────────────────────────────────────────────────┴─────────────┘
                               Cells by Function                                
┏━━━━━━━━━━━━━━━━━━━━━━━━━━━━━━━━━━━━━━━━━━━━━━━━━━━━━━━━━━━━━━━┳━━━━━━━━━━━━━━┓
┃ Cell Function                                                 ┃ Count        ┃
┡━━━━━━━━━━━━━━━━━━━━━━━━━━━━━━━━━━━━━━━━━━━━━━━━━━━━━━━━━━━━━━━╇━━━━━━━━━━━━━━┩
│ sky130_ef_sc_hd__decap                                        │ 114          │
│ sky130_fd_sc_hd__a21o                                         │ 1            │
│ sky130_fd_sc_hd__a21oi                                        │ 8            │
│ sky130_fd_sc_hd__a311o                                        │ 1            │
│ sky130_fd_sc_hd__and2b                                        │ 1            │
│ sky130_fd_sc_hd__and4                                         │ 1            │
│ sky130_fd_sc_hd__buf                                          │ 18           │
│ sky130_fd_sc_hd__clkbuf                                       │ 7            │
│ sky130_fd_sc_hd__decap                                        │ 105          │
│ sky130_fd_sc_hd__dfxtp                                        │ 20           │
│ sky130_fd_sc_hd__diode                                        │ 3            │
│ sky130_fd_sc_hd__dlygate4sd3                                  │ 13           │
│ sky130_fd_sc_hd__fill                                         │ 70           │
│ sky130_fd_sc_hd__inv                                          │ 8            │
│ sky130_fd_sc_hd__mux2                                         │ 14           │
│ sky130_fd_sc_hd__nand2                                        │ 2            │
│ sky130_fd_sc_hd__nand3                                        │ 1            │
│ sky130_fd_sc_hd__nor2                                         │ 1            │
│ sky130_fd_sc_hd__nor3                                         │ 1            │
│ sky130_fd_sc_hd__o21a                                         │ 1            │
│ sky130_fd_sc_hd__o21ai                                        │ 2            │
│ sky130_fd_sc_hd__o31a                                         │ 1            │
│ sky130_fd_sc_hd__or2                                          │ 2            │
│ sky130_fd_sc_hd__or4b                                         │ 4            │
│ sky130_fd_sc_hd__or4bb                                        │ 3            │
│ sky130_fd_sc_hd__tapvpwrvgnd                                  │ 60           │
└───────────────────────────────────────────────────────────────┴──────────────┘
                                  Cells by SCL                                  
┏━━━━━━━━━━━━━━━━━━━━━━━━━━━━━━━━━━━━━━━━━━━━━━━━━━━━━━━┳━━━━━━━━━━━━━━━━━━━━━━┓
┃ SCL                                                   ┃ Count                ┃
┡━━━━━━━━━━━━━━━━━━━━━━━━━━━━━━━━━━━━━━━━━━━━━━━━━━━━━━━╇━━━━━━━━━━━━━━━━━━━━━━┩
│ sky130_ef_sc_hd                                       │ 114                  │
│ sky130_fd_sc_hd                                       │ 348                  │
└───────────────────────────────────────────────────────┴──────────────────────┘
                             Buffers by Cell Master                             
┏━━━━━━━━━━━━━━━━━━━━━━━━━━━━━━━━━━━━━━━━━━━━━━━━━━━━━━━━━━━━━━━━┳━━━━━━━━━━━━━┓
┃ Buffer                                                         ┃ Count       ┃
┡━━━━━━━━━━━━━━━━━━━━━━━━━━━━━━━━━━━━━━━━━━━━━━━━━━━━━━━━━━━━━━━━╇━━━━━━━━━━━━━┩
│ sky130_fd_sc_hd__buf_2                                         │ 18          │
│ sky130_fd_sc_hd__clkbuf_16                                     │ 3           │
│ sky130_fd_sc_hd__clkbuf_2                                      │ 3           │
│ sky130_fd_sc_hd__clkbuf_8                                      │ 1           │
│ sky130_fd_sc_hd__dlygate4sd3_1                                 │ 13          │
└────────────────────────────────────────────────────────────────┴─────────────┘
