
===========================================================================
report_checks -path_delay min (Hold)
============================================================================
======================= nom_tt_025C_1v80 Corner ===================================

Startpoint: _107_ (rising edge-triggered flip-flop clocked by clk)
Endpoint: _107_ (rising edge-triggered flip-flop clocked by clk)
Path Group: clk
Path Type: min

Fanout         Cap        Slew       Delay        Time   Description
---------------------------------------------------------------------------------------------
                                  0.000000    0.000000   clock clk (rise edge)
                                  0.000000    0.000000   clock source latency
    20    0.058116    0.265402    0.183196    0.183196 ^ clk (in)
                                                         clk (net)
                      0.265413    0.000000    0.183196 ^ _107_/CLK (sky130_fd_sc_hd__dfxtp_2)
    12    0.032756    0.085924    0.437164    0.620360 v _107_/Q (sky130_fd_sc_hd__dfxtp_2)
                                                         count[3] (net)
                      0.085924    0.000062    0.620422 v _070_/A (sky130_fd_sc_hd__nand2_2)
     1    0.005148    0.046188    0.073054    0.693476 ^ _070_/Y (sky130_fd_sc_hd__nand2_2)
                                                         _035_ (net)
                      0.046188    0.000003    0.693480 ^ _071_/A2 (sky130_fd_sc_hd__a21oi_2)
     1    0.001917    0.026065    0.044332    0.737811 v _071_/Y (sky130_fd_sc_hd__a21oi_2)
                                                         _003_ (net)
                      0.026065    0.000003    0.737814 v _107_/D (sky130_fd_sc_hd__dfxtp_2)
                                              0.737814   data arrival time

                                  0.000000    0.000000   clock clk (rise edge)
                                  0.000000    0.000000   clock source latency
    20    0.058116    0.265402    0.183196    0.183196 ^ clk (in)
                                                         clk (net)
                      0.265413    0.000000    0.183196 ^ _107_/CLK (sky130_fd_sc_hd__dfxtp_2)
                                  0.250000    0.433196   clock uncertainty
                                  0.000000    0.433196   clock reconvergence pessimism
                                  0.010836    0.444032   library hold time
                                              0.444032   data required time
---------------------------------------------------------------------------------------------
                                              0.444032   data required time
                                             -0.737814   data arrival time
---------------------------------------------------------------------------------------------
                                              0.293783   slack (MET)


Startpoint: _105_ (rising edge-triggered flip-flop clocked by clk)
Endpoint: _105_ (rising edge-triggered flip-flop clocked by clk)
Path Group: clk
Path Type: min

Fanout         Cap        Slew       Delay        Time   Description
---------------------------------------------------------------------------------------------
                                  0.000000    0.000000   clock clk (rise edge)
                                  0.000000    0.000000   clock source latency
    20    0.058116    0.265402    0.183288    0.183288 ^ clk (in)
                                                         clk (net)
                      0.265414    0.000000    0.183288 ^ _105_/CLK (sky130_fd_sc_hd__dfxtp_2)
    12    0.036663    0.188088    0.496805    0.680093 ^ _105_/Q (sky130_fd_sc_hd__dfxtp_2)
                                                         count[1] (net)
                      0.188088    0.000141    0.680234 ^ _065_/A1 (sky130_fd_sc_hd__a21oi_2)
     1    0.001811    0.020631    0.066194    0.746428 v _065_/Y (sky130_fd_sc_hd__a21oi_2)
                                                         _001_ (net)
                      0.020631    0.000001    0.746430 v _105_/D (sky130_fd_sc_hd__dfxtp_2)
                                              0.746430   data arrival time

                                  0.000000    0.000000   clock clk (rise edge)
                                  0.000000    0.000000   clock source latency
    20    0.058116    0.265402    0.183288    0.183288 ^ clk (in)
                                                         clk (net)
                      0.265414    0.000000    0.183288 ^ _105_/CLK (sky130_fd_sc_hd__dfxtp_2)
                                  0.250000    0.433288   clock uncertainty
                                  0.000000    0.433288   clock reconvergence pessimism
                                  0.013070    0.446358   library hold time
                                              0.446358   data required time
---------------------------------------------------------------------------------------------
                                              0.446358   data required time
                                             -0.746430   data arrival time
---------------------------------------------------------------------------------------------
                                              0.300072   slack (MET)


Startpoint: _104_ (rising edge-triggered flip-flop clocked by clk)
Endpoint: _104_ (rising edge-triggered flip-flop clocked by clk)
Path Group: clk
Path Type: min

Fanout         Cap        Slew       Delay        Time   Description
---------------------------------------------------------------------------------------------
                                  0.000000    0.000000   clock clk (rise edge)
                                  0.000000    0.000000   clock source latency
    20    0.058116    0.265402    0.183247    0.183247 ^ clk (in)
                                                         clk (net)
                      0.265414    0.000000    0.183247 ^ _104_/CLK (sky130_fd_sc_hd__dfxtp_2)
    13    0.037931    0.094444    0.446504    0.629752 v _104_/Q (sky130_fd_sc_hd__dfxtp_2)
                                                         count[0] (net)
                      0.094444    0.000099    0.629851 v _063_/A (sky130_fd_sc_hd__nor2_2)
     1    0.001801    0.053801    0.103985    0.733836 ^ _063_/Y (sky130_fd_sc_hd__nor2_2)
                                                         _000_ (net)
                      0.053801    0.000001    0.733837 ^ _104_/D (sky130_fd_sc_hd__dfxtp_2)
                                              0.733837   data arrival time

                                  0.000000    0.000000   clock clk (rise edge)
                                  0.000000    0.000000   clock source latency
    20    0.058116    0.265402    0.183247    0.183247 ^ clk (in)
                                                         clk (net)
                      0.265414    0.000000    0.183247 ^ _104_/CLK (sky130_fd_sc_hd__dfxtp_2)
                                  0.250000    0.433247   clock uncertainty
                                  0.000000    0.433247   clock reconvergence pessimism
                                 -0.003943    0.429305   library hold time
                                              0.429305   data required time
---------------------------------------------------------------------------------------------
                                              0.429305   data required time
                                             -0.733837   data arrival time
---------------------------------------------------------------------------------------------
                                              0.304533   slack (MET)


Startpoint: _108_ (rising edge-triggered flip-flop clocked by clk)
Endpoint: _108_ (rising edge-triggered flip-flop clocked by clk)
Path Group: clk
Path Type: min

Fanout         Cap        Slew       Delay        Time   Description
---------------------------------------------------------------------------------------------
                                  0.000000    0.000000   clock clk (rise edge)
                                  0.000000    0.000000   clock source latency
    20    0.058116    0.265402    0.183183    0.183183 ^ clk (in)
                                                         clk (net)
                      0.265413    0.000000    0.183183 ^ _108_/CLK (sky130_fd_sc_hd__dfxtp_2)
     3    0.050998    0.122770    0.467551    0.650733 v _108_/Q (sky130_fd_sc_hd__dfxtp_2)
                                                         dac_in[0] (net)
                      0.122770    0.000027    0.650761 v _072_/B1 (sky130_fd_sc_hd__o21ai_2)
     1    0.004869    0.062647    0.088845    0.739606 ^ _072_/Y (sky130_fd_sc_hd__o21ai_2)
                                                         _036_ (net)
                      0.062647    0.000008    0.739614 ^ _075_/A1 (sky130_fd_sc_hd__a21oi_2)
     1    0.002328    0.027103    0.045971    0.785585 v _075_/Y (sky130_fd_sc_hd__a21oi_2)
                                                         _004_ (net)
                      0.027103    0.000008    0.785593 v _108_/D (sky130_fd_sc_hd__dfxtp_2)
                                              0.785593   data arrival time

                                  0.000000    0.000000   clock clk (rise edge)
                                  0.000000    0.000000   clock source latency
    20    0.058116    0.265402    0.183183    0.183183 ^ clk (in)
                                                         clk (net)
                      0.265413    0.000000    0.183183 ^ _108_/CLK (sky130_fd_sc_hd__dfxtp_2)
                                  0.250000    0.433183   clock uncertainty
                                  0.000000    0.433183   clock reconvergence pessimism
                                  0.010409    0.443592   library hold time
                                              0.443592   data required time
---------------------------------------------------------------------------------------------
                                              0.443592   data required time
                                             -0.785593   data arrival time
---------------------------------------------------------------------------------------------
                                              0.342002   slack (MET)


Startpoint: _107_ (rising edge-triggered flip-flop clocked by clk)
Endpoint: _123_ (rising edge-triggered flip-flop clocked by clk)
Path Group: clk
Path Type: min

Fanout         Cap        Slew       Delay        Time   Description
---------------------------------------------------------------------------------------------
                                  0.000000    0.000000   clock clk (rise edge)
                                  0.000000    0.000000   clock source latency
    20    0.058116    0.265402    0.183196    0.183196 ^ clk (in)
                                                         clk (net)
                      0.265413    0.000000    0.183196 ^ _107_/CLK (sky130_fd_sc_hd__dfxtp_2)
    12    0.032756    0.085924    0.437164    0.620360 v _107_/Q (sky130_fd_sc_hd__dfxtp_2)
                                                         count[3] (net)
                      0.085925    0.000333    0.620693 v _052_/A (sky130_fd_sc_hd__inv_2)
     1    0.002745    0.031380    0.053811    0.674504 ^ _052_/Y (sky130_fd_sc_hd__inv_2)
                                                         _020_ (net)
                      0.031380    0.000006    0.674510 ^ _103_/A1 (sky130_fd_sc_hd__a311o_2)
     1    0.001913    0.027056    0.136144    0.810654 ^ _103_/X (sky130_fd_sc_hd__a311o_2)
                                                         _019_ (net)
                      0.027056    0.000003    0.810657 ^ _123_/D (sky130_fd_sc_hd__dfxtp_2)
                                              0.810657   data arrival time

                                  0.000000    0.000000   clock clk (rise edge)
                                  0.000000    0.000000   clock source latency
    20    0.058116    0.265402    0.184461    0.184461 ^ clk (in)
                                                         clk (net)
                      0.265442    0.000000    0.184461 ^ _123_/CLK (sky130_fd_sc_hd__dfxtp_2)
                                  0.250000    0.434461   clock uncertainty
                                  0.000000    0.434461   clock reconvergence pessimism
                                  0.001450    0.435911   library hold time
                                              0.435911   data required time
---------------------------------------------------------------------------------------------
                                              0.435911   data required time
                                             -0.810657   data arrival time
---------------------------------------------------------------------------------------------
                                              0.374746   slack (MET)


Startpoint: _119_ (rising edge-triggered flip-flop clocked by clk)
Endpoint: _119_ (rising edge-triggered flip-flop clocked by clk)
Path Group: clk
Path Type: min

Fanout         Cap        Slew       Delay        Time   Description
---------------------------------------------------------------------------------------------
                                  0.000000    0.000000   clock clk (rise edge)
                                  0.000000    0.000000   clock source latency
    20    0.058116    0.265402    0.184649    0.184649 ^ clk (in)
                                                         clk (net)
                      0.265447    0.000000    0.184649 ^ _119_/CLK (sky130_fd_sc_hd__dfxtp_2)
     2    0.036573    0.187645    0.496524    0.681173 ^ _119_/Q (sky130_fd_sc_hd__dfxtp_2)
                                                         adc_out[5] (net)
                      0.187645    0.000022    0.681195 ^ _097_/A1 (sky130_fd_sc_hd__mux2_1)
     1    0.001767    0.034620    0.151161    0.832356 ^ _097_/X (sky130_fd_sc_hd__mux2_1)
                                                         _015_ (net)
                      0.034620    0.000001    0.832357 ^ _119_/D (sky130_fd_sc_hd__dfxtp_2)
                                              0.832357   data arrival time

                                  0.000000    0.000000   clock clk (rise edge)
                                  0.000000    0.000000   clock source latency
    20    0.058116    0.265402    0.184649    0.184649 ^ clk (in)
                                                         clk (net)
                      0.265447    0.000000    0.184649 ^ _119_/CLK (sky130_fd_sc_hd__dfxtp_2)
                                  0.250000    0.434649   clock uncertainty
                                  0.000000    0.434649   clock reconvergence pessimism
                                 -0.000073    0.434576   library hold time
                                              0.434576   data required time
---------------------------------------------------------------------------------------------
                                              0.434576   data required time
                                             -0.832357   data arrival time
---------------------------------------------------------------------------------------------
                                              0.397781   slack (MET)


Startpoint: _116_ (rising edge-triggered flip-flop clocked by clk)
Endpoint: _116_ (rising edge-triggered flip-flop clocked by clk)
Path Group: clk
Path Type: min

Fanout         Cap        Slew       Delay        Time   Description
---------------------------------------------------------------------------------------------
                                  0.000000    0.000000   clock clk (rise edge)
                                  0.000000    0.000000   clock source latency
    20    0.058116    0.265402    0.184717    0.184717 ^ clk (in)
                                                         clk (net)
                      0.265450    0.000000    0.184717 ^ _116_/CLK (sky130_fd_sc_hd__dfxtp_2)
     2    0.036727    0.188394    0.497052    0.681769 ^ _116_/Q (sky130_fd_sc_hd__dfxtp_2)
                                                         adc_out[2] (net)
                      0.188394    0.000006    0.681775 ^ _094_/A1 (sky130_fd_sc_hd__mux2_1)
     1    0.001785    0.034769    0.151499    0.833274 ^ _094_/X (sky130_fd_sc_hd__mux2_1)
                                                         _012_ (net)
                      0.034769    0.000001    0.833276 ^ _116_/D (sky130_fd_sc_hd__dfxtp_2)
                                              0.833276   data arrival time

                                  0.000000    0.000000   clock clk (rise edge)
                                  0.000000    0.000000   clock source latency
    20    0.058116    0.265402    0.184717    0.184717 ^ clk (in)
                                                         clk (net)
                      0.265450    0.000000    0.184717 ^ _116_/CLK (sky130_fd_sc_hd__dfxtp_2)
                                  0.250000    0.434717   clock uncertainty
                                  0.000000    0.434717   clock reconvergence pessimism
                                 -0.000103    0.434614   library hold time
                                              0.434614   data required time
---------------------------------------------------------------------------------------------
                                              0.434614   data required time
                                             -0.833276   data arrival time
---------------------------------------------------------------------------------------------
                                              0.398661   slack (MET)


Startpoint: _115_ (rising edge-triggered flip-flop clocked by clk)
Endpoint: _115_ (rising edge-triggered flip-flop clocked by clk)
Path Group: clk
Path Type: min

Fanout         Cap        Slew       Delay        Time   Description
---------------------------------------------------------------------------------------------
                                  0.000000    0.000000   clock clk (rise edge)
                                  0.000000    0.000000   clock source latency
    20    0.058116    0.265402    0.184714    0.184714 ^ clk (in)
                                                         clk (net)
                      0.265449    0.000000    0.184714 ^ _115_/CLK (sky130_fd_sc_hd__dfxtp_2)
     2    0.037082    0.190136    0.498212    0.682926 ^ _115_/Q (sky130_fd_sc_hd__dfxtp_2)
                                                         adc_out[1] (net)
                      0.190136    0.000006    0.682932 ^ _093_/A1 (sky130_fd_sc_hd__mux2_1)
     1    0.001800    0.034887    0.152046    0.834978 ^ _093_/X (sky130_fd_sc_hd__mux2_1)
                                                         _011_ (net)
                      0.034887    0.000001    0.834980 ^ _115_/D (sky130_fd_sc_hd__dfxtp_2)
                                              0.834980   data arrival time

                                  0.000000    0.000000   clock clk (rise edge)
                                  0.000000    0.000000   clock source latency
    20    0.058116    0.265402    0.184714    0.184714 ^ clk (in)
                                                         clk (net)
                      0.265449    0.000000    0.184714 ^ _115_/CLK (sky130_fd_sc_hd__dfxtp_2)
                                  0.250000    0.434714   clock uncertainty
                                  0.000000    0.434714   clock reconvergence pessimism
                                 -0.000127    0.434587   library hold time
                                              0.434587   data required time
---------------------------------------------------------------------------------------------
                                              0.434587   data required time
                                             -0.834980   data arrival time
---------------------------------------------------------------------------------------------
                                              0.400393   slack (MET)


Startpoint: _118_ (rising edge-triggered flip-flop clocked by clk)
Endpoint: _118_ (rising edge-triggered flip-flop clocked by clk)
Path Group: clk
Path Type: min

Fanout         Cap        Slew       Delay        Time   Description
---------------------------------------------------------------------------------------------
                                  0.000000    0.000000   clock clk (rise edge)
                                  0.000000    0.000000   clock source latency
    20    0.058116    0.265402    0.184637    0.184637 ^ clk (in)
                                                         clk (net)
                      0.265447    0.000000    0.184637 ^ _118_/CLK (sky130_fd_sc_hd__dfxtp_2)
     2    0.037219    0.190814    0.498664    0.683302 ^ _118_/Q (sky130_fd_sc_hd__dfxtp_2)
                                                         adc_out[4] (net)
                      0.190814    0.000010    0.683312 ^ _096_/A1 (sky130_fd_sc_hd__mux2_1)
     1    0.001794    0.034836    0.152158    0.835470 ^ _096_/X (sky130_fd_sc_hd__mux2_1)
                                                         _014_ (net)
                      0.034836    0.000001    0.835471 ^ _118_/D (sky130_fd_sc_hd__dfxtp_2)
                                              0.835471   data arrival time

                                  0.000000    0.000000   clock clk (rise edge)
                                  0.000000    0.000000   clock source latency
    20    0.058116    0.265402    0.184637    0.184637 ^ clk (in)
                                                         clk (net)
                      0.265447    0.000000    0.184637 ^ _118_/CLK (sky130_fd_sc_hd__dfxtp_2)
                                  0.250000    0.434637   clock uncertainty
                                  0.000000    0.434637   clock reconvergence pessimism
                                 -0.000117    0.434521   library hold time
                                              0.434521   data required time
---------------------------------------------------------------------------------------------
                                              0.434521   data required time
                                             -0.835471   data arrival time
---------------------------------------------------------------------------------------------
                                              0.400951   slack (MET)


Startpoint: _121_ (rising edge-triggered flip-flop clocked by clk)
Endpoint: _121_ (rising edge-triggered flip-flop clocked by clk)
Path Group: clk
Path Type: min

Fanout         Cap        Slew       Delay        Time   Description
---------------------------------------------------------------------------------------------
                                  0.000000    0.000000   clock clk (rise edge)
                                  0.000000    0.000000   clock source latency
    20    0.058116    0.265402    0.184644    0.184644 ^ clk (in)
                                                         clk (net)
                      0.265447    0.000000    0.184644 ^ _121_/CLK (sky130_fd_sc_hd__dfxtp_2)
     2    0.037320    0.191321    0.498953    0.683597 ^ _121_/Q (sky130_fd_sc_hd__dfxtp_2)
                                                         adc_out[7] (net)
                      0.191321    0.000003    0.683600 ^ _099_/A1 (sky130_fd_sc_hd__mux2_1)
     1    0.001788    0.034790    0.152233    0.835833 ^ _099_/X (sky130_fd_sc_hd__mux2_1)
                                                         _017_ (net)
                      0.034790    0.000001    0.835834 ^ _121_/D (sky130_fd_sc_hd__dfxtp_2)
                                              0.835834   data arrival time

                                  0.000000    0.000000   clock clk (rise edge)
                                  0.000000    0.000000   clock source latency
    20    0.058116    0.265402    0.184644    0.184644 ^ clk (in)
                                                         clk (net)
                      0.265447    0.000000    0.184644 ^ _121_/CLK (sky130_fd_sc_hd__dfxtp_2)
                                  0.250000    0.434644   clock uncertainty
                                  0.000000    0.434644   clock reconvergence pessimism
                                 -0.000107    0.434537   library hold time
                                              0.434537   data required time
---------------------------------------------------------------------------------------------
                                              0.434537   data required time
                                             -0.835834   data arrival time
---------------------------------------------------------------------------------------------
                                              0.401297   slack (MET)


Startpoint: _120_ (rising edge-triggered flip-flop clocked by clk)
Endpoint: _120_ (rising edge-triggered flip-flop clocked by clk)
Path Group: clk
Path Type: min

Fanout         Cap        Slew       Delay        Time   Description
---------------------------------------------------------------------------------------------
                                  0.000000    0.000000   clock clk (rise edge)
                                  0.000000    0.000000   clock source latency
    20    0.058116    0.265402    0.184598    0.184598 ^ clk (in)
                                                         clk (net)
                      0.265446    0.000000    0.184598 ^ _120_/CLK (sky130_fd_sc_hd__dfxtp_2)
     2    0.038190    0.195593    0.501818    0.686416 ^ _120_/Q (sky130_fd_sc_hd__dfxtp_2)
                                                         adc_out[6] (net)
                      0.195593    0.000005    0.686421 ^ _098_/A1 (sky130_fd_sc_hd__mux2_1)
     1    0.001734    0.034361    0.152825    0.839246 ^ _098_/X (sky130_fd_sc_hd__mux2_1)
                                                         _016_ (net)
                      0.034361    0.000000    0.839247 ^ _120_/D (sky130_fd_sc_hd__dfxtp_2)
                                              0.839247   data arrival time

                                  0.000000    0.000000   clock clk (rise edge)
                                  0.000000    0.000000   clock source latency
    20    0.058116    0.265402    0.184598    0.184598 ^ clk (in)
                                                         clk (net)
                      0.265446    0.000000    0.184598 ^ _120_/CLK (sky130_fd_sc_hd__dfxtp_2)
                                  0.250000    0.434598   clock uncertainty
                                  0.000000    0.434598   clock reconvergence pessimism
                                 -0.000021    0.434576   library hold time
                                              0.434576   data required time
---------------------------------------------------------------------------------------------
                                              0.434576   data required time
                                             -0.839247   data arrival time
---------------------------------------------------------------------------------------------
                                              0.404670   slack (MET)


Startpoint: _117_ (rising edge-triggered flip-flop clocked by clk)
Endpoint: _117_ (rising edge-triggered flip-flop clocked by clk)
Path Group: clk
Path Type: min

Fanout         Cap        Slew       Delay        Time   Description
---------------------------------------------------------------------------------------------
                                  0.000000    0.000000   clock clk (rise edge)
                                  0.000000    0.000000   clock source latency
    20    0.058116    0.265402    0.184644    0.184644 ^ clk (in)
                                                         clk (net)
                      0.265447    0.000000    0.184644 ^ _117_/CLK (sky130_fd_sc_hd__dfxtp_2)
     2    0.038095    0.195119    0.501534    0.686178 ^ _117_/Q (sky130_fd_sc_hd__dfxtp_2)
                                                         adc_out[3] (net)
                      0.195119    0.000006    0.686184 ^ _095_/A1 (sky130_fd_sc_hd__mux2_1)
     1    0.001779    0.034718    0.153082    0.839266 ^ _095_/X (sky130_fd_sc_hd__mux2_1)
                                                         _013_ (net)
                      0.034718    0.000001    0.839267 ^ _117_/D (sky130_fd_sc_hd__dfxtp_2)
                                              0.839267   data arrival time

                                  0.000000    0.000000   clock clk (rise edge)
                                  0.000000    0.000000   clock source latency
    20    0.058116    0.265402    0.184644    0.184644 ^ clk (in)
                                                         clk (net)
                      0.265447    0.000000    0.184644 ^ _117_/CLK (sky130_fd_sc_hd__dfxtp_2)
                                  0.250000    0.434644   clock uncertainty
                                  0.000000    0.434644   clock reconvergence pessimism
                                 -0.000093    0.434551   library hold time
                                              0.434551   data required time
---------------------------------------------------------------------------------------------
                                              0.434551   data required time
                                             -0.839267   data arrival time
---------------------------------------------------------------------------------------------
                                              0.404716   slack (MET)


Startpoint: _114_ (rising edge-triggered flip-flop clocked by clk)
Endpoint: _114_ (rising edge-triggered flip-flop clocked by clk)
Path Group: clk
Path Type: min

Fanout         Cap        Slew       Delay        Time   Description
---------------------------------------------------------------------------------------------
                                  0.000000    0.000000   clock clk (rise edge)
                                  0.000000    0.000000   clock source latency
    20    0.058116    0.265402    0.184683    0.184683 ^ clk (in)
                                                         clk (net)
                      0.265449    0.000000    0.184683 ^ _114_/CLK (sky130_fd_sc_hd__dfxtp_2)
     2    0.038483    0.197031    0.502787    0.687470 ^ _114_/Q (sky130_fd_sc_hd__dfxtp_2)
                                                         adc_out[0] (net)
                      0.197031    0.000005    0.687475 ^ _092_/A1 (sky130_fd_sc_hd__mux2_1)
     1    0.001740    0.034408    0.153223    0.840698 ^ _092_/X (sky130_fd_sc_hd__mux2_1)
                                                         _010_ (net)
                      0.034408    0.000000    0.840699 ^ _114_/D (sky130_fd_sc_hd__dfxtp_2)
                                              0.840699   data arrival time

                                  0.000000    0.000000   clock clk (rise edge)
                                  0.000000    0.000000   clock source latency
    20    0.058116    0.265402    0.184683    0.184683 ^ clk (in)
                                                         clk (net)
                      0.265449    0.000000    0.184683 ^ _114_/CLK (sky130_fd_sc_hd__dfxtp_2)
                                  0.250000    0.434683   clock uncertainty
                                  0.000000    0.434683   clock reconvergence pessimism
                                 -0.000030    0.434653   library hold time
                                              0.434653   data required time
---------------------------------------------------------------------------------------------
                                              0.434653   data required time
                                             -0.840699   data arrival time
---------------------------------------------------------------------------------------------
                                              0.406046   slack (MET)


Startpoint: _106_ (rising edge-triggered flip-flop clocked by clk)
Endpoint: _111_ (rising edge-triggered flip-flop clocked by clk)
Path Group: clk
Path Type: min

Fanout         Cap        Slew       Delay        Time   Description
---------------------------------------------------------------------------------------------
                                  0.000000    0.000000   clock clk (rise edge)
                                  0.000000    0.000000   clock source latency
    20    0.058116    0.265402    0.183277    0.183277 ^ clk (in)
                                                         clk (net)
                      0.265414    0.000000    0.183277 ^ _106_/CLK (sky130_fd_sc_hd__dfxtp_2)
    10    0.027476    0.144275    0.465004    0.648281 ^ _106_/Q (sky130_fd_sc_hd__dfxtp_2)
                                                         count[2] (net)
                      0.144275    0.000145    0.648425 ^ _082_/A (sky130_fd_sc_hd__or4bb_2)
     2    0.009456    0.057974    0.166371    0.814796 ^ _082_/X (sky130_fd_sc_hd__or4bb_2)
                                                         _043_ (net)
                      0.057974    0.000031    0.814827 ^ _084_/A1 (sky130_fd_sc_hd__a21oi_2)
     1    0.001992    0.027722    0.043842    0.858669 v _084_/Y (sky130_fd_sc_hd__a21oi_2)
                                                         _007_ (net)
                      0.027722    0.000004    0.858673 v _111_/D (sky130_fd_sc_hd__dfxtp_2)
                                              0.858673   data arrival time

                                  0.000000    0.000000   clock clk (rise edge)
                                  0.000000    0.000000   clock source latency
    20    0.058116    0.265402    0.183910    0.183910 ^ clk (in)
                                                         clk (net)
                      0.265427    0.000000    0.183910 ^ _111_/CLK (sky130_fd_sc_hd__dfxtp_2)
                                  0.250000    0.433910   clock uncertainty
                                  0.000000    0.433910   clock reconvergence pessimism
                                  0.010158    0.444068   library hold time
                                              0.444068   data required time
---------------------------------------------------------------------------------------------
                                              0.444068   data required time
                                             -0.858673   data arrival time
---------------------------------------------------------------------------------------------
                                              0.414605   slack (MET)


Startpoint: _106_ (rising edge-triggered flip-flop clocked by clk)
Endpoint: _112_ (rising edge-triggered flip-flop clocked by clk)
Path Group: clk
Path Type: min

Fanout         Cap        Slew       Delay        Time   Description
---------------------------------------------------------------------------------------------
                                  0.000000    0.000000   clock clk (rise edge)
                                  0.000000    0.000000   clock source latency
    20    0.058116    0.265402    0.183277    0.183277 ^ clk (in)
                                                         clk (net)
                      0.265414    0.000000    0.183277 ^ _106_/CLK (sky130_fd_sc_hd__dfxtp_2)
    10    0.027476    0.144275    0.465004    0.648281 ^ _106_/Q (sky130_fd_sc_hd__dfxtp_2)
                                                         count[2] (net)
                      0.144275    0.000091    0.648371 ^ _085_/B (sky130_fd_sc_hd__or4b_2)
     2    0.009229    0.067178    0.168450    0.816821 ^ _085_/X (sky130_fd_sc_hd__or4b_2)
                                                         _045_ (net)
                      0.067178    0.000026    0.816847 ^ _087_/A1 (sky130_fd_sc_hd__a21oi_2)
     1    0.001984    0.027673    0.046066    0.862914 v _087_/Y (sky130_fd_sc_hd__a21oi_2)
                                                         _008_ (net)
                      0.027673    0.000004    0.862917 v _112_/D (sky130_fd_sc_hd__dfxtp_2)
                                              0.862917   data arrival time

                                  0.000000    0.000000   clock clk (rise edge)
                                  0.000000    0.000000   clock source latency
    20    0.058116    0.265402    0.184127    0.184127 ^ clk (in)
                                                         clk (net)
                      0.265432    0.000000    0.184127 ^ _112_/CLK (sky130_fd_sc_hd__dfxtp_2)
                                  0.250000    0.434127   clock uncertainty
                                  0.000000    0.434127   clock reconvergence pessimism
                                  0.010179    0.444306   library hold time
                                              0.444306   data required time
---------------------------------------------------------------------------------------------
                                              0.444306   data required time
                                             -0.862917   data arrival time
---------------------------------------------------------------------------------------------
                                              0.418611   slack (MET)


Startpoint: _106_ (rising edge-triggered flip-flop clocked by clk)
Endpoint: _109_ (rising edge-triggered flip-flop clocked by clk)
Path Group: clk
Path Type: min

Fanout         Cap        Slew       Delay        Time   Description
---------------------------------------------------------------------------------------------
                                  0.000000    0.000000   clock clk (rise edge)
                                  0.000000    0.000000   clock source latency
    20    0.058116    0.265402    0.183277    0.183277 ^ clk (in)
                                                         clk (net)
                      0.265414    0.000000    0.183277 ^ _106_/CLK (sky130_fd_sc_hd__dfxtp_2)
    10    0.025026    0.069239    0.422579    0.605856 v _106_/Q (sky130_fd_sc_hd__dfxtp_2)
                                                         count[2] (net)
                      0.069239    0.000150    0.606006 v _076_/C_N (sky130_fd_sc_hd__or4bb_2)
     2    0.009832    0.059667    0.214045    0.820050 ^ _076_/X (sky130_fd_sc_hd__or4bb_2)
                                                         _039_ (net)
                      0.059667    0.000086    0.820137 ^ _078_/A1 (sky130_fd_sc_hd__a21oi_2)
     1    0.002286    0.028349    0.045103    0.865240 v _078_/Y (sky130_fd_sc_hd__a21oi_2)
                                                         _005_ (net)
                      0.028349    0.000008    0.865248 v _109_/D (sky130_fd_sc_hd__dfxtp_2)
                                              0.865248   data arrival time

                                  0.000000    0.000000   clock clk (rise edge)
                                  0.000000    0.000000   clock source latency
    20    0.058116    0.265402    0.183489    0.183489 ^ clk (in)
                                                         clk (net)
                      0.265418    0.000000    0.183489 ^ _109_/CLK (sky130_fd_sc_hd__dfxtp_2)
                                  0.250000    0.433489   clock uncertainty
                                  0.000000    0.433489   clock reconvergence pessimism
                                  0.009898    0.443387   library hold time
                                              0.443387   data required time
---------------------------------------------------------------------------------------------
                                              0.443387   data required time
                                             -0.865248   data arrival time
---------------------------------------------------------------------------------------------
                                              0.421861   slack (MET)


Startpoint: _106_ (rising edge-triggered flip-flop clocked by clk)
Endpoint: _113_ (rising edge-triggered flip-flop clocked by clk)
Path Group: clk
Path Type: min

Fanout         Cap        Slew       Delay        Time   Description
---------------------------------------------------------------------------------------------
                                  0.000000    0.000000   clock clk (rise edge)
                                  0.000000    0.000000   clock source latency
    20    0.058116    0.265402    0.183277    0.183277 ^ clk (in)
                                                         clk (net)
                      0.265414    0.000000    0.183277 ^ _106_/CLK (sky130_fd_sc_hd__dfxtp_2)
    10    0.027476    0.144275    0.465004    0.648281 ^ _106_/Q (sky130_fd_sc_hd__dfxtp_2)
                                                         count[2] (net)
                      0.144275    0.000099    0.648380 ^ _088_/B (sky130_fd_sc_hd__or4b_2)
     2    0.010006    0.069224    0.171694    0.820073 ^ _088_/X (sky130_fd_sc_hd__or4b_2)
                                                         _047_ (net)
                      0.069224    0.000023    0.820096 ^ _090_/A1 (sky130_fd_sc_hd__a21oi_2)
     1    0.002001    0.027338    0.046617    0.866714 v _090_/Y (sky130_fd_sc_hd__a21oi_2)
                                                         _009_ (net)
                      0.027338    0.000004    0.866718 v _113_/D (sky130_fd_sc_hd__dfxtp_2)
                                              0.866718   data arrival time

                                  0.000000    0.000000   clock clk (rise edge)
                                  0.000000    0.000000   clock source latency
    20    0.058116    0.265402    0.184270    0.184270 ^ clk (in)
                                                         clk (net)
                      0.265436    0.000000    0.184270 ^ _113_/CLK (sky130_fd_sc_hd__dfxtp_2)
                                  0.250000    0.434270   clock uncertainty
                                  0.000000    0.434270   clock reconvergence pessimism
                                  0.010318    0.444587   library hold time
                                              0.444587   data required time
---------------------------------------------------------------------------------------------
                                              0.444587   data required time
                                             -0.866718   data arrival time
---------------------------------------------------------------------------------------------
                                              0.422130   slack (MET)


Startpoint: _106_ (rising edge-triggered flip-flop clocked by clk)
Endpoint: _110_ (rising edge-triggered flip-flop clocked by clk)
Path Group: clk
Path Type: min

Fanout         Cap        Slew       Delay        Time   Description
---------------------------------------------------------------------------------------------
                                  0.000000    0.000000   clock clk (rise edge)
                                  0.000000    0.000000   clock source latency
    20    0.058116    0.265402    0.183277    0.183277 ^ clk (in)
                                                         clk (net)
                      0.265414    0.000000    0.183277 ^ _106_/CLK (sky130_fd_sc_hd__dfxtp_2)
    10    0.025026    0.069239    0.422579    0.605856 v _106_/Q (sky130_fd_sc_hd__dfxtp_2)
                                                         count[2] (net)
                      0.069239    0.000148    0.606004 v _079_/D_N (sky130_fd_sc_hd__or4b_2)
     2    0.009681    0.067560    0.231387    0.837391 ^ _079_/X (sky130_fd_sc_hd__or4b_2)
                                                         _041_ (net)
                      0.067560    0.000057    0.837449 ^ _081_/A1 (sky130_fd_sc_hd__a21oi_2)
     1    0.002011    0.027582    0.046243    0.883691 v _081_/Y (sky130_fd_sc_hd__a21oi_2)
                                                         _006_ (net)
                      0.027582    0.000004    0.883695 v _110_/D (sky130_fd_sc_hd__dfxtp_2)
                                              0.883695   data arrival time

                                  0.000000    0.000000   clock clk (rise edge)
                                  0.000000    0.000000   clock source latency
    20    0.058116    0.265402    0.183629    0.183629 ^ clk (in)
                                                         clk (net)
                      0.265421    0.000000    0.183629 ^ _110_/CLK (sky130_fd_sc_hd__dfxtp_2)
                                  0.250000    0.433629   clock uncertainty
                                  0.000000    0.433629   clock reconvergence pessimism
                                  0.010214    0.443843   library hold time
                                              0.443843   data required time
---------------------------------------------------------------------------------------------
                                              0.443843   data required time
                                             -0.883695   data arrival time
---------------------------------------------------------------------------------------------
                                              0.439852   slack (MET)


Startpoint: _106_ (rising edge-triggered flip-flop clocked by clk)
Endpoint: _122_ (rising edge-triggered flip-flop clocked by clk)
Path Group: clk
Path Type: min

Fanout         Cap        Slew       Delay        Time   Description
---------------------------------------------------------------------------------------------
                                  0.000000    0.000000   clock clk (rise edge)
                                  0.000000    0.000000   clock source latency
    20    0.058116    0.265402    0.183277    0.183277 ^ clk (in)
                                                         clk (net)
                      0.265414    0.000000    0.183277 ^ _106_/CLK (sky130_fd_sc_hd__dfxtp_2)
    10    0.027476    0.144275    0.465004    0.648281 ^ _106_/Q (sky130_fd_sc_hd__dfxtp_2)
                                                         count[2] (net)
                      0.144275    0.000109    0.648389 ^ _060_/C (sky130_fd_sc_hd__nor3_2)
     3    0.007342    0.044409    0.065435    0.713825 v _060_/Y (sky130_fd_sc_hd__nor3_2)
                                                         _028_ (net)
                      0.044409    0.000050    0.713874 v _101_/A1 (sky130_fd_sc_hd__o21a_2)
     1    0.002011    0.021975    0.197439    0.911313 v _101_/X (sky130_fd_sc_hd__o21a_2)
                                                         _018_ (net)
                      0.021975    0.000004    0.911317 v _122_/D (sky130_fd_sc_hd__dfxtp_2)
                                              0.911317   data arrival time

                                  0.000000    0.000000   clock clk (rise edge)
                                  0.000000    0.000000   clock source latency
    20    0.058116    0.265402    0.184454    0.184454 ^ clk (in)
                                                         clk (net)
                      0.265441    0.000000    0.184454 ^ _122_/CLK (sky130_fd_sc_hd__dfxtp_2)
                                  0.250000    0.434454   clock uncertainty
                                  0.000000    0.434454   clock reconvergence pessimism
                                  0.012524    0.446977   library hold time
                                              0.446977   data required time
---------------------------------------------------------------------------------------------
                                              0.446977   data required time
                                             -0.911317   data arrival time
---------------------------------------------------------------------------------------------
                                              0.464340   slack (MET)


Startpoint: _106_ (rising edge-triggered flip-flop clocked by clk)
Endpoint: _106_ (rising edge-triggered flip-flop clocked by clk)
Path Group: clk
Path Type: min

Fanout         Cap        Slew       Delay        Time   Description
---------------------------------------------------------------------------------------------
                                  0.000000    0.000000   clock clk (rise edge)
                                  0.000000    0.000000   clock source latency
    20    0.058116    0.265402    0.183277    0.183277 ^ clk (in)
                                                         clk (net)
                      0.265414    0.000000    0.183277 ^ _106_/CLK (sky130_fd_sc_hd__dfxtp_2)
    10    0.025026    0.069239    0.422579    0.605856 v _106_/Q (sky130_fd_sc_hd__dfxtp_2)
                                                         count[2] (net)
                      0.069239    0.000100    0.605956 v _066_/C (sky130_fd_sc_hd__nand3_2)
     5    0.017487    0.101284    0.123278    0.729234 ^ _066_/Y (sky130_fd_sc_hd__nand3_2)
                                                         _032_ (net)
                      0.101284    0.000007    0.729241 ^ _068_/C (sky130_fd_sc_hd__and4_2)
     1    0.001781    0.044740    0.209455    0.938696 ^ _068_/X (sky130_fd_sc_hd__and4_2)
                                                         _002_ (net)
                      0.044740    0.000001    0.938697 ^ _106_/D (sky130_fd_sc_hd__dfxtp_2)
                                              0.938697   data arrival time

                                  0.000000    0.000000   clock clk (rise edge)
                                  0.000000    0.000000   clock source latency
    20    0.058116    0.265402    0.183277    0.183277 ^ clk (in)
                                                         clk (net)
                      0.265414    0.000000    0.183277 ^ _106_/CLK (sky130_fd_sc_hd__dfxtp_2)
                                  0.250000    0.433277   clock uncertainty
                                  0.000000    0.433277   clock reconvergence pessimism
                                 -0.002117    0.431160   library hold time
                                              0.431160   data required time
---------------------------------------------------------------------------------------------
                                              0.431160   data required time
                                             -0.938697   data arrival time
---------------------------------------------------------------------------------------------
                                              0.507537   slack (MET)


Startpoint: _119_ (rising edge-triggered flip-flop clocked by clk)
Endpoint: adc_out[5] (output port clocked by clk)
Path Group: clk
Path Type: min

Fanout         Cap        Slew       Delay        Time   Description
---------------------------------------------------------------------------------------------
                                  0.000000    0.000000   clock clk (rise edge)
                                  0.000000    0.000000   clock source latency
    20    0.058116    0.265402    0.184649    0.184649 ^ clk (in)
                                                         clk (net)
                      0.265447    0.000000    0.184649 ^ _119_/CLK (sky130_fd_sc_hd__dfxtp_2)
     2    0.036414    0.091198    0.443990    0.628639 v _119_/Q (sky130_fd_sc_hd__dfxtp_2)
                                                         adc_out[5] (net)
                      0.091198    0.000188    0.628827 v adc_out[5] (out)
                                              0.628827   data arrival time

                                  0.000000    0.000000   clock clk (rise edge)
                                  0.000000    0.000000   clock network delay (propagated)
                                  0.250000    0.250000   clock uncertainty
                                  0.000000    0.250000   clock reconvergence pessimism
                                -10.000000   -9.750000   output external delay
                                             -9.750000   data required time
---------------------------------------------------------------------------------------------
                                             -9.750000   data required time
                                             -0.628827   data arrival time
---------------------------------------------------------------------------------------------
                                             10.378827   slack (MET)


Startpoint: _116_ (rising edge-triggered flip-flop clocked by clk)
Endpoint: adc_out[2] (output port clocked by clk)
Path Group: clk
Path Type: min

Fanout         Cap        Slew       Delay        Time   Description
---------------------------------------------------------------------------------------------
                                  0.000000    0.000000   clock clk (rise edge)
                                  0.000000    0.000000   clock source latency
    20    0.058116    0.265402    0.184717    0.184717 ^ clk (in)
                                                         clk (net)
                      0.265450    0.000000    0.184717 ^ _116_/CLK (sky130_fd_sc_hd__dfxtp_2)
     2    0.036568    0.091527    0.444247    0.628964 v _116_/Q (sky130_fd_sc_hd__dfxtp_2)
                                                         adc_out[2] (net)
                      0.091527    0.000187    0.629152 v adc_out[2] (out)
                                              0.629152   data arrival time

                                  0.000000    0.000000   clock clk (rise edge)
                                  0.000000    0.000000   clock network delay (propagated)
                                  0.250000    0.250000   clock uncertainty
                                  0.000000    0.250000   clock reconvergence pessimism
                                -10.000000   -9.750000   output external delay
                                             -9.750000   data required time
---------------------------------------------------------------------------------------------
                                             -9.750000   data required time
                                             -0.629152   data arrival time
---------------------------------------------------------------------------------------------
                                             10.379152   slack (MET)


Startpoint: _115_ (rising edge-triggered flip-flop clocked by clk)
Endpoint: adc_out[1] (output port clocked by clk)
Path Group: clk
Path Type: min

Fanout         Cap        Slew       Delay        Time   Description
---------------------------------------------------------------------------------------------
                                  0.000000    0.000000   clock clk (rise edge)
                                  0.000000    0.000000   clock source latency
    20    0.058116    0.265402    0.184714    0.184714 ^ clk (in)
                                                         clk (net)
                      0.265449    0.000000    0.184714 ^ _115_/CLK (sky130_fd_sc_hd__dfxtp_2)
     2    0.036923    0.092305    0.444784    0.629498 v _115_/Q (sky130_fd_sc_hd__dfxtp_2)
                                                         adc_out[1] (net)
                      0.092305    0.000265    0.629763 v adc_out[1] (out)
                                              0.629763   data arrival time

                                  0.000000    0.000000   clock clk (rise edge)
                                  0.000000    0.000000   clock network delay (propagated)
                                  0.250000    0.250000   clock uncertainty
                                  0.000000    0.250000   clock reconvergence pessimism
                                -10.000000   -9.750000   output external delay
                                             -9.750000   data required time
---------------------------------------------------------------------------------------------
                                             -9.750000   data required time
                                             -0.629763   data arrival time
---------------------------------------------------------------------------------------------
                                             10.379763   slack (MET)


Startpoint: _118_ (rising edge-triggered flip-flop clocked by clk)
Endpoint: adc_out[4] (output port clocked by clk)
Path Group: clk
Path Type: min

Fanout         Cap        Slew       Delay        Time   Description
---------------------------------------------------------------------------------------------
                                  0.000000    0.000000   clock clk (rise edge)
                                  0.000000    0.000000   clock source latency
    20    0.058116    0.265402    0.184637    0.184637 ^ clk (in)
                                                         clk (net)
                      0.265447    0.000000    0.184637 ^ _118_/CLK (sky130_fd_sc_hd__dfxtp_2)
     2    0.037060    0.092608    0.444993    0.629631 v _118_/Q (sky130_fd_sc_hd__dfxtp_2)
                                                         adc_out[4] (net)
                      0.092608    0.000293    0.629924 v adc_out[4] (out)
                                              0.629924   data arrival time

                                  0.000000    0.000000   clock clk (rise edge)
                                  0.000000    0.000000   clock network delay (propagated)
                                  0.250000    0.250000   clock uncertainty
                                  0.000000    0.250000   clock reconvergence pessimism
                                -10.000000   -9.750000   output external delay
                                             -9.750000   data required time
---------------------------------------------------------------------------------------------
                                             -9.750000   data required time
                                             -0.629924   data arrival time
---------------------------------------------------------------------------------------------
                                             10.379924   slack (MET)


Startpoint: _121_ (rising edge-triggered flip-flop clocked by clk)
Endpoint: adc_out[7] (output port clocked by clk)
Path Group: clk
Path Type: min

Fanout         Cap        Slew       Delay        Time   Description
---------------------------------------------------------------------------------------------
                                  0.000000    0.000000   clock clk (rise edge)
                                  0.000000    0.000000   clock source latency
    20    0.058116    0.265402    0.184644    0.184644 ^ clk (in)
                                                         clk (net)
                      0.265447    0.000000    0.184644 ^ _121_/CLK (sky130_fd_sc_hd__dfxtp_2)
     2    0.037161    0.092845    0.445104    0.629748 v _121_/Q (sky130_fd_sc_hd__dfxtp_2)
                                                         adc_out[7] (net)
                      0.092845    0.000379    0.630128 v adc_out[7] (out)
                                              0.630128   data arrival time

                                  0.000000    0.000000   clock clk (rise edge)
                                  0.000000    0.000000   clock network delay (propagated)
                                  0.250000    0.250000   clock uncertainty
                                  0.000000    0.250000   clock reconvergence pessimism
                                -10.000000   -9.750000   output external delay
                                             -9.750000   data required time
---------------------------------------------------------------------------------------------
                                             -9.750000   data required time
                                             -0.630128   data arrival time
---------------------------------------------------------------------------------------------
                                             10.380128   slack (MET)


Startpoint: _117_ (rising edge-triggered flip-flop clocked by clk)
Endpoint: adc_out[3] (output port clocked by clk)
Path Group: clk
Path Type: min

Fanout         Cap        Slew       Delay        Time   Description
---------------------------------------------------------------------------------------------
                                  0.000000    0.000000   clock clk (rise edge)
                                  0.000000    0.000000   clock source latency
    20    0.058116    0.265402    0.184644    0.184644 ^ clk (in)
                                                         clk (net)
                      0.265447    0.000000    0.184644 ^ _117_/CLK (sky130_fd_sc_hd__dfxtp_2)
     2    0.037936    0.094533    0.446319    0.630964 v _117_/Q (sky130_fd_sc_hd__dfxtp_2)
                                                         adc_out[3] (net)
                      0.094534    0.000489    0.631453 v adc_out[3] (out)
                                              0.631453   data arrival time

                                  0.000000    0.000000   clock clk (rise edge)
                                  0.000000    0.000000   clock network delay (propagated)
                                  0.250000    0.250000   clock uncertainty
                                  0.000000    0.250000   clock reconvergence pessimism
                                -10.000000   -9.750000   output external delay
                                             -9.750000   data required time
---------------------------------------------------------------------------------------------
                                             -9.750000   data required time
                                             -0.631453   data arrival time
---------------------------------------------------------------------------------------------
                                             10.381453   slack (MET)


Startpoint: _120_ (rising edge-triggered flip-flop clocked by clk)
Endpoint: adc_out[6] (output port clocked by clk)
Path Group: clk
Path Type: min

Fanout         Cap        Slew       Delay        Time   Description
---------------------------------------------------------------------------------------------
                                  0.000000    0.000000   clock clk (rise edge)
                                  0.000000    0.000000   clock source latency
    20    0.058116    0.265402    0.184598    0.184598 ^ clk (in)
                                                         clk (net)
                      0.265446    0.000000    0.184598 ^ _120_/CLK (sky130_fd_sc_hd__dfxtp_2)
     2    0.038031    0.094750    0.446437    0.631034 v _120_/Q (sky130_fd_sc_hd__dfxtp_2)
                                                         adc_out[6] (net)
                      0.094752    0.000549    0.631584 v adc_out[6] (out)
                                              0.631584   data arrival time

                                  0.000000    0.000000   clock clk (rise edge)
                                  0.000000    0.000000   clock network delay (propagated)
                                  0.250000    0.250000   clock uncertainty
                                  0.000000    0.250000   clock reconvergence pessimism
                                -10.000000   -9.750000   output external delay
                                             -9.750000   data required time
---------------------------------------------------------------------------------------------
                                             -9.750000   data required time
                                             -0.631584   data arrival time
---------------------------------------------------------------------------------------------
                                             10.381584   slack (MET)


Startpoint: _114_ (rising edge-triggered flip-flop clocked by clk)
Endpoint: adc_out[0] (output port clocked by clk)
Path Group: clk
Path Type: min

Fanout         Cap        Slew       Delay        Time   Description
---------------------------------------------------------------------------------------------
                                  0.000000    0.000000   clock clk (rise edge)
                                  0.000000    0.000000   clock source latency
    20    0.058116    0.265402    0.184683    0.184683 ^ clk (in)
                                                         clk (net)
                      0.265449    0.000000    0.184683 ^ _114_/CLK (sky130_fd_sc_hd__dfxtp_2)
     2    0.038324    0.095392    0.446889    0.631572 v _114_/Q (sky130_fd_sc_hd__dfxtp_2)
                                                         adc_out[0] (net)
                      0.095394    0.000605    0.632177 v adc_out[0] (out)
                                              0.632177   data arrival time

                                  0.000000    0.000000   clock clk (rise edge)
                                  0.000000    0.000000   clock network delay (propagated)
                                  0.250000    0.250000   clock uncertainty
                                  0.000000    0.250000   clock reconvergence pessimism
                                -10.000000   -9.750000   output external delay
                                             -9.750000   data required time
---------------------------------------------------------------------------------------------
                                             -9.750000   data required time
                                             -0.632177   data arrival time
---------------------------------------------------------------------------------------------
                                             10.382177   slack (MET)


Startpoint: _122_ (rising edge-triggered flip-flop clocked by clk)
Endpoint: dac_in[6] (output port clocked by clk)
Path Group: clk
Path Type: min

Fanout         Cap        Slew       Delay        Time   Description
---------------------------------------------------------------------------------------------
                                  0.000000    0.000000   clock clk (rise edge)
                                  0.000000    0.000000   clock source latency
    20    0.058116    0.265402    0.184454    0.184454 ^ clk (in)
                                                         clk (net)
                      0.265441    0.000000    0.184454 ^ _122_/CLK (sky130_fd_sc_hd__dfxtp_2)
     3    0.039389    0.097653    0.448722    0.633176 v _122_/Q (sky130_fd_sc_hd__dfxtp_2)
                                                         dac_in[6] (net)
                      0.097654    0.000501    0.633677 v dac_in[6] (out)
                                              0.633677   data arrival time

                                  0.000000    0.000000   clock clk (rise edge)
                                  0.000000    0.000000   clock network delay (propagated)
                                  0.250000    0.250000   clock uncertainty
                                  0.000000    0.250000   clock reconvergence pessimism
                                -10.000000   -9.750000   output external delay
                                             -9.750000   data required time
---------------------------------------------------------------------------------------------
                                             -9.750000   data required time
                                             -0.633677   data arrival time
---------------------------------------------------------------------------------------------
                                             10.383677   slack (MET)


Startpoint: _123_ (rising edge-triggered flip-flop clocked by clk)
Endpoint: dac_in[7] (output port clocked by clk)
Path Group: clk
Path Type: min

Fanout         Cap        Slew       Delay        Time   Description
---------------------------------------------------------------------------------------------
                                  0.000000    0.000000   clock clk (rise edge)
                                  0.000000    0.000000   clock source latency
    20    0.058116    0.265402    0.184461    0.184461 ^ clk (in)
                                                         clk (net)
                      0.265442    0.000000    0.184461 ^ _123_/CLK (sky130_fd_sc_hd__dfxtp_2)
     3    0.040948    0.101108    0.451001    0.635462 v _123_/Q (sky130_fd_sc_hd__dfxtp_2)
                                                         dac_in[7] (net)
                      0.101116    0.000972    0.636433 v dac_in[7] (out)
                                              0.636433   data arrival time

                                  0.000000    0.000000   clock clk (rise edge)
                                  0.000000    0.000000   clock network delay (propagated)
                                  0.250000    0.250000   clock uncertainty
                                  0.000000    0.250000   clock reconvergence pessimism
                                -10.000000   -9.750000   output external delay
                                             -9.750000   data required time
---------------------------------------------------------------------------------------------
                                             -9.750000   data required time
                                             -0.636433   data arrival time
---------------------------------------------------------------------------------------------
                                             10.386434   slack (MET)


Startpoint: _113_ (rising edge-triggered flip-flop clocked by clk)
Endpoint: dac_in[5] (output port clocked by clk)
Path Group: clk
Path Type: min

Fanout         Cap        Slew       Delay        Time   Description
---------------------------------------------------------------------------------------------
                                  0.000000    0.000000   clock clk (rise edge)
                                  0.000000    0.000000   clock source latency
    20    0.058116    0.265402    0.184270    0.184270 ^ clk (in)
                                                         clk (net)
                      0.265436    0.000000    0.184270 ^ _113_/CLK (sky130_fd_sc_hd__dfxtp_2)
     3    0.044403    0.108401    0.457090    0.641360 v _113_/Q (sky130_fd_sc_hd__dfxtp_2)
                                                         dac_in[5] (net)
                      0.108401    0.000429    0.641789 v dac_in[5] (out)
                                              0.641789   data arrival time

                                  0.000000    0.000000   clock clk (rise edge)
                                  0.000000    0.000000   clock network delay (propagated)
                                  0.250000    0.250000   clock uncertainty
                                  0.000000    0.250000   clock reconvergence pessimism
                                -10.000000   -9.750000   output external delay
                                             -9.750000   data required time
---------------------------------------------------------------------------------------------
                                             -9.750000   data required time
                                             -0.641789   data arrival time
---------------------------------------------------------------------------------------------
                                             10.391789   slack (MET)


Startpoint: _112_ (rising edge-triggered flip-flop clocked by clk)
Endpoint: dac_in[4] (output port clocked by clk)
Path Group: clk
Path Type: min

Fanout         Cap        Slew       Delay        Time   Description
---------------------------------------------------------------------------------------------
                                  0.000000    0.000000   clock clk (rise edge)
                                  0.000000    0.000000   clock source latency
    20    0.058116    0.265402    0.184127    0.184127 ^ clk (in)
                                                         clk (net)
                      0.265432    0.000000    0.184127 ^ _112_/CLK (sky130_fd_sc_hd__dfxtp_2)
     3    0.044786    0.109197    0.457790    0.641917 v _112_/Q (sky130_fd_sc_hd__dfxtp_2)
                                                         dac_in[4] (net)
                      0.109197    0.000330    0.642247 v dac_in[4] (out)
                                              0.642247   data arrival time

                                  0.000000    0.000000   clock clk (rise edge)
                                  0.000000    0.000000   clock network delay (propagated)
                                  0.250000    0.250000   clock uncertainty
                                  0.000000    0.250000   clock reconvergence pessimism
                                -10.000000   -9.750000   output external delay
                                             -9.750000   data required time
---------------------------------------------------------------------------------------------
                                             -9.750000   data required time
                                             -0.642247   data arrival time
---------------------------------------------------------------------------------------------
                                             10.392247   slack (MET)


Startpoint: _111_ (rising edge-triggered flip-flop clocked by clk)
Endpoint: dac_in[3] (output port clocked by clk)
Path Group: clk
Path Type: min

Fanout         Cap        Slew       Delay        Time   Description
---------------------------------------------------------------------------------------------
                                  0.000000    0.000000   clock clk (rise edge)
                                  0.000000    0.000000   clock source latency
    20    0.058116    0.265402    0.183910    0.183910 ^ clk (in)
                                                         clk (net)
                      0.265427    0.000000    0.183910 ^ _111_/CLK (sky130_fd_sc_hd__dfxtp_2)
     3    0.045681    0.111167    0.459165    0.643075 v _111_/Q (sky130_fd_sc_hd__dfxtp_2)
                                                         dac_in[3] (net)
                      0.111168    0.000499    0.643574 v dac_in[3] (out)
                                              0.643574   data arrival time

                                  0.000000    0.000000   clock clk (rise edge)
                                  0.000000    0.000000   clock network delay (propagated)
                                  0.250000    0.250000   clock uncertainty
                                  0.000000    0.250000   clock reconvergence pessimism
                                -10.000000   -9.750000   output external delay
                                             -9.750000   data required time
---------------------------------------------------------------------------------------------
                                             -9.750000   data required time
                                             -0.643574   data arrival time
---------------------------------------------------------------------------------------------
                                             10.393575   slack (MET)


Startpoint: _110_ (rising edge-triggered flip-flop clocked by clk)
Endpoint: dac_in[2] (output port clocked by clk)
Path Group: clk
Path Type: min

Fanout         Cap        Slew       Delay        Time   Description
---------------------------------------------------------------------------------------------
                                  0.000000    0.000000   clock clk (rise edge)
                                  0.000000    0.000000   clock source latency
    20    0.058116    0.265402    0.183629    0.183629 ^ clk (in)
                                                         clk (net)
                      0.265421    0.000000    0.183629 ^ _110_/CLK (sky130_fd_sc_hd__dfxtp_2)
     3    0.049050    0.118405    0.464773    0.648403 v _110_/Q (sky130_fd_sc_hd__dfxtp_2)
                                                         dac_in[2] (net)
                      0.118405    0.000461    0.648864 v dac_in[2] (out)
                                              0.648864   data arrival time

                                  0.000000    0.000000   clock clk (rise edge)
                                  0.000000    0.000000   clock network delay (propagated)
                                  0.250000    0.250000   clock uncertainty
                                  0.000000    0.250000   clock reconvergence pessimism
                                -10.000000   -9.750000   output external delay
                                             -9.750000   data required time
---------------------------------------------------------------------------------------------
                                             -9.750000   data required time
                                             -0.648864   data arrival time
---------------------------------------------------------------------------------------------
                                             10.398865   slack (MET)


Startpoint: _109_ (rising edge-triggered flip-flop clocked by clk)
Endpoint: dac_in[1] (output port clocked by clk)
Path Group: clk
Path Type: min

Fanout         Cap        Slew       Delay        Time   Description
---------------------------------------------------------------------------------------------
                                  0.000000    0.000000   clock clk (rise edge)
                                  0.000000    0.000000   clock source latency
    20    0.058116    0.265402    0.183489    0.183489 ^ clk (in)
                                                         clk (net)
                      0.265418    0.000000    0.183489 ^ _109_/CLK (sky130_fd_sc_hd__dfxtp_2)
     3    0.050426    0.121428    0.466907    0.650396 v _109_/Q (sky130_fd_sc_hd__dfxtp_2)
                                                         dac_in[1] (net)
                      0.121430    0.000745    0.651141 v dac_in[1] (out)
                                              0.651141   data arrival time

                                  0.000000    0.000000   clock clk (rise edge)
                                  0.000000    0.000000   clock network delay (propagated)
                                  0.250000    0.250000   clock uncertainty
                                  0.000000    0.250000   clock reconvergence pessimism
                                -10.000000   -9.750000   output external delay
                                             -9.750000   data required time
---------------------------------------------------------------------------------------------
                                             -9.750000   data required time
                                             -0.651141   data arrival time
---------------------------------------------------------------------------------------------
                                             10.401141   slack (MET)


Startpoint: _108_ (rising edge-triggered flip-flop clocked by clk)
Endpoint: dac_in[0] (output port clocked by clk)
Path Group: clk
Path Type: min

Fanout         Cap        Slew       Delay        Time   Description
---------------------------------------------------------------------------------------------
                                  0.000000    0.000000   clock clk (rise edge)
                                  0.000000    0.000000   clock source latency
    20    0.058116    0.265402    0.183183    0.183183 ^ clk (in)
                                                         clk (net)
                      0.265413    0.000000    0.183183 ^ _108_/CLK (sky130_fd_sc_hd__dfxtp_2)
     3    0.050998    0.122770    0.467551    0.650733 v _108_/Q (sky130_fd_sc_hd__dfxtp_2)
                                                         dac_in[0] (net)
                      0.122783    0.001317    0.652050 v dac_in[0] (out)
                                              0.652050   data arrival time

                                  0.000000    0.000000   clock clk (rise edge)
                                  0.000000    0.000000   clock network delay (propagated)
                                  0.250000    0.250000   clock uncertainty
                                  0.000000    0.250000   clock reconvergence pessimism
                                -10.000000   -9.750000   output external delay
                                             -9.750000   data required time
---------------------------------------------------------------------------------------------
                                             -9.750000   data required time
                                             -0.652050   data arrival time
---------------------------------------------------------------------------------------------
                                             10.402050   slack (MET)



