
===========================================================================
report_checks -unconstrained
===========================================================================
======================= nom_ss_100C_1v60 Corner ===================================

Startpoint: rst_n (input port clocked by clk)
Endpoint: _114_ (rising edge-triggered flip-flop clocked by clk)
Path Group: clk
Path Type: max

Fanout         Cap        Slew       Delay        Time   Description
---------------------------------------------------------------------------------------------
                      0.150000    0.000000    0.000000   clock clk (rise edge)
                                  0.000000    0.000000   clock network delay (ideal)
                                 10.000000   10.000000 ^ input external delay
     5    0.017618    0.135864    0.090115   10.090115 ^ rst_n (in)
                                                         rst_n (net)
                      0.135864    0.000000   10.090115 ^ _053_/A (sky130_fd_sc_hd__inv_2)
     2    0.003476    0.037223    0.077199   10.167314 v _053_/Y (sky130_fd_sc_hd__inv_2)
                                                         _021_ (net)
                      0.037223    0.000000   10.167314 v _091_/A (sky130_fd_sc_hd__or2_2)
     8    0.025400    0.222338    0.800869   10.968183 v _091_/X (sky130_fd_sc_hd__or2_2)
                                                         _049_ (net)
                      0.222338    0.000000   10.968183 v _092_/S (sky130_fd_sc_hd__mux2_1)
     1    0.001577    0.099539    0.727615   11.695798 v _092_/X (sky130_fd_sc_hd__mux2_1)
                                                         _010_ (net)
                      0.099539    0.000000   11.695798 v _114_/D (sky130_fd_sc_hd__dfxtp_2)
                                             11.695798   data arrival time

                      0.150000   50.000000   50.000000   clock clk (rise edge)
                                  0.000000   50.000000   clock network delay (ideal)
                                 -0.250000   49.749996   clock uncertainty
                                  0.000000   49.749996   clock reconvergence pessimism
                                             49.749996 ^ _114_/CLK (sky130_fd_sc_hd__dfxtp_2)
                                 -0.264984   49.485016   library setup time
                                             49.485016   data required time
---------------------------------------------------------------------------------------------
                                             49.485016   data required time
                                            -11.695798   data arrival time
---------------------------------------------------------------------------------------------
                                             37.789219   slack (MET)




===========================================================================
report_checks --slack_max -0.01
============================================================================
======================= nom_ss_100C_1v60 Corner ===================================

No paths found.


===========================================================================
 report_check_types -max_slew -max_cap -max_fanout -violators
============================================================================
======================= nom_ss_100C_1v60 Corner ===================================

max fanout

Pin                                   Limit Fanout  Slack
---------------------------------------------------------
_104_/Q                                  10     13     -3 (VIOLATED)
_105_/Q                                  10     12     -2 (VIOLATED)
_107_/Q                                  10     12     -2 (VIOLATED)



===========================================================================
report_parasitic_annotation -report_unannotated
============================================================================
Found 75 unannotated drivers.
 clk
 comp
 rst_n
 _052_/Y
 _053_/Y
 _054_/Y
 _055_/Y
 _056_/Y
 _057_/Y
 _058_/Y
 _059_/Y
 _060_/Y
 _061_/X
 _062_/Y
 _063_/Y
 _064_/Y
 _065_/Y
 _066_/Y
 _067_/X
 _068_/X
 _069_/X
 _070_/Y
 _071_/Y
 _072_/Y
 _073_/X
 _074_/X
 _075_/Y
 _076_/X
 _077_/X
 _078_/Y
 _079_/X
 _080_/X
 _081_/Y
 _082_/X
 _083_/X
 _084_/Y
 _085_/X
 _086_/X
 _087_/Y
 _088_/X
 _089_/X
 _090_/Y
 _091_/X
 _092_/X
 _093_/X
 _094_/X
 _095_/X
 _096_/X
 _097_/X
 _098_/X
 _099_/X
 _100_/X
 _101_/X
 _102_/X
 _103_/X
 _104_/Q
 _105_/Q
 _106_/Q
 _107_/Q
 _108_/Q
 _109_/Q
 _110_/Q
 _111_/Q
 _112_/Q
 _113_/Q
 _114_/Q
 _115_/Q
 _116_/Q
 _117_/Q
 _118_/Q
 _119_/Q
 _120_/Q
 _121_/Q
 _122_/Q
 _123_/Q
Found 0 partially unannotated drivers.

===========================================================================
max slew violation count 0
max fanout violation count 3
max cap violation count 0
============================================================================

===========================================================================
check_setup -verbose -unconstrained_endpoints -multiple_clock -no_clock -no_input_delay -loops -generated_clocks
===========================================================================
