
===========================================================================
report_checks -path_delay max (Setup)
============================================================================
======================= nom_ss_100C_1v60 Corner ===================================

Startpoint: rst_n (input port clocked by clk)
Endpoint: _114_ (rising edge-triggered flip-flop clocked by clk)
Path Group: clk
Path Type: max

Fanout         Cap        Slew       Delay        Time   Description
---------------------------------------------------------------------------------------------
                      0.150000    0.000000    0.000000   clock clk (rise edge)
                                  0.000000    0.000000   clock network delay (ideal)
                                 10.000000   10.000000 ^ input external delay
     5    0.017618    0.135864    0.090115   10.090115 ^ rst_n (in)
                                                         rst_n (net)
                      0.135864    0.000000   10.090115 ^ _053_/A (sky130_fd_sc_hd__inv_2)
     2    0.003476    0.037223    0.077199   10.167314 v _053_/Y (sky130_fd_sc_hd__inv_2)
                                                         _021_ (net)
                      0.037223    0.000000   10.167314 v _091_/A (sky130_fd_sc_hd__or2_2)
     8    0.025400    0.222338    0.800869   10.968183 v _091_/X (sky130_fd_sc_hd__or2_2)
                                                         _049_ (net)
                      0.222338    0.000000   10.968183 v _092_/S (sky130_fd_sc_hd__mux2_1)
     1    0.001577    0.099539    0.727615   11.695798 v _092_/X (sky130_fd_sc_hd__mux2_1)
                                                         _010_ (net)
                      0.099539    0.000000   11.695798 v _114_/D (sky130_fd_sc_hd__dfxtp_2)
                                             11.695798   data arrival time

                      0.150000   50.000000   50.000000   clock clk (rise edge)
                                  0.000000   50.000000   clock network delay (ideal)
                                 -0.250000   49.749996   clock uncertainty
                                  0.000000   49.749996   clock reconvergence pessimism
                                             49.749996 ^ _114_/CLK (sky130_fd_sc_hd__dfxtp_2)
                                 -0.264984   49.485016   library setup time
                                             49.485016   data required time
---------------------------------------------------------------------------------------------
                                             49.485016   data required time
                                            -11.695798   data arrival time
---------------------------------------------------------------------------------------------
                                             37.789219   slack (MET)


Startpoint: rst_n (input port clocked by clk)
Endpoint: _115_ (rising edge-triggered flip-flop clocked by clk)
Path Group: clk
Path Type: max

Fanout         Cap        Slew       Delay        Time   Description
---------------------------------------------------------------------------------------------
                      0.150000    0.000000    0.000000   clock clk (rise edge)
                                  0.000000    0.000000   clock network delay (ideal)
                                 10.000000   10.000000 ^ input external delay
     5    0.017618    0.135864    0.090115   10.090115 ^ rst_n (in)
                                                         rst_n (net)
                      0.135864    0.000000   10.090115 ^ _053_/A (sky130_fd_sc_hd__inv_2)
     2    0.003476    0.037223    0.077199   10.167314 v _053_/Y (sky130_fd_sc_hd__inv_2)
                                                         _021_ (net)
                      0.037223    0.000000   10.167314 v _091_/A (sky130_fd_sc_hd__or2_2)
     8    0.025400    0.222338    0.800869   10.968183 v _091_/X (sky130_fd_sc_hd__or2_2)
                                                         _049_ (net)
                      0.222338    0.000000   10.968183 v _093_/S (sky130_fd_sc_hd__mux2_1)
     1    0.001577    0.099540    0.727615   11.695798 v _093_/X (sky130_fd_sc_hd__mux2_1)
                                                         _011_ (net)
                      0.099540    0.000000   11.695798 v _115_/D (sky130_fd_sc_hd__dfxtp_2)
                                             11.695798   data arrival time

                      0.150000   50.000000   50.000000   clock clk (rise edge)
                                  0.000000   50.000000   clock network delay (ideal)
                                 -0.250000   49.749996   clock uncertainty
                                  0.000000   49.749996   clock reconvergence pessimism
                                             49.749996 ^ _115_/CLK (sky130_fd_sc_hd__dfxtp_2)
                                 -0.264984   49.485016   library setup time
                                             49.485016   data required time
---------------------------------------------------------------------------------------------
                                             49.485016   data required time
                                            -11.695798   data arrival time
---------------------------------------------------------------------------------------------
                                             37.789219   slack (MET)


Startpoint: rst_n (input port clocked by clk)
Endpoint: _116_ (rising edge-triggered flip-flop clocked by clk)
Path Group: clk
Path Type: max

Fanout         Cap        Slew       Delay        Time   Description
---------------------------------------------------------------------------------------------
                      0.150000    0.000000    0.000000   clock clk (rise edge)
                                  0.000000    0.000000   clock network delay (ideal)
                                 10.000000   10.000000 ^ input external delay
     5    0.017618    0.135864    0.090115   10.090115 ^ rst_n (in)
                                                         rst_n (net)
                      0.135864    0.000000   10.090115 ^ _053_/A (sky130_fd_sc_hd__inv_2)
     2    0.003476    0.037223    0.077199   10.167314 v _053_/Y (sky130_fd_sc_hd__inv_2)
                                                         _021_ (net)
                      0.037223    0.000000   10.167314 v _091_/A (sky130_fd_sc_hd__or2_2)
     8    0.025400    0.222338    0.800869   10.968183 v _091_/X (sky130_fd_sc_hd__or2_2)
                                                         _049_ (net)
                      0.222338    0.000000   10.968183 v _094_/S (sky130_fd_sc_hd__mux2_1)
     1    0.001577    0.099540    0.727615   11.695798 v _094_/X (sky130_fd_sc_hd__mux2_1)
                                                         _012_ (net)
                      0.099540    0.000000   11.695798 v _116_/D (sky130_fd_sc_hd__dfxtp_2)
                                             11.695798   data arrival time

                      0.150000   50.000000   50.000000   clock clk (rise edge)
                                  0.000000   50.000000   clock network delay (ideal)
                                 -0.250000   49.749996   clock uncertainty
                                  0.000000   49.749996   clock reconvergence pessimism
                                             49.749996 ^ _116_/CLK (sky130_fd_sc_hd__dfxtp_2)
                                 -0.264984   49.485016   library setup time
                                             49.485016   data required time
---------------------------------------------------------------------------------------------
                                             49.485016   data required time
                                            -11.695798   data arrival time
---------------------------------------------------------------------------------------------
                                             37.789219   slack (MET)


Startpoint: rst_n (input port clocked by clk)
Endpoint: _117_ (rising edge-triggered flip-flop clocked by clk)
Path Group: clk
Path Type: max

Fanout         Cap        Slew       Delay        Time   Description
---------------------------------------------------------------------------------------------
                      0.150000    0.000000    0.000000   clock clk (rise edge)
                                  0.000000    0.000000   clock network delay (ideal)
                                 10.000000   10.000000 ^ input external delay
     5    0.017618    0.135864    0.090115   10.090115 ^ rst_n (in)
                                                         rst_n (net)
                      0.135864    0.000000   10.090115 ^ _053_/A (sky130_fd_sc_hd__inv_2)
     2    0.003476    0.037223    0.077199   10.167314 v _053_/Y (sky130_fd_sc_hd__inv_2)
                                                         _021_ (net)
                      0.037223    0.000000   10.167314 v _091_/A (sky130_fd_sc_hd__or2_2)
     8    0.025400    0.222338    0.800869   10.968183 v _091_/X (sky130_fd_sc_hd__or2_2)
                                                         _049_ (net)
                      0.222338    0.000000   10.968183 v _095_/S (sky130_fd_sc_hd__mux2_1)
     1    0.001577    0.099540    0.727615   11.695798 v _095_/X (sky130_fd_sc_hd__mux2_1)
                                                         _013_ (net)
                      0.099540    0.000000   11.695798 v _117_/D (sky130_fd_sc_hd__dfxtp_2)
                                             11.695798   data arrival time

                      0.150000   50.000000   50.000000   clock clk (rise edge)
                                  0.000000   50.000000   clock network delay (ideal)
                                 -0.250000   49.749996   clock uncertainty
                                  0.000000   49.749996   clock reconvergence pessimism
                                             49.749996 ^ _117_/CLK (sky130_fd_sc_hd__dfxtp_2)
                                 -0.264984   49.485016   library setup time
                                             49.485016   data required time
---------------------------------------------------------------------------------------------
                                             49.485016   data required time
                                            -11.695798   data arrival time
---------------------------------------------------------------------------------------------
                                             37.789219   slack (MET)


Startpoint: rst_n (input port clocked by clk)
Endpoint: _118_ (rising edge-triggered flip-flop clocked by clk)
Path Group: clk
Path Type: max

Fanout         Cap        Slew       Delay        Time   Description
---------------------------------------------------------------------------------------------
                      0.150000    0.000000    0.000000   clock clk (rise edge)
                                  0.000000    0.000000   clock network delay (ideal)
                                 10.000000   10.000000 ^ input external delay
     5    0.017618    0.135864    0.090115   10.090115 ^ rst_n (in)
                                                         rst_n (net)
                      0.135864    0.000000   10.090115 ^ _053_/A (sky130_fd_sc_hd__inv_2)
     2    0.003476    0.037223    0.077199   10.167314 v _053_/Y (sky130_fd_sc_hd__inv_2)
                                                         _021_ (net)
                      0.037223    0.000000   10.167314 v _091_/A (sky130_fd_sc_hd__or2_2)
     8    0.025400    0.222338    0.800869   10.968183 v _091_/X (sky130_fd_sc_hd__or2_2)
                                                         _049_ (net)
                      0.222338    0.000000   10.968183 v _096_/S (sky130_fd_sc_hd__mux2_1)
     1    0.001577    0.099540    0.727615   11.695798 v _096_/X (sky130_fd_sc_hd__mux2_1)
                                                         _014_ (net)
                      0.099540    0.000000   11.695798 v _118_/D (sky130_fd_sc_hd__dfxtp_2)
                                             11.695798   data arrival time

                      0.150000   50.000000   50.000000   clock clk (rise edge)
                                  0.000000   50.000000   clock network delay (ideal)
                                 -0.250000   49.749996   clock uncertainty
                                  0.000000   49.749996   clock reconvergence pessimism
                                             49.749996 ^ _118_/CLK (sky130_fd_sc_hd__dfxtp_2)
                                 -0.264984   49.485016   library setup time
                                             49.485016   data required time
---------------------------------------------------------------------------------------------
                                             49.485016   data required time
                                            -11.695798   data arrival time
---------------------------------------------------------------------------------------------
                                             37.789219   slack (MET)


Startpoint: rst_n (input port clocked by clk)
Endpoint: _119_ (rising edge-triggered flip-flop clocked by clk)
Path Group: clk
Path Type: max

Fanout         Cap        Slew       Delay        Time   Description
---------------------------------------------------------------------------------------------
                      0.150000    0.000000    0.000000   clock clk (rise edge)
                                  0.000000    0.000000   clock network delay (ideal)
                                 10.000000   10.000000 ^ input external delay
     5    0.017618    0.135864    0.090115   10.090115 ^ rst_n (in)
                                                         rst_n (net)
                      0.135864    0.000000   10.090115 ^ _053_/A (sky130_fd_sc_hd__inv_2)
     2    0.003476    0.037223    0.077199   10.167314 v _053_/Y (sky130_fd_sc_hd__inv_2)
                                                         _021_ (net)
                      0.037223    0.000000   10.167314 v _091_/A (sky130_fd_sc_hd__or2_2)
     8    0.025400    0.222338    0.800869   10.968183 v _091_/X (sky130_fd_sc_hd__or2_2)
                                                         _049_ (net)
                      0.222338    0.000000   10.968183 v _097_/S (sky130_fd_sc_hd__mux2_1)
     1    0.001577    0.099540    0.727615   11.695798 v _097_/X (sky130_fd_sc_hd__mux2_1)
                                                         _015_ (net)
                      0.099540    0.000000   11.695798 v _119_/D (sky130_fd_sc_hd__dfxtp_2)
                                             11.695798   data arrival time

                      0.150000   50.000000   50.000000   clock clk (rise edge)
                                  0.000000   50.000000   clock network delay (ideal)
                                 -0.250000   49.749996   clock uncertainty
                                  0.000000   49.749996   clock reconvergence pessimism
                                             49.749996 ^ _119_/CLK (sky130_fd_sc_hd__dfxtp_2)
                                 -0.264984   49.485016   library setup time
                                             49.485016   data required time
---------------------------------------------------------------------------------------------
                                             49.485016   data required time
                                            -11.695798   data arrival time
---------------------------------------------------------------------------------------------
                                             37.789219   slack (MET)


Startpoint: rst_n (input port clocked by clk)
Endpoint: _120_ (rising edge-triggered flip-flop clocked by clk)
Path Group: clk
Path Type: max

Fanout         Cap        Slew       Delay        Time   Description
---------------------------------------------------------------------------------------------
                      0.150000    0.000000    0.000000   clock clk (rise edge)
                                  0.000000    0.000000   clock network delay (ideal)
                                 10.000000   10.000000 ^ input external delay
     5    0.017618    0.135864    0.090115   10.090115 ^ rst_n (in)
                                                         rst_n (net)
                      0.135864    0.000000   10.090115 ^ _053_/A (sky130_fd_sc_hd__inv_2)
     2    0.003476    0.037223    0.077199   10.167314 v _053_/Y (sky130_fd_sc_hd__inv_2)
                                                         _021_ (net)
                      0.037223    0.000000   10.167314 v _091_/A (sky130_fd_sc_hd__or2_2)
     8    0.025400    0.222338    0.800869   10.968183 v _091_/X (sky130_fd_sc_hd__or2_2)
                                                         _049_ (net)
                      0.222338    0.000000   10.968183 v _098_/S (sky130_fd_sc_hd__mux2_1)
     1    0.001577    0.099476    0.727615   11.695798 v _098_/X (sky130_fd_sc_hd__mux2_1)
                                                         _016_ (net)
                      0.099476    0.000000   11.695798 v _120_/D (sky130_fd_sc_hd__dfxtp_2)
                                             11.695798   data arrival time

                      0.150000   50.000000   50.000000   clock clk (rise edge)
                                  0.000000   50.000000   clock network delay (ideal)
                                 -0.250000   49.749996   clock uncertainty
                                  0.000000   49.749996   clock reconvergence pessimism
                                             49.749996 ^ _120_/CLK (sky130_fd_sc_hd__dfxtp_2)
                                 -0.264958   49.485039   library setup time
                                             49.485039   data required time
---------------------------------------------------------------------------------------------
                                             49.485039   data required time
                                            -11.695798   data arrival time
---------------------------------------------------------------------------------------------
                                             37.789242   slack (MET)


Startpoint: rst_n (input port clocked by clk)
Endpoint: _121_ (rising edge-triggered flip-flop clocked by clk)
Path Group: clk
Path Type: max

Fanout         Cap        Slew       Delay        Time   Description
---------------------------------------------------------------------------------------------
                      0.150000    0.000000    0.000000   clock clk (rise edge)
                                  0.000000    0.000000   clock network delay (ideal)
                                 10.000000   10.000000 ^ input external delay
     5    0.017618    0.135864    0.090115   10.090115 ^ rst_n (in)
                                                         rst_n (net)
                      0.135864    0.000000   10.090115 ^ _053_/A (sky130_fd_sc_hd__inv_2)
     2    0.003476    0.037223    0.077199   10.167314 v _053_/Y (sky130_fd_sc_hd__inv_2)
                                                         _021_ (net)
                      0.037223    0.000000   10.167314 v _091_/A (sky130_fd_sc_hd__or2_2)
     8    0.025400    0.222338    0.800869   10.968183 v _091_/X (sky130_fd_sc_hd__or2_2)
                                                         _049_ (net)
                      0.222338    0.000000   10.968183 v _099_/S (sky130_fd_sc_hd__mux2_1)
     1    0.001577    0.099469    0.727615   11.695798 v _099_/X (sky130_fd_sc_hd__mux2_1)
                                                         _017_ (net)
                      0.099469    0.000000   11.695798 v _121_/D (sky130_fd_sc_hd__dfxtp_2)
                                             11.695798   data arrival time

                      0.150000   50.000000   50.000000   clock clk (rise edge)
                                  0.000000   50.000000   clock network delay (ideal)
                                 -0.250000   49.749996   clock uncertainty
                                  0.000000   49.749996   clock reconvergence pessimism
                                             49.749996 ^ _121_/CLK (sky130_fd_sc_hd__dfxtp_2)
                                 -0.264955   49.485043   library setup time
                                             49.485043   data required time
---------------------------------------------------------------------------------------------
                                             49.485043   data required time
                                            -11.695798   data arrival time
---------------------------------------------------------------------------------------------
                                             37.789246   slack (MET)


Startpoint: comp (input port clocked by clk)
Endpoint: _122_ (rising edge-triggered flip-flop clocked by clk)
Path Group: clk
Path Type: max

Fanout         Cap        Slew       Delay        Time   Description
---------------------------------------------------------------------------------------------
                      0.150000    0.000000    0.000000   clock clk (rise edge)
                                  0.000000    0.000000   clock network delay (ideal)
                                 10.000000   10.000000 ^ input external delay
     7    0.014858    0.116864    0.076428   10.076428 ^ comp (in)
                                                         comp (net)
                      0.116864    0.000000   10.076428 ^ _054_/A (sky130_fd_sc_hd__inv_2)
     2    0.003700    0.034679    0.072463   10.148890 v _054_/Y (sky130_fd_sc_hd__inv_2)
                                                         _022_ (net)
                      0.034679    0.000000   10.148890 v _100_/A0 (sky130_fd_sc_hd__mux2_1)
     1    0.002285    0.108034    0.607732   10.756622 v _100_/X (sky130_fd_sc_hd__mux2_1)
                                                         _050_ (net)
                      0.108034    0.000000   10.756622 v _101_/A2 (sky130_fd_sc_hd__o21a_2)
     1    0.001577    0.052465    0.357618   11.114241 v _101_/X (sky130_fd_sc_hd__o21a_2)
                                                         _018_ (net)
                      0.052465    0.000000   11.114241 v _122_/D (sky130_fd_sc_hd__dfxtp_2)
                                             11.114241   data arrival time

                      0.150000   50.000000   50.000000   clock clk (rise edge)
                                  0.000000   50.000000   clock network delay (ideal)
                                 -0.250000   49.749996   clock uncertainty
                                  0.000000   49.749996   clock reconvergence pessimism
                                             49.749996 ^ _122_/CLK (sky130_fd_sc_hd__dfxtp_2)
                                 -0.245440   49.504559   library setup time
                                             49.504559   data required time
---------------------------------------------------------------------------------------------
                                             49.504559   data required time
                                            -11.114241   data arrival time
---------------------------------------------------------------------------------------------
                                             38.390320   slack (MET)


Startpoint: comp (input port clocked by clk)
Endpoint: _109_ (rising edge-triggered flip-flop clocked by clk)
Path Group: clk
Path Type: max

Fanout         Cap        Slew       Delay        Time   Description
---------------------------------------------------------------------------------------------
                      0.150000    0.000000    0.000000   clock clk (rise edge)
                                  0.000000    0.000000   clock network delay (ideal)
                                 10.000000   10.000000 v input external delay
     7    0.013839    0.064042    0.042874   10.042874 v comp (in)
                                                         comp (net)
                      0.064042    0.000000   10.042874 v _077_/A0 (sky130_fd_sc_hd__mux2_1)
     1    0.004670    0.134774    0.657371   10.700246 v _077_/X (sky130_fd_sc_hd__mux2_1)
                                                         _040_ (net)
                      0.134774    0.000000   10.700246 v _078_/A2 (sky130_fd_sc_hd__a21oi_2)
     1    0.001537    0.124586    0.215834   10.916080 ^ _078_/Y (sky130_fd_sc_hd__a21oi_2)
                                                         _005_ (net)
                      0.124586    0.000000   10.916080 ^ _109_/D (sky130_fd_sc_hd__dfxtp_2)
                                             10.916080   data arrival time

                      0.150000   50.000000   50.000000   clock clk (rise edge)
                                  0.000000   50.000000   clock network delay (ideal)
                                 -0.250000   49.749996   clock uncertainty
                                  0.000000   49.749996   clock reconvergence pessimism
                                             49.749996 ^ _109_/CLK (sky130_fd_sc_hd__dfxtp_2)
                                 -0.141440   49.608559   library setup time
                                             49.608559   data required time
---------------------------------------------------------------------------------------------
                                             49.608559   data required time
                                            -10.916080   data arrival time
---------------------------------------------------------------------------------------------
                                             38.692478   slack (MET)


Startpoint: comp (input port clocked by clk)
Endpoint: _110_ (rising edge-triggered flip-flop clocked by clk)
Path Group: clk
Path Type: max

Fanout         Cap        Slew       Delay        Time   Description
---------------------------------------------------------------------------------------------
                      0.150000    0.000000    0.000000   clock clk (rise edge)
                                  0.000000    0.000000   clock network delay (ideal)
                                 10.000000   10.000000 v input external delay
     7    0.013839    0.064042    0.042874   10.042874 v comp (in)
                                                         comp (net)
                      0.064042    0.000000   10.042874 v _080_/A0 (sky130_fd_sc_hd__mux2_1)
     1    0.004670    0.134774    0.657371   10.700246 v _080_/X (sky130_fd_sc_hd__mux2_1)
                                                         _042_ (net)
                      0.134774    0.000000   10.700246 v _081_/A2 (sky130_fd_sc_hd__a21oi_2)
     1    0.001537    0.124586    0.215834   10.916080 ^ _081_/Y (sky130_fd_sc_hd__a21oi_2)
                                                         _006_ (net)
                      0.124586    0.000000   10.916080 ^ _110_/D (sky130_fd_sc_hd__dfxtp_2)
                                             10.916080   data arrival time

                      0.150000   50.000000   50.000000   clock clk (rise edge)
                                  0.000000   50.000000   clock network delay (ideal)
                                 -0.250000   49.749996   clock uncertainty
                                  0.000000   49.749996   clock reconvergence pessimism
                                             49.749996 ^ _110_/CLK (sky130_fd_sc_hd__dfxtp_2)
                                 -0.141440   49.608559   library setup time
                                             49.608559   data required time
---------------------------------------------------------------------------------------------
                                             49.608559   data required time
                                            -10.916080   data arrival time
---------------------------------------------------------------------------------------------
                                             38.692478   slack (MET)


Startpoint: comp (input port clocked by clk)
Endpoint: _111_ (rising edge-triggered flip-flop clocked by clk)
Path Group: clk
Path Type: max

Fanout         Cap        Slew       Delay        Time   Description
---------------------------------------------------------------------------------------------
                      0.150000    0.000000    0.000000   clock clk (rise edge)
                                  0.000000    0.000000   clock network delay (ideal)
                                 10.000000   10.000000 v input external delay
     7    0.013839    0.064042    0.042874   10.042874 v comp (in)
                                                         comp (net)
                      0.064042    0.000000   10.042874 v _083_/A0 (sky130_fd_sc_hd__mux2_1)
     1    0.004670    0.134774    0.657371   10.700246 v _083_/X (sky130_fd_sc_hd__mux2_1)
                                                         _044_ (net)
                      0.134774    0.000000   10.700246 v _084_/A2 (sky130_fd_sc_hd__a21oi_2)
     1    0.001537    0.124586    0.215834   10.916080 ^ _084_/Y (sky130_fd_sc_hd__a21oi_2)
                                                         _007_ (net)
                      0.124586    0.000000   10.916080 ^ _111_/D (sky130_fd_sc_hd__dfxtp_2)
                                             10.916080   data arrival time

                      0.150000   50.000000   50.000000   clock clk (rise edge)
                                  0.000000   50.000000   clock network delay (ideal)
                                 -0.250000   49.749996   clock uncertainty
                                  0.000000   49.749996   clock reconvergence pessimism
                                             49.749996 ^ _111_/CLK (sky130_fd_sc_hd__dfxtp_2)
                                 -0.141440   49.608559   library setup time
                                             49.608559   data required time
---------------------------------------------------------------------------------------------
                                             49.608559   data required time
                                            -10.916080   data arrival time
---------------------------------------------------------------------------------------------
                                             38.692478   slack (MET)


Startpoint: comp (input port clocked by clk)
Endpoint: _112_ (rising edge-triggered flip-flop clocked by clk)
Path Group: clk
Path Type: max

Fanout         Cap        Slew       Delay        Time   Description
---------------------------------------------------------------------------------------------
                      0.150000    0.000000    0.000000   clock clk (rise edge)
                                  0.000000    0.000000   clock network delay (ideal)
                                 10.000000   10.000000 v input external delay
     7    0.013839    0.064042    0.042874   10.042874 v comp (in)
                                                         comp (net)
                      0.064042    0.000000   10.042874 v _086_/A0 (sky130_fd_sc_hd__mux2_1)
     1    0.004670    0.134774    0.657371   10.700246 v _086_/X (sky130_fd_sc_hd__mux2_1)
                                                         _046_ (net)
                      0.134774    0.000000   10.700246 v _087_/A2 (sky130_fd_sc_hd__a21oi_2)
     1    0.001537    0.124586    0.215834   10.916080 ^ _087_/Y (sky130_fd_sc_hd__a21oi_2)
                                                         _008_ (net)
                      0.124586    0.000000   10.916080 ^ _112_/D (sky130_fd_sc_hd__dfxtp_2)
                                             10.916080   data arrival time

                      0.150000   50.000000   50.000000   clock clk (rise edge)
                                  0.000000   50.000000   clock network delay (ideal)
                                 -0.250000   49.749996   clock uncertainty
                                  0.000000   49.749996   clock reconvergence pessimism
                                             49.749996 ^ _112_/CLK (sky130_fd_sc_hd__dfxtp_2)
                                 -0.141440   49.608559   library setup time
                                             49.608559   data required time
---------------------------------------------------------------------------------------------
                                             49.608559   data required time
                                            -10.916080   data arrival time
---------------------------------------------------------------------------------------------
                                             38.692478   slack (MET)


Startpoint: comp (input port clocked by clk)
Endpoint: _113_ (rising edge-triggered flip-flop clocked by clk)
Path Group: clk
Path Type: max

Fanout         Cap        Slew       Delay        Time   Description
---------------------------------------------------------------------------------------------
                      0.150000    0.000000    0.000000   clock clk (rise edge)
                                  0.000000    0.000000   clock network delay (ideal)
                                 10.000000   10.000000 v input external delay
     7    0.013839    0.064042    0.042874   10.042874 v comp (in)
                                                         comp (net)
                      0.064042    0.000000   10.042874 v _089_/A0 (sky130_fd_sc_hd__mux2_1)
     1    0.004670    0.134774    0.657371   10.700246 v _089_/X (sky130_fd_sc_hd__mux2_1)
                                                         _048_ (net)
                      0.134774    0.000000   10.700246 v _090_/A2 (sky130_fd_sc_hd__a21oi_2)
     1    0.001537    0.124586    0.215834   10.916080 ^ _090_/Y (sky130_fd_sc_hd__a21oi_2)
                                                         _009_ (net)
                      0.124586    0.000000   10.916080 ^ _113_/D (sky130_fd_sc_hd__dfxtp_2)
                                             10.916080   data arrival time

                      0.150000   50.000000   50.000000   clock clk (rise edge)
                                  0.000000   50.000000   clock network delay (ideal)
                                 -0.250000   49.749996   clock uncertainty
                                  0.000000   49.749996   clock reconvergence pessimism
                                             49.749996 ^ _113_/CLK (sky130_fd_sc_hd__dfxtp_2)
                                 -0.141440   49.608559   library setup time
                                             49.608559   data required time
---------------------------------------------------------------------------------------------
                                             49.608559   data required time
                                            -10.916080   data arrival time
---------------------------------------------------------------------------------------------
                                             38.692478   slack (MET)


Startpoint: comp (input port clocked by clk)
Endpoint: _123_ (rising edge-triggered flip-flop clocked by clk)
Path Group: clk
Path Type: max

Fanout         Cap        Slew       Delay        Time   Description
---------------------------------------------------------------------------------------------
                      0.150000    0.000000    0.000000   clock clk (rise edge)
                                  0.000000    0.000000   clock network delay (ideal)
                                 10.000000   10.000000 ^ input external delay
     7    0.014858    0.116864    0.076428   10.076428 ^ comp (in)
                                                         comp (net)
                      0.116864    0.000000   10.076428 ^ _054_/A (sky130_fd_sc_hd__inv_2)
     2    0.003700    0.034679    0.072463   10.148890 v _054_/Y (sky130_fd_sc_hd__inv_2)
                                                         _022_ (net)
                      0.034679    0.000000   10.148890 v _103_/A2 (sky130_fd_sc_hd__a311o_2)
     1    0.001577    0.083054    0.637957   10.786848 v _103_/X (sky130_fd_sc_hd__a311o_2)
                                                         _019_ (net)
                      0.083054    0.000000   10.786848 v _123_/D (sky130_fd_sc_hd__dfxtp_2)
                                             10.786848   data arrival time

                      0.150000   50.000000   50.000000   clock clk (rise edge)
                                  0.000000   50.000000   clock network delay (ideal)
                                 -0.250000   49.749996   clock uncertainty
                                  0.000000   49.749996   clock reconvergence pessimism
                                             49.749996 ^ _123_/CLK (sky130_fd_sc_hd__dfxtp_2)
                                 -0.258140   49.491856   library setup time
                                             49.491856   data required time
---------------------------------------------------------------------------------------------
                                             49.491856   data required time
                                            -10.786848   data arrival time
---------------------------------------------------------------------------------------------
                                             38.705009   slack (MET)


Startpoint: comp (input port clocked by clk)
Endpoint: _108_ (rising edge-triggered flip-flop clocked by clk)
Path Group: clk
Path Type: max

Fanout         Cap        Slew       Delay        Time   Description
---------------------------------------------------------------------------------------------
                      0.150000    0.000000    0.000000   clock clk (rise edge)
                                  0.000000    0.000000   clock network delay (ideal)
                                 10.000000   10.000000 v input external delay
     7    0.013839    0.064042    0.042874   10.042874 v comp (in)
                                                         comp (net)
                      0.064042    0.000000   10.042874 v _074_/A2 (sky130_fd_sc_hd__o31a_2)
     1    0.004670    0.100746    0.626967   10.669842 v _074_/X (sky130_fd_sc_hd__o31a_2)
                                                         _038_ (net)
                      0.100746    0.000000   10.669842 v _075_/A2 (sky130_fd_sc_hd__a21oi_2)
     1    0.001537    0.124586    0.200649   10.870491 ^ _075_/Y (sky130_fd_sc_hd__a21oi_2)
                                                         _004_ (net)
                      0.124586    0.000000   10.870491 ^ _108_/D (sky130_fd_sc_hd__dfxtp_2)
                                             10.870491   data arrival time

                      0.150000   50.000000   50.000000   clock clk (rise edge)
                                  0.000000   50.000000   clock network delay (ideal)
                                 -0.250000   49.749996   clock uncertainty
                                  0.000000   49.749996   clock reconvergence pessimism
                                             49.749996 ^ _108_/CLK (sky130_fd_sc_hd__dfxtp_2)
                                 -0.141440   49.608559   library setup time
                                             49.608559   data required time
---------------------------------------------------------------------------------------------
                                             49.608559   data required time
                                            -10.870491   data arrival time
---------------------------------------------------------------------------------------------
                                             38.738068   slack (MET)


Startpoint: _109_ (rising edge-triggered flip-flop clocked by clk)
Endpoint: dac_in[1] (output port clocked by clk)
Path Group: clk
Path Type: max

Fanout         Cap        Slew       Delay        Time   Description
---------------------------------------------------------------------------------------------
                      0.150000    0.000000    0.000000   clock clk (rise edge)
                                  0.000000    0.000000   clock network delay (ideal)
                      0.150000    0.000000    0.000000 ^ _109_/CLK (sky130_fd_sc_hd__dfxtp_2)
     3    0.039600    0.327159    0.886125    0.886125 ^ _109_/Q (sky130_fd_sc_hd__dfxtp_2)
                                                         dac_in[1] (net)
                      0.327159    0.000000    0.886125 ^ dac_in[1] (out)
                                              0.886125   data arrival time

                      0.150000   50.000000   50.000000   clock clk (rise edge)
                                  0.000000   50.000000   clock network delay (ideal)
                                 -0.250000   49.749996   clock uncertainty
                                  0.000000   49.749996   clock reconvergence pessimism
                                -10.000000   39.749996   output external delay
                                             39.749996   data required time
---------------------------------------------------------------------------------------------
                                             39.749996   data required time
                                             -0.886125   data arrival time
---------------------------------------------------------------------------------------------
                                             38.863873   slack (MET)


Startpoint: _110_ (rising edge-triggered flip-flop clocked by clk)
Endpoint: dac_in[2] (output port clocked by clk)
Path Group: clk
Path Type: max

Fanout         Cap        Slew       Delay        Time   Description
---------------------------------------------------------------------------------------------
                      0.150000    0.000000    0.000000   clock clk (rise edge)
                                  0.000000    0.000000   clock network delay (ideal)
                      0.150000    0.000000    0.000000 ^ _110_/CLK (sky130_fd_sc_hd__dfxtp_2)
     3    0.039600    0.327159    0.886125    0.886125 ^ _110_/Q (sky130_fd_sc_hd__dfxtp_2)
                                                         dac_in[2] (net)
                      0.327159    0.000000    0.886125 ^ dac_in[2] (out)
                                              0.886125   data arrival time

                      0.150000   50.000000   50.000000   clock clk (rise edge)
                                  0.000000   50.000000   clock network delay (ideal)
                                 -0.250000   49.749996   clock uncertainty
                                  0.000000   49.749996   clock reconvergence pessimism
                                -10.000000   39.749996   output external delay
                                             39.749996   data required time
---------------------------------------------------------------------------------------------
                                             39.749996   data required time
                                             -0.886125   data arrival time
---------------------------------------------------------------------------------------------
                                             38.863873   slack (MET)


Startpoint: _111_ (rising edge-triggered flip-flop clocked by clk)
Endpoint: dac_in[3] (output port clocked by clk)
Path Group: clk
Path Type: max

Fanout         Cap        Slew       Delay        Time   Description
---------------------------------------------------------------------------------------------
                      0.150000    0.000000    0.000000   clock clk (rise edge)
                                  0.000000    0.000000   clock network delay (ideal)
                      0.150000    0.000000    0.000000 ^ _111_/CLK (sky130_fd_sc_hd__dfxtp_2)
     3    0.039600    0.327159    0.886125    0.886125 ^ _111_/Q (sky130_fd_sc_hd__dfxtp_2)
                                                         dac_in[3] (net)
                      0.327159    0.000000    0.886125 ^ dac_in[3] (out)
                                              0.886125   data arrival time

                      0.150000   50.000000   50.000000   clock clk (rise edge)
                                  0.000000   50.000000   clock network delay (ideal)
                                 -0.250000   49.749996   clock uncertainty
                                  0.000000   49.749996   clock reconvergence pessimism
                                -10.000000   39.749996   output external delay
                                             39.749996   data required time
---------------------------------------------------------------------------------------------
                                             39.749996   data required time
                                             -0.886125   data arrival time
---------------------------------------------------------------------------------------------
                                             38.863873   slack (MET)


Startpoint: _112_ (rising edge-triggered flip-flop clocked by clk)
Endpoint: dac_in[4] (output port clocked by clk)
Path Group: clk
Path Type: max

Fanout         Cap        Slew       Delay        Time   Description
---------------------------------------------------------------------------------------------
                      0.150000    0.000000    0.000000   clock clk (rise edge)
                                  0.000000    0.000000   clock network delay (ideal)
                      0.150000    0.000000    0.000000 ^ _112_/CLK (sky130_fd_sc_hd__dfxtp_2)
     3    0.039600    0.327159    0.886125    0.886125 ^ _112_/Q (sky130_fd_sc_hd__dfxtp_2)
                                                         dac_in[4] (net)
                      0.327159    0.000000    0.886125 ^ dac_in[4] (out)
                                              0.886125   data arrival time

                      0.150000   50.000000   50.000000   clock clk (rise edge)
                                  0.000000   50.000000   clock network delay (ideal)
                                 -0.250000   49.749996   clock uncertainty
                                  0.000000   49.749996   clock reconvergence pessimism
                                -10.000000   39.749996   output external delay
                                             39.749996   data required time
---------------------------------------------------------------------------------------------
                                             39.749996   data required time
                                             -0.886125   data arrival time
---------------------------------------------------------------------------------------------
                                             38.863873   slack (MET)


Startpoint: _113_ (rising edge-triggered flip-flop clocked by clk)
Endpoint: dac_in[5] (output port clocked by clk)
Path Group: clk
Path Type: max

Fanout         Cap        Slew       Delay        Time   Description
---------------------------------------------------------------------------------------------
                      0.150000    0.000000    0.000000   clock clk (rise edge)
                                  0.000000    0.000000   clock network delay (ideal)
                      0.150000    0.000000    0.000000 ^ _113_/CLK (sky130_fd_sc_hd__dfxtp_2)
     3    0.039600    0.327159    0.886125    0.886125 ^ _113_/Q (sky130_fd_sc_hd__dfxtp_2)
                                                         dac_in[5] (net)
                      0.327159    0.000000    0.886125 ^ dac_in[5] (out)
                                              0.886125   data arrival time

                      0.150000   50.000000   50.000000   clock clk (rise edge)
                                  0.000000   50.000000   clock network delay (ideal)
                                 -0.250000   49.749996   clock uncertainty
                                  0.000000   49.749996   clock reconvergence pessimism
                                -10.000000   39.749996   output external delay
                                             39.749996   data required time
---------------------------------------------------------------------------------------------
                                             39.749996   data required time
                                             -0.886125   data arrival time
---------------------------------------------------------------------------------------------
                                             38.863873   slack (MET)


Startpoint: _108_ (rising edge-triggered flip-flop clocked by clk)
Endpoint: dac_in[0] (output port clocked by clk)
Path Group: clk
Path Type: max

Fanout         Cap        Slew       Delay        Time   Description
---------------------------------------------------------------------------------------------
                      0.150000    0.000000    0.000000   clock clk (rise edge)
                                  0.000000    0.000000   clock network delay (ideal)
                      0.150000    0.000000    0.000000 ^ _108_/CLK (sky130_fd_sc_hd__dfxtp_2)
     3    0.039509    0.326467    0.885622    0.885622 ^ _108_/Q (sky130_fd_sc_hd__dfxtp_2)
                                                         dac_in[0] (net)
                      0.326467    0.000000    0.885622 ^ dac_in[0] (out)
                                              0.885622   data arrival time

                      0.150000   50.000000   50.000000   clock clk (rise edge)
                                  0.000000   50.000000   clock network delay (ideal)
                                 -0.250000   49.749996   clock uncertainty
                                  0.000000   49.749996   clock reconvergence pessimism
                                -10.000000   39.749996   output external delay
                                             39.749996   data required time
---------------------------------------------------------------------------------------------
                                             39.749996   data required time
                                             -0.885622   data arrival time
---------------------------------------------------------------------------------------------
                                             38.864376   slack (MET)


Startpoint: _122_ (rising edge-triggered flip-flop clocked by clk)
Endpoint: dac_in[6] (output port clocked by clk)
Path Group: clk
Path Type: max

Fanout         Cap        Slew       Delay        Time   Description
---------------------------------------------------------------------------------------------
                      0.150000    0.000000    0.000000   clock clk (rise edge)
                                  0.000000    0.000000   clock network delay (ideal)
                      0.150000    0.000000    0.000000 ^ _122_/CLK (sky130_fd_sc_hd__dfxtp_2)
     3    0.036883    0.306494    0.871111    0.871111 ^ _122_/Q (sky130_fd_sc_hd__dfxtp_2)
                                                         dac_in[6] (net)
                      0.306494    0.000000    0.871111 ^ dac_in[6] (out)
                                              0.871111   data arrival time

                      0.150000   50.000000   50.000000   clock clk (rise edge)
                                  0.000000   50.000000   clock network delay (ideal)
                                 -0.250000   49.749996   clock uncertainty
                                  0.000000   49.749996   clock reconvergence pessimism
                                -10.000000   39.749996   output external delay
                                             39.749996   data required time
---------------------------------------------------------------------------------------------
                                             39.749996   data required time
                                             -0.871111   data arrival time
---------------------------------------------------------------------------------------------
                                             38.878883   slack (MET)


Startpoint: _123_ (rising edge-triggered flip-flop clocked by clk)
Endpoint: dac_in[7] (output port clocked by clk)
Path Group: clk
Path Type: max

Fanout         Cap        Slew       Delay        Time   Description
---------------------------------------------------------------------------------------------
                      0.150000    0.000000    0.000000   clock clk (rise edge)
                                  0.000000    0.000000   clock network delay (ideal)
                      0.150000    0.000000    0.000000 ^ _123_/CLK (sky130_fd_sc_hd__dfxtp_2)
     3    0.036595    0.304303    0.869519    0.869519 ^ _123_/Q (sky130_fd_sc_hd__dfxtp_2)
                                                         dac_in[7] (net)
                      0.304303    0.000000    0.869519 ^ dac_in[7] (out)
                                              0.869519   data arrival time

                      0.150000   50.000000   50.000000   clock clk (rise edge)
                                  0.000000   50.000000   clock network delay (ideal)
                                 -0.250000   49.749996   clock uncertainty
                                  0.000000   49.749996   clock reconvergence pessimism
                                -10.000000   39.749996   output external delay
                                             39.749996   data required time
---------------------------------------------------------------------------------------------
                                             39.749996   data required time
                                             -0.869519   data arrival time
---------------------------------------------------------------------------------------------
                                             38.880478   slack (MET)


Startpoint: _114_ (rising edge-triggered flip-flop clocked by clk)
Endpoint: adc_out[0] (output port clocked by clk)
Path Group: clk
Path Type: max

Fanout         Cap        Slew       Delay        Time   Description
---------------------------------------------------------------------------------------------
                      0.150000    0.000000    0.000000   clock clk (rise edge)
                                  0.000000    0.000000   clock network delay (ideal)
                      0.150000    0.000000    0.000000 ^ _114_/CLK (sky130_fd_sc_hd__dfxtp_2)
     2    0.035334    0.294712    0.862551    0.862551 ^ _114_/Q (sky130_fd_sc_hd__dfxtp_2)
                                                         adc_out[0] (net)
                      0.294712    0.000000    0.862551 ^ adc_out[0] (out)
                                              0.862551   data arrival time

                      0.150000   50.000000   50.000000   clock clk (rise edge)
                                  0.000000   50.000000   clock network delay (ideal)
                                 -0.250000   49.749996   clock uncertainty
                                  0.000000   49.749996   clock reconvergence pessimism
                                -10.000000   39.749996   output external delay
                                             39.749996   data required time
---------------------------------------------------------------------------------------------
                                             39.749996   data required time
                                             -0.862551   data arrival time
---------------------------------------------------------------------------------------------
                                             38.887444   slack (MET)


Startpoint: _115_ (rising edge-triggered flip-flop clocked by clk)
Endpoint: adc_out[1] (output port clocked by clk)
Path Group: clk
Path Type: max

Fanout         Cap        Slew       Delay        Time   Description
---------------------------------------------------------------------------------------------
                      0.150000    0.000000    0.000000   clock clk (rise edge)
                                  0.000000    0.000000   clock network delay (ideal)
                      0.150000    0.000000    0.000000 ^ _115_/CLK (sky130_fd_sc_hd__dfxtp_2)
     2    0.035334    0.294712    0.862551    0.862551 ^ _115_/Q (sky130_fd_sc_hd__dfxtp_2)
                                                         adc_out[1] (net)
                      0.294712    0.000000    0.862551 ^ adc_out[1] (out)
                                              0.862551   data arrival time

                      0.150000   50.000000   50.000000   clock clk (rise edge)
                                  0.000000   50.000000   clock network delay (ideal)
                                 -0.250000   49.749996   clock uncertainty
                                  0.000000   49.749996   clock reconvergence pessimism
                                -10.000000   39.749996   output external delay
                                             39.749996   data required time
---------------------------------------------------------------------------------------------
                                             39.749996   data required time
                                             -0.862551   data arrival time
---------------------------------------------------------------------------------------------
                                             38.887444   slack (MET)


Startpoint: _116_ (rising edge-triggered flip-flop clocked by clk)
Endpoint: adc_out[2] (output port clocked by clk)
Path Group: clk
Path Type: max

Fanout         Cap        Slew       Delay        Time   Description
---------------------------------------------------------------------------------------------
                      0.150000    0.000000    0.000000   clock clk (rise edge)
                                  0.000000    0.000000   clock network delay (ideal)
                      0.150000    0.000000    0.000000 ^ _116_/CLK (sky130_fd_sc_hd__dfxtp_2)
     2    0.035334    0.294712    0.862551    0.862551 ^ _116_/Q (sky130_fd_sc_hd__dfxtp_2)
                                                         adc_out[2] (net)
                      0.294712    0.000000    0.862551 ^ adc_out[2] (out)
                                              0.862551   data arrival time

                      0.150000   50.000000   50.000000   clock clk (rise edge)
                                  0.000000   50.000000   clock network delay (ideal)
                                 -0.250000   49.749996   clock uncertainty
                                  0.000000   49.749996   clock reconvergence pessimism
                                -10.000000   39.749996   output external delay
                                             39.749996   data required time
---------------------------------------------------------------------------------------------
                                             39.749996   data required time
                                             -0.862551   data arrival time
---------------------------------------------------------------------------------------------
                                             38.887444   slack (MET)


Startpoint: _117_ (rising edge-triggered flip-flop clocked by clk)
Endpoint: adc_out[3] (output port clocked by clk)
Path Group: clk
Path Type: max

Fanout         Cap        Slew       Delay        Time   Description
---------------------------------------------------------------------------------------------
                      0.150000    0.000000    0.000000   clock clk (rise edge)
                                  0.000000    0.000000   clock network delay (ideal)
                      0.150000    0.000000    0.000000 ^ _117_/CLK (sky130_fd_sc_hd__dfxtp_2)
     2    0.035334    0.294712    0.862551    0.862551 ^ _117_/Q (sky130_fd_sc_hd__dfxtp_2)
                                                         adc_out[3] (net)
                      0.294712    0.000000    0.862551 ^ adc_out[3] (out)
                                              0.862551   data arrival time

                      0.150000   50.000000   50.000000   clock clk (rise edge)
                                  0.000000   50.000000   clock network delay (ideal)
                                 -0.250000   49.749996   clock uncertainty
                                  0.000000   49.749996   clock reconvergence pessimism
                                -10.000000   39.749996   output external delay
                                             39.749996   data required time
---------------------------------------------------------------------------------------------
                                             39.749996   data required time
                                             -0.862551   data arrival time
---------------------------------------------------------------------------------------------
                                             38.887444   slack (MET)


Startpoint: _118_ (rising edge-triggered flip-flop clocked by clk)
Endpoint: adc_out[4] (output port clocked by clk)
Path Group: clk
Path Type: max

Fanout         Cap        Slew       Delay        Time   Description
---------------------------------------------------------------------------------------------
                      0.150000    0.000000    0.000000   clock clk (rise edge)
                                  0.000000    0.000000   clock network delay (ideal)
                      0.150000    0.000000    0.000000 ^ _118_/CLK (sky130_fd_sc_hd__dfxtp_2)
     2    0.035334    0.294712    0.862551    0.862551 ^ _118_/Q (sky130_fd_sc_hd__dfxtp_2)
                                                         adc_out[4] (net)
                      0.294712    0.000000    0.862551 ^ adc_out[4] (out)
                                              0.862551   data arrival time

                      0.150000   50.000000   50.000000   clock clk (rise edge)
                                  0.000000   50.000000   clock network delay (ideal)
                                 -0.250000   49.749996   clock uncertainty
                                  0.000000   49.749996   clock reconvergence pessimism
                                -10.000000   39.749996   output external delay
                                             39.749996   data required time
---------------------------------------------------------------------------------------------
                                             39.749996   data required time
                                             -0.862551   data arrival time
---------------------------------------------------------------------------------------------
                                             38.887444   slack (MET)


Startpoint: _119_ (rising edge-triggered flip-flop clocked by clk)
Endpoint: adc_out[5] (output port clocked by clk)
Path Group: clk
Path Type: max

Fanout         Cap        Slew       Delay        Time   Description
---------------------------------------------------------------------------------------------
                      0.150000    0.000000    0.000000   clock clk (rise edge)
                                  0.000000    0.000000   clock network delay (ideal)
                      0.150000    0.000000    0.000000 ^ _119_/CLK (sky130_fd_sc_hd__dfxtp_2)
     2    0.035334    0.294712    0.862551    0.862551 ^ _119_/Q (sky130_fd_sc_hd__dfxtp_2)
                                                         adc_out[5] (net)
                      0.294712    0.000000    0.862551 ^ adc_out[5] (out)
                                              0.862551   data arrival time

                      0.150000   50.000000   50.000000   clock clk (rise edge)
                                  0.000000   50.000000   clock network delay (ideal)
                                 -0.250000   49.749996   clock uncertainty
                                  0.000000   49.749996   clock reconvergence pessimism
                                -10.000000   39.749996   output external delay
                                             39.749996   data required time
---------------------------------------------------------------------------------------------
                                             39.749996   data required time
                                             -0.862551   data arrival time
---------------------------------------------------------------------------------------------
                                             38.887444   slack (MET)


Startpoint: _120_ (rising edge-triggered flip-flop clocked by clk)
Endpoint: adc_out[6] (output port clocked by clk)
Path Group: clk
Path Type: max

Fanout         Cap        Slew       Delay        Time   Description
---------------------------------------------------------------------------------------------
                      0.150000    0.000000    0.000000   clock clk (rise edge)
                                  0.000000    0.000000   clock network delay (ideal)
                      0.150000    0.000000    0.000000 ^ _120_/CLK (sky130_fd_sc_hd__dfxtp_2)
     2    0.035334    0.294712    0.862551    0.862551 ^ _120_/Q (sky130_fd_sc_hd__dfxtp_2)
                                                         adc_out[6] (net)
                      0.294712    0.000000    0.862551 ^ adc_out[6] (out)
                                              0.862551   data arrival time

                      0.150000   50.000000   50.000000   clock clk (rise edge)
                                  0.000000   50.000000   clock network delay (ideal)
                                 -0.250000   49.749996   clock uncertainty
                                  0.000000   49.749996   clock reconvergence pessimism
                                -10.000000   39.749996   output external delay
                                             39.749996   data required time
---------------------------------------------------------------------------------------------
                                             39.749996   data required time
                                             -0.862551   data arrival time
---------------------------------------------------------------------------------------------
                                             38.887444   slack (MET)


Startpoint: _121_ (rising edge-triggered flip-flop clocked by clk)
Endpoint: adc_out[7] (output port clocked by clk)
Path Group: clk
Path Type: max

Fanout         Cap        Slew       Delay        Time   Description
---------------------------------------------------------------------------------------------
                      0.150000    0.000000    0.000000   clock clk (rise edge)
                                  0.000000    0.000000   clock network delay (ideal)
                      0.150000    0.000000    0.000000 ^ _121_/CLK (sky130_fd_sc_hd__dfxtp_2)
     2    0.035334    0.294712    0.862551    0.862551 ^ _121_/Q (sky130_fd_sc_hd__dfxtp_2)
                                                         adc_out[7] (net)
                      0.294712    0.000000    0.862551 ^ adc_out[7] (out)
                                              0.862551   data arrival time

                      0.150000   50.000000   50.000000   clock clk (rise edge)
                                  0.000000   50.000000   clock network delay (ideal)
                                 -0.250000   49.749996   clock uncertainty
                                  0.000000   49.749996   clock reconvergence pessimism
                                -10.000000   39.749996   output external delay
                                             39.749996   data required time
---------------------------------------------------------------------------------------------
                                             39.749996   data required time
                                             -0.862551   data arrival time
---------------------------------------------------------------------------------------------
                                             38.887444   slack (MET)


Startpoint: rst_n (input port clocked by clk)
Endpoint: _107_ (rising edge-triggered flip-flop clocked by clk)
Path Group: clk
Path Type: max

Fanout         Cap        Slew       Delay        Time   Description
---------------------------------------------------------------------------------------------
                      0.150000    0.000000    0.000000   clock clk (rise edge)
                                  0.000000    0.000000   clock network delay (ideal)
                                 10.000000   10.000000 ^ input external delay
     5    0.017618    0.135864    0.090115   10.090115 ^ rst_n (in)
                                                         rst_n (net)
                      0.135864    0.000000   10.090115 ^ _062_/A (sky130_fd_sc_hd__nand2_2)
     8    0.033476    0.291997    0.288561   10.378676 v _062_/Y (sky130_fd_sc_hd__nand2_2)
                                                         _030_ (net)
                      0.291997    0.000000   10.378676 v _071_/B1 (sky130_fd_sc_hd__a21oi_2)
     1    0.001537    0.124586    0.226131   10.604807 ^ _071_/Y (sky130_fd_sc_hd__a21oi_2)
                                                         _003_ (net)
                      0.124586    0.000000   10.604807 ^ _107_/D (sky130_fd_sc_hd__dfxtp_2)
                                             10.604807   data arrival time

                      0.150000   50.000000   50.000000   clock clk (rise edge)
                                  0.000000   50.000000   clock network delay (ideal)
                                 -0.250000   49.749996   clock uncertainty
                                  0.000000   49.749996   clock reconvergence pessimism
                                             49.749996 ^ _107_/CLK (sky130_fd_sc_hd__dfxtp_2)
                                 -0.141440   49.608559   library setup time
                                             49.608559   data required time
---------------------------------------------------------------------------------------------
                                             49.608559   data required time
                                            -10.604807   data arrival time
---------------------------------------------------------------------------------------------
                                             39.003750   slack (MET)


Startpoint: rst_n (input port clocked by clk)
Endpoint: _104_ (rising edge-triggered flip-flop clocked by clk)
Path Group: clk
Path Type: max

Fanout         Cap        Slew       Delay        Time   Description
---------------------------------------------------------------------------------------------
                      0.150000    0.000000    0.000000   clock clk (rise edge)
                                  0.000000    0.000000   clock network delay (ideal)
                                 10.000000   10.000000 ^ input external delay
     5    0.017618    0.135864    0.090115   10.090115 ^ rst_n (in)
                                                         rst_n (net)
                      0.135864    0.000000   10.090115 ^ _062_/A (sky130_fd_sc_hd__nand2_2)
     8    0.033476    0.291997    0.288561   10.378676 v _062_/Y (sky130_fd_sc_hd__nand2_2)
                                                         _030_ (net)
                      0.291997    0.000000   10.378676 v _063_/B (sky130_fd_sc_hd__nor2_2)
     1    0.001537    0.112778    0.182536   10.561212 ^ _063_/Y (sky130_fd_sc_hd__nor2_2)
                                                         _000_ (net)
                      0.112778    0.000000   10.561212 ^ _104_/D (sky130_fd_sc_hd__dfxtp_2)
                                             10.561212   data arrival time

                      0.150000   50.000000   50.000000   clock clk (rise edge)
                                  0.000000   50.000000   clock network delay (ideal)
                                 -0.250000   49.749996   clock uncertainty
                                  0.000000   49.749996   clock reconvergence pessimism
                                             49.749996 ^ _104_/CLK (sky130_fd_sc_hd__dfxtp_2)
                                 -0.138354   49.611645   library setup time
                                             49.611645   data required time
---------------------------------------------------------------------------------------------
                                             49.611645   data required time
                                            -10.561212   data arrival time
---------------------------------------------------------------------------------------------
                                             39.050430   slack (MET)


Startpoint: rst_n (input port clocked by clk)
Endpoint: _106_ (rising edge-triggered flip-flop clocked by clk)
Path Group: clk
Path Type: max

Fanout         Cap        Slew       Delay        Time   Description
---------------------------------------------------------------------------------------------
                      0.150000    0.000000    0.000000   clock clk (rise edge)
                                  0.000000    0.000000   clock network delay (ideal)
                                 10.000000   10.000000 v input external delay
     5    0.016694    0.075674    0.051493   10.051494 v rst_n (in)
                                                         rst_n (net)
                      0.075674    0.000000   10.051494 v _068_/A (sky130_fd_sc_hd__and4_2)
     1    0.001577    0.069458    0.357749   10.409243 v _068_/X (sky130_fd_sc_hd__and4_2)
                                                         _002_ (net)
                      0.069458    0.000000   10.409243 v _106_/D (sky130_fd_sc_hd__dfxtp_2)
                                             10.409243   data arrival time

                      0.150000   50.000000   50.000000   clock clk (rise edge)
                                  0.000000   50.000000   clock network delay (ideal)
                                 -0.250000   49.749996   clock uncertainty
                                  0.000000   49.749996   clock reconvergence pessimism
                                             49.749996 ^ _106_/CLK (sky130_fd_sc_hd__dfxtp_2)
                                 -0.252495   49.497501   library setup time
                                             49.497501   data required time
---------------------------------------------------------------------------------------------
                                             49.497501   data required time
                                            -10.409243   data arrival time
---------------------------------------------------------------------------------------------
                                             39.088261   slack (MET)


Startpoint: rst_n (input port clocked by clk)
Endpoint: _105_ (rising edge-triggered flip-flop clocked by clk)
Path Group: clk
Path Type: max

Fanout         Cap        Slew       Delay        Time   Description
---------------------------------------------------------------------------------------------
                      0.150000    0.000000    0.000000   clock clk (rise edge)
                                  0.000000    0.000000   clock network delay (ideal)
                                 10.000000   10.000000 ^ input external delay
     5    0.017618    0.135864    0.090115   10.090115 ^ rst_n (in)
                                                         rst_n (net)
                      0.135864    0.000000   10.090115 ^ _064_/B1 (sky130_fd_sc_hd__o21ai_2)
     1    0.004185    0.081108    0.127262   10.217377 v _064_/Y (sky130_fd_sc_hd__o21ai_2)
                                                         _031_ (net)
                      0.081108    0.000000   10.217377 v _065_/B1 (sky130_fd_sc_hd__a21oi_2)
     1    0.001537    0.108541    0.142058   10.359434 ^ _065_/Y (sky130_fd_sc_hd__a21oi_2)
                                                         _001_ (net)
                      0.108541    0.000000   10.359434 ^ _105_/D (sky130_fd_sc_hd__dfxtp_2)
                                             10.359434   data arrival time

                      0.150000   50.000000   50.000000   clock clk (rise edge)
                                  0.000000   50.000000   clock network delay (ideal)
                                 -0.250000   49.749996   clock uncertainty
                                  0.000000   49.749996   clock reconvergence pessimism
                                             49.749996 ^ _105_/CLK (sky130_fd_sc_hd__dfxtp_2)
                                 -0.137247   49.612747   library setup time
                                             49.612747   data required time
---------------------------------------------------------------------------------------------
                                             49.612747   data required time
                                            -10.359434   data arrival time
---------------------------------------------------------------------------------------------
                                             39.253315   slack (MET)



