Clock: clk
Sources: clk 
Generated: no
Virtual: yes
Propagated: no
Period: 50.000000

===========================================================================
report_clock_properties
============================================================================
Clock                   Period          Waveform
----------------------------------------------------
clk                  50.000000    0.000000 25.000000

===========================================================================
report_clock_latency
============================================================================
Clock clk
rise -> rise
    min     max
0.000000 0.000000 source latency
0.612483         network latency _112_/CLK
        0.613301 network latency _119_/CLK
---------------
0.612483 0.613301 latency
        0.000817 skew

fall -> fall
    min     max
0.000000 0.000000 source latency
0.593460         network latency _112_/CLK
        0.594419 network latency _119_/CLK
---------------
0.593460 0.594419 latency
        0.000959 skew



===========================================================================
report_clock_min_period
============================================================================
clk period_min = 5.77 fmax = 173.40
