
Circuit 1 cell sky130_fd_pr__nfet_01v8 and Circuit 2 cell sky130_fd_pr__nfet_01v8 are black boxes.
Warning: Equate pins:  cell sky130_fd_pr__nfet_01v8 is a placeholder, treated as a black box.
Warning: Equate pins:  cell sky130_fd_pr__nfet_01v8 is a placeholder, treated as a black box.

Subcircuit pins:
Circuit 1: sky130_fd_pr__nfet_01v8         |Circuit 2: sky130_fd_pr__nfet_01v8         
-------------------------------------------|-------------------------------------------
1                                          |1                                          
2                                          |2                                          
3                                          |3                                          
4                                          |4                                          
---------------------------------------------------------------------------------------
Cell pin lists are equivalent.
Device classes sky130_fd_pr__nfet_01v8 and sky130_fd_pr__nfet_01v8 are equivalent.

Circuit 1 cell sky130_fd_pr__pfet_01v8 and Circuit 2 cell sky130_fd_pr__pfet_01v8 are black boxes.
Warning: Equate pins:  cell sky130_fd_pr__pfet_01v8 is a placeholder, treated as a black box.
Warning: Equate pins:  cell sky130_fd_pr__pfet_01v8 is a placeholder, treated as a black box.

Subcircuit pins:
Circuit 1: sky130_fd_pr__pfet_01v8         |Circuit 2: sky130_fd_pr__pfet_01v8         
-------------------------------------------|-------------------------------------------
1                                          |1                                          
2                                          |2                                          
3                                          |3                                          
4                                          |4                                          
---------------------------------------------------------------------------------------
Cell pin lists are equivalent.
Device classes sky130_fd_pr__pfet_01v8 and sky130_fd_pr__pfet_01v8 are equivalent.

Class mag_cascode_bias (0):  Merged 1 parallel devices.
Class cascode_bias_lds (1):  Merged 1 parallel devices.
Subcircuit summary:
Circuit 1: mag_cascode_bias                |Circuit 2: cascode_bias_lds                
-------------------------------------------|-------------------------------------------
sky130_fd_pr__nfet_01v8 (4->3)             |sky130_fd_pr__nfet_01v8 (4->3)             
sky130_fd_pr__pfet_01v8 (4)                |sky130_fd_pr__pfet_01v8 (4)                
Number of devices: 7                       |Number of devices: 7                       
Number of nets: 8                          |Number of nets: 8                          
---------------------------------------------------------------------------------------
Netlists match uniquely with property errors.
sky130_fd_pr__pfet_01v8:4 vs. sky130_fd_pr__pfet_01v8:M23:
 l circuit1: "4"   (unresolved expression)  (property type mismatch)
 w circuit1: "3"   (unresolved expression)  (property type mismatch)
sky130_fd_pr__pfet_01v8:3 vs. sky130_fd_pr__pfet_01v8:M24:
 l circuit1: "4"   (unresolved expression)  (property type mismatch)
 w circuit1: "3"   (unresolved expression)  (property type mismatch)
sky130_fd_pr__pfet_01v8:1 vs. sky130_fd_pr__pfet_01v8:M25:
 l circuit1: "4"   (unresolved expression)  (property type mismatch)
 w circuit1: "3"   (unresolved expression)  (property type mismatch)
sky130_fd_pr__pfet_01v8:7 vs. sky130_fd_pr__pfet_01v8:M26:
 l circuit1: "4"   (unresolved expression)  (property type mismatch)
 w circuit1: "3"   (unresolved expression)  (property type mismatch)
sky130_fd_pr__nfet_01v8:0 vs. sky130_fd_pr__nfet_01v8:M37:
 l circuit1: "4"   (unresolved expression)  (property type mismatch)
 w circuit1: "3"   (unresolved expression)  (property type mismatch)
sky130_fd_pr__nfet_01v8:6 vs. sky130_fd_pr__nfet_01v8:M38:
 l circuit1: "4"   (unresolved expression)  (property type mismatch)
 w circuit1: "3"   (unresolved expression)  (property type mismatch)
sky130_fd_pr__nfet_01v8:2 vs. sky130_fd_pr__nfet_01v8:M39:
 l circuit1: "4"   (unresolved expression)  (property type mismatch)
 w circuit1: "3"   (unresolved expression)  (property type mismatch)

Subcircuit pins:
Circuit 1: mag_cascode_bias                |Circuit 2: cascode_bias_lds                
-------------------------------------------|-------------------------------------------
VDD                                        |VDD                                        
Vbp                                        |Vbp                                        
GND                                        |GND                                        
Vc                                         |Vc                                         
---------------------------------------------------------------------------------------
Cell pin lists are equivalent.
Device classes mag_cascode_bias and cascode_bias_lds are equivalent.

Final result: Circuits match uniquely.
Property errors were found.

The following cells had property errors:
 mag_cascode_bias
