
===========================================================================
report_checks -unconstrained
===========================================================================
======================= nom_tt_025C_1v80 Corner ===================================

Startpoint: rst_n (input port clocked by clk)
Endpoint: _119_ (rising edge-triggered flip-flop clocked by clk)
Path Group: clk
Path Type: max

Fanout         Cap        Slew       Delay        Time   Description
---------------------------------------------------------------------------------------------
                                  0.000000    0.000000   clock clk (rise edge)
                                  0.000000    0.000000   clock network delay (propagated)
                                 10.000000   10.000000 ^ input external delay
     1    0.003781    0.023986    0.013765   10.013765 ^ rst_n (in)
                                                         rst_n (net)
                      0.023994    0.000000   10.013765 ^ input2/A (sky130_fd_sc_hd__clkbuf_2)
     5    0.027112    0.151639    0.172234   10.185999 ^ input2/X (sky130_fd_sc_hd__clkbuf_2)
                                                         net2 (net)
                      0.151709    0.002679   10.188678 ^ _053_/A (sky130_fd_sc_hd__inv_2)
     2    0.005984    0.038567    0.051371   10.240049 v _053_/Y (sky130_fd_sc_hd__inv_2)
                                                         _021_ (net)
                      0.038567    0.000156   10.240206 v _091_/A (sky130_fd_sc_hd__or2_4)
     8    0.036260    0.087464    0.297872   10.538077 v _091_/X (sky130_fd_sc_hd__or2_4)
                                                         _049_ (net)
                      0.087496    0.001569   10.539647 v _097_/S (sky130_fd_sc_hd__mux2_1)
     1    0.003453    0.059187    0.325032   10.864678 v _097_/X (sky130_fd_sc_hd__mux2_1)
                                                         _015_ (net)
                      0.059187    0.000115   10.864793 v hold2/A (sky130_fd_sc_hd__dlygate4sd3_1)
     1    0.002693    0.052296    0.553114   11.417907 v hold2/X (sky130_fd_sc_hd__dlygate4sd3_1)
                                                         net23 (net)
                      0.052296    0.000082   11.417989 v _119_/D (sky130_fd_sc_hd__dfxtp_1)
                                             11.417989   data arrival time

                                 50.000000   50.000000   clock clk (rise edge)
                                  0.000000   50.000000   clock source latency
     1    0.016638    0.080543    0.055664   50.055664 ^ clk (in)
                                                         clk (net)
                      0.080573    0.000000   50.055664 ^ clkbuf_0_clk/A (sky130_fd_sc_hd__clkbuf_16)
     2    0.018478    0.040572    0.136943   50.192604 ^ clkbuf_0_clk/X (sky130_fd_sc_hd__clkbuf_16)
                                                         clknet_0_clk (net)
                      0.040583    0.000380   50.192986 ^ clkbuf_1_1__f_clk/A (sky130_fd_sc_hd__clkbuf_16)
    11    0.030043    0.051027    0.132726   50.325710 ^ clkbuf_1_1__f_clk/X (sky130_fd_sc_hd__clkbuf_16)
                                                         clknet_1_1__leaf_clk (net)
                      0.051032    0.000941   50.326653 ^ _119_/CLK (sky130_fd_sc_hd__dfxtp_1)
                                 -0.250000   50.076653   clock uncertainty
                                  0.000000   50.076653   clock reconvergence pessimism
                                 -0.112323   49.964329   library setup time
                                             49.964329   data required time
---------------------------------------------------------------------------------------------
                                             49.964329   data required time
                                            -11.417989   data arrival time
---------------------------------------------------------------------------------------------
                                             38.546341   slack (MET)




===========================================================================
report_checks --slack_max -0.01
============================================================================
======================= nom_tt_025C_1v80 Corner ===================================

No paths found.


===========================================================================
 report_check_types -max_slew -max_cap -max_fanout -violators
============================================================================
======================= nom_tt_025C_1v80 Corner ===================================

max fanout

Pin                                   Limit Fanout  Slack
---------------------------------------------------------
clkbuf_1_1__f_clk/X                      10     11        (VIOLATED)



===========================================================================
report_parasitic_annotation -report_unannotated
============================================================================
Found 1 unannotated drivers.
 clkload0/X
Found 0 partially unannotated drivers.

===========================================================================
max slew violation count 0
Writing metric design__max_slew_violation__count__corner:nom_tt_025C_1v80: 0
max fanout violation count 1
Writing metric design__max_fanout_violation__count__corner:nom_tt_025C_1v80: 1
max cap violation count 0
Writing metric design__max_cap_violation__count__corner:nom_tt_025C_1v80: 0
============================================================================

===========================================================================
check_setup -verbose -unconstrained_endpoints -multiple_clock -no_clock -no_input_delay -loops -generated_clocks
===========================================================================
