[WARNING ORD-0039] .openroad ignored with -python
Top-level design name: controller
Block boundaries: 0 0 145000 50000
Horizontal Tracks Origin: 340, Count: 73, Step: 680
Vertical Tracks Origin: 230, Count: 315, Step: 460
Placement details for the N side
Virtual pin count:  0
Actual pin count:  8
Total pin count:  8
Tracks count:  315
Tracks per pin:  39
Used tracks count:  274
Unused track count:  41
Starting track index:  20
Placement details for the E side
Virtual pin count:  0
Actual pin count:  8
Total pin count:  8
Tracks count:  37
Tracks per pin:  4
Used tracks count:  29
Unused track count:  8
Starting track index:  4
Placement details for the W side
Virtual pin count:  0
Actual pin count:  3
Total pin count:  3
Tracks count:  37
Tracks per pin:  12
Used tracks count:  25
Unused track count:  12
Starting track index:  6
