
Circuit 1 cell sky130_fd_pr__nfet_01v8 and Circuit 2 cell sky130_fd_pr__nfet_01v8 are black boxes.
Warning: Equate pins:  cell sky130_fd_pr__nfet_01v8 is a placeholder, treated as a black box.
Warning: Equate pins:  cell sky130_fd_pr__nfet_01v8 is a placeholder, treated as a black box.

Subcircuit pins:
Circuit 1: sky130_fd_pr__nfet_01v8         |Circuit 2: sky130_fd_pr__nfet_01v8         
-------------------------------------------|-------------------------------------------
1                                          |1                                          
2                                          |2                                          
3                                          |3                                          
4                                          |4                                          
---------------------------------------------------------------------------------------
Cell pin lists are equivalent.
Device classes sky130_fd_pr__nfet_01v8 and sky130_fd_pr__nfet_01v8 are equivalent.

Circuit 1 cell sky130_fd_pr__pfet_01v8 and Circuit 2 cell sky130_fd_pr__pfet_01v8 are black boxes.
Warning: Equate pins:  cell sky130_fd_pr__pfet_01v8 is a placeholder, treated as a black box.
Warning: Equate pins:  cell sky130_fd_pr__pfet_01v8 is a placeholder, treated as a black box.

Subcircuit pins:
Circuit 1: sky130_fd_pr__pfet_01v8         |Circuit 2: sky130_fd_pr__pfet_01v8         
-------------------------------------------|-------------------------------------------
1                                          |1                                          
2                                          |2                                          
3                                          |3                                          
4                                          |4                                          
---------------------------------------------------------------------------------------
Cell pin lists are equivalent.
Device classes sky130_fd_pr__pfet_01v8 and sky130_fd_pr__pfet_01v8 are equivalent.

Class mirror (0):  Merged 6 parallel devices.
Class mirror_lds (1):  Merged 6 parallel devices.
Subcircuit summary:
Circuit 1: mirror                          |Circuit 2: mirror_lds                      
-------------------------------------------|-------------------------------------------
sky130_fd_pr__nfet_01v8 (16->12)           |sky130_fd_pr__nfet_01v8 (16->12)           
sky130_fd_pr__pfet_01v8 (18->16)           |sky130_fd_pr__pfet_01v8 (18->16)           
Number of devices: 28                      |Number of devices: 28                      
Number of nets: 21                         |Number of nets: 21                         
---------------------------------------------------------------------------------------
Resolving symmetries by property value.
Resolving symmetries by pin name.
Resolving symmetries by net name.
Netlists match with 22 symmetries with property errors.
sky130_fd_pr__pfet_01v8:3 vs. sky130_fd_pr__pfet_01v8:M1:
 l circuit1: "3"   (unresolved expression)  (property type mismatch)
 w circuit1: "3"   (unresolved expression)  (property type mismatch)
sky130_fd_pr__pfet_01v8:9 vs. sky130_fd_pr__pfet_01v8:M16:
 l circuit1: "3"   (unresolved expression)  (property type mismatch)
 w circuit1: "3"   (unresolved expression)  (property type mismatch)
sky130_fd_pr__pfet_01v8:6 vs. sky130_fd_pr__pfet_01v8:M10:
 l circuit1: "3"   (unresolved expression)  (property type mismatch)
 w circuit1: "3"   (unresolved expression)  (property type mismatch)
sky130_fd_pr__pfet_01v8:30 vs. sky130_fd_pr__pfet_01v8:M25:
 l circuit1: "3"   (unresolved expression)  (property type mismatch)
 w circuit1: "3"   (unresolved expression)  (property type mismatch)
sky130_fd_pr__pfet_01v8:25 vs. sky130_fd_pr__pfet_01v8:M11:
 l circuit1: "3"   (unresolved expression)  (property type mismatch)
 w circuit1: "3"   (unresolved expression)  (property type mismatch)
sky130_fd_pr__pfet_01v8:29 vs. sky130_fd_pr__pfet_01v8:M26:
 l circuit1: "3"   (unresolved expression)  (property type mismatch)
 w circuit1: "3"   (unresolved expression)  (property type mismatch)
sky130_fd_pr__pfet_01v8:16 vs. sky130_fd_pr__pfet_01v8:M8:
 l circuit1: "3"   (unresolved expression)  (property type mismatch)
 w circuit1: "3"   (unresolved expression)  (property type mismatch)
sky130_fd_pr__pfet_01v8:24 vs. sky130_fd_pr__pfet_01v8:M23:
 l circuit1: "3"   (unresolved expression)  (property type mismatch)
 w circuit1: "3"   (unresolved expression)  (property type mismatch)
sky130_fd_pr__pfet_01v8:2 vs. sky130_fd_pr__pfet_01v8:M13:
 l circuit1: "3"   (unresolved expression)  (property type mismatch)
 w circuit1: "3"   (unresolved expression)  (property type mismatch)
sky130_fd_pr__pfet_01v8:13 vs. sky130_fd_pr__pfet_01v8:M28:
 l circuit1: "3"   (unresolved expression)  (property type mismatch)
 w circuit1: "3"   (unresolved expression)  (property type mismatch)
sky130_fd_pr__pfet_01v8:26 vs. sky130_fd_pr__pfet_01v8:M29:
 l circuit1: "3"   (unresolved expression)  (property type mismatch)
 w circuit1: "3"   (unresolved expression)  (property type mismatch)
sky130_fd_pr__pfet_01v8:20 vs. sky130_fd_pr__pfet_01v8:M14:
 l circuit1: "3"   (unresolved expression)  (property type mismatch)
 w circuit1: "3"   (unresolved expression)  (property type mismatch)
sky130_fd_pr__pfet_01v8:33 vs. sky130_fd_pr__pfet_01v8:M12:
 l circuit1: "3"   (unresolved expression)  (property type mismatch)
 w circuit1: "3"   (unresolved expression)  (property type mismatch)
sky130_fd_pr__pfet_01v8:8 vs. sky130_fd_pr__pfet_01v8:M27:
 l circuit1: "3"   (unresolved expression)  (property type mismatch)
 w circuit1: "3"   (unresolved expression)  (property type mismatch)
sky130_fd_pr__pfet_01v8:21 vs. sky130_fd_pr__pfet_01v8:M15:
 l circuit1: "3"   (unresolved expression)  (property type mismatch)
 w circuit1: "3"   (unresolved expression)  (property type mismatch)
sky130_fd_pr__pfet_01v8:31 vs. sky130_fd_pr__pfet_01v8:M30:
 l circuit1: "3"   (unresolved expression)  (property type mismatch)
 w circuit1: "3"   (unresolved expression)  (property type mismatch)
sky130_fd_pr__nfet_01v8:1 vs. sky130_fd_pr__nfet_01v8:M2:
 l circuit1: "3"   (unresolved expression)  (property type mismatch)
 w circuit1: "3"   (unresolved expression)  (property type mismatch)
sky130_fd_pr__nfet_01v8:22 vs. sky130_fd_pr__nfet_01v8:M17:
 l circuit1: "3"   (unresolved expression)  (property type mismatch)
 w circuit1: "3"   (unresolved expression)  (property type mismatch)
sky130_fd_pr__nfet_01v8:14 vs. sky130_fd_pr__nfet_01v8:M18:
 l circuit1: "3"   (unresolved expression)  (property type mismatch)
 w circuit1: "3"   (unresolved expression)  (property type mismatch)
sky130_fd_pr__nfet_01v8:0 vs. sky130_fd_pr__nfet_01v8:M3:
 l circuit1: "3"   (unresolved expression)  (property type mismatch)
 w circuit1: "3"   (unresolved expression)  (property type mismatch)
sky130_fd_pr__nfet_01v8:11 vs. sky130_fd_pr__nfet_01v8:M4:
 l circuit1: "3"   (unresolved expression)  (property type mismatch)
 w circuit1: "3"   (unresolved expression)  (property type mismatch)
sky130_fd_pr__nfet_01v8:7 vs. sky130_fd_pr__nfet_01v8:M19:
 l circuit1: "3"   (unresolved expression)  (property type mismatch)
 w circuit1: "3"   (unresolved expression)  (property type mismatch)
sky130_fd_pr__nfet_01v8:12 vs. sky130_fd_pr__nfet_01v8:M5:
 l circuit1: "3"   (unresolved expression)  (property type mismatch)
 w circuit1: "3"   (unresolved expression)  (property type mismatch)
sky130_fd_pr__nfet_01v8:4 vs. sky130_fd_pr__nfet_01v8:M20:
 l circuit1: "3"   (unresolved expression)  (property type mismatch)
 w circuit1: "3"   (unresolved expression)  (property type mismatch)
sky130_fd_pr__nfet_01v8:5 vs. sky130_fd_pr__nfet_01v8:M21:
 l circuit1: "3"   (unresolved expression)  (property type mismatch)
 w circuit1: "3"   (unresolved expression)  (property type mismatch)
sky130_fd_pr__nfet_01v8:17 vs. sky130_fd_pr__nfet_01v8:M6:
 l circuit1: "3"   (unresolved expression)  (property type mismatch)
 w circuit1: "3"   (unresolved expression)  (property type mismatch)
sky130_fd_pr__nfet_01v8:19 vs. sky130_fd_pr__nfet_01v8:M22:
 l circuit1: "3"   (unresolved expression)  (property type mismatch)
 w circuit1: "3"   (unresolved expression)  (property type mismatch)
sky130_fd_pr__nfet_01v8:10 vs. sky130_fd_pr__nfet_01v8:M7:
 l circuit1: "3"   (unresolved expression)  (property type mismatch)
 w circuit1: "3"   (unresolved expression)  (property type mismatch)

Subcircuit pins:
Circuit 1: mirror                          |Circuit 2: mirror_lds                      
-------------------------------------------|-------------------------------------------
VDD                                        |VDD                                        
Iin                                        |Iin                                        
GND                                        |GND                                        
Vbn                                        |Vbn                                        
Iout                                       |Iout                                       
---------------------------------------------------------------------------------------
Cell pin lists are equivalent.
Device classes mirror and mirror_lds are equivalent.

Final result: Circuits match uniquely.
Property errors were found.

The following cells had property errors:
 mirror
