Clock: clk
Sources: clk 
Generated: no
Virtual: yes
Propagated: no
Period: 50.000000

===========================================================================
report_clock_properties
============================================================================
Clock                   Period          Waveform
----------------------------------------------------
clk                  50.000000    0.000000 25.000000

===========================================================================
report_clock_latency
============================================================================
Clock clk
rise -> rise
    min     max
0.000000 0.000000 source latency
0.359558         network latency _112_/CLK
        0.360991 network latency _119_/CLK
---------------
0.359558 0.360991 latency
        0.001433 skew

fall -> fall
    min     max
0.000000 0.000000 source latency
0.334335         network latency _112_/CLK
        0.335673 network latency _119_/CLK
---------------
0.334335 0.335673 latency
        0.001338 skew



===========================================================================
report_clock_min_period
============================================================================
clk period_min = 2.84 fmax = 352.06
