[INFO PSM-0040] All shapes on net VDD are connected.
########## IR report #################
Net              : VDD
Corner           : nom_tt_025C_1v80
Supply voltage   : 1.80e+00 V
Worstcase voltage: 1.80e+00 V
Average voltage  : 1.80e+00 V
Average IR drop  : 5.64e-05 V
Worstcase IR drop: 2.22e-04 V
Percentage drop  : 0.01 %
######################################
[INFO PSM-0040] All shapes on net GND are connected.
########## IR report #################
Net              : GND
Corner           : nom_tt_025C_1v80
Supply voltage   : 0.00e+00 V
Worstcase voltage: 2.12e-04 V
Average voltage  : 4.59e-05 V
Average IR drop  : 4.59e-05 V
Worstcase IR drop: 2.12e-04 V
Percentage drop  : 0.01 %
######################################
