Clock: clk
Sources: clk 
Generated: no
Virtual: yes
Propagated: no
Period: 50.000000

===========================================================================
report_clock_properties
============================================================================
Clock                   Period          Waveform
----------------------------------------------------
clk                  50.000000    0.000000 25.000000

===========================================================================
report_clock_latency
============================================================================
Clock clk
rise -> rise
    min     max
0.000000 0.000000 source latency
0.354561         network latency _112_/CLK
        0.355447 network latency _119_/CLK
---------------
0.354561 0.355447 latency
        0.000886 skew

fall -> fall
    min     max
0.000000 0.000000 source latency
0.330775         network latency _112_/CLK
        0.331617 network latency _119_/CLK
---------------
0.330775 0.331617 latency
        0.000842 skew



===========================================================================
report_clock_min_period
============================================================================
clk period_min = 2.82 fmax = 354.01
