Clock: clk
Sources: clk 
Generated: no
Virtual: yes
Propagated: no
Period: 50.000000

===========================================================================
report_clock_properties
============================================================================
Clock                   Period          Waveform
----------------------------------------------------
clk                  50.000000    0.000000 25.000000

===========================================================================
report_clock_latency
============================================================================
Clock clk
rise -> rise
    min     max
0.000000 0.000000 source latency
0.322236         network latency _123_/CLK
        0.322640 network latency _108_/CLK
---------------
0.322236 0.322640 latency
        0.000404 skew

fall -> fall
    min     max
0.000000 0.000000 source latency
0.311445         network latency _123_/CLK
        0.311722 network latency _107_/CLK
---------------
0.311445 0.311722 latency
        0.000277 skew



===========================================================================
report_clock_min_period
============================================================================
clk period_min = 2.73 fmax = 366.70
