Clock: clk
Sources: clk 
Generated: no
Virtual: yes
Propagated: no
Period: 50.000000

===========================================================================
report_clock_properties
============================================================================
Clock                   Period          Waveform
----------------------------------------------------
clk                  50.000000    0.000000 25.000000

===========================================================================
report_clock_latency
============================================================================
Clock clk
rise -> rise
    min     max
0.000000 0.000000 source latency
0.620464         network latency _112_/CLK
        0.621906 network latency _119_/CLK
---------------
0.620464 0.621906 latency
        0.001441 skew

fall -> fall
    min     max
0.000000 0.000000 source latency
0.598961         network latency _112_/CLK
        0.600494 network latency _119_/CLK
---------------
0.598961 0.600494 latency
        0.001533 skew



===========================================================================
report_clock_min_period
============================================================================
clk period_min = 5.80 fmax = 172.53
