
===========================================================================
report_checks -unconstrained
===========================================================================
======================= min_ff_n40C_1v95 Corner ===================================

Startpoint: rst_n (input port clocked by clk)
Endpoint: _119_ (rising edge-triggered flip-flop clocked by clk)
Path Group: clk
Path Type: max

Fanout         Cap        Slew       Delay        Time   Description
---------------------------------------------------------------------------------------------
                                  0.000000    0.000000   clock clk (rise edge)
                                  0.000000    0.000000   clock network delay (propagated)
                                 10.000000   10.000000 ^ input external delay
     1    0.003319    0.015772    0.008584   10.008584 ^ rst_n (in)
                                                         rst_n (net)
                      0.015777    0.000000   10.008584 ^ input2/A (sky130_fd_sc_hd__clkbuf_2)
     5    0.032014    0.135749    0.134556   10.143141 ^ input2/X (sky130_fd_sc_hd__clkbuf_2)
                                                         net2 (net)
                      0.135804    0.002244   10.145385 ^ _053_/A (sky130_fd_sc_hd__inv_2)
     2    0.005324    0.031634    0.020740   10.166124 v _053_/Y (sky130_fd_sc_hd__inv_2)
                                                         _021_ (net)
                      0.031634    0.000042   10.166166 v _091_/A (sky130_fd_sc_hd__or2_4)
     8    0.036742    0.062468    0.190082   10.356248 v _091_/X (sky130_fd_sc_hd__or2_4)
                                                         _049_ (net)
                      0.062486    0.001024   10.357272 v _097_/S (sky130_fd_sc_hd__mux2_1)
     1    0.002376    0.036370    0.185309   10.542581 v _097_/X (sky130_fd_sc_hd__mux2_1)
                                                         _015_ (net)
                      0.036370    0.000024   10.542604 v hold2/A (sky130_fd_sc_hd__dlygate4sd3_1)
     1    0.002613    0.037373    0.360833   10.903438 v hold2/X (sky130_fd_sc_hd__dlygate4sd3_1)
                                                         net23 (net)
                      0.037373    0.000029   10.903467 v _119_/D (sky130_fd_sc_hd__dfxtp_1)
                                             10.903467   data arrival time

                                 50.000000   50.000000   clock clk (rise edge)
                                  0.000000   50.000000   clock source latency
     1    0.020707    0.073862    0.050971   50.050968 ^ clk (in)
                                                         clk (net)
                      0.073892    0.000000   50.050968 ^ clkbuf_0_clk/A (sky130_fd_sc_hd__clkbuf_16)
     2    0.018321    0.030515    0.095287   50.146255 ^ clkbuf_0_clk/X (sky130_fd_sc_hd__clkbuf_16)
                                                         clknet_0_clk (net)
                      0.030515    0.000092   50.146347 ^ clkbuf_1_1__f_clk/A (sky130_fd_sc_hd__clkbuf_16)
    11    0.034213    0.041103    0.093728   50.240078 ^ clkbuf_1_1__f_clk/X (sky130_fd_sc_hd__clkbuf_16)
                                                         clknet_1_1__leaf_clk (net)
                      0.041105    0.000544   50.240620 ^ _119_/CLK (sky130_fd_sc_hd__dfxtp_1)
                                 -0.250000   49.990620   clock uncertainty
                                  0.000000   49.990620   clock reconvergence pessimism
                                 -0.071045   49.919575   library setup time
                                             49.919575   data required time
---------------------------------------------------------------------------------------------
                                             49.919575   data required time
                                            -10.903467   data arrival time
---------------------------------------------------------------------------------------------
                                             39.016109   slack (MET)




===========================================================================
report_checks --slack_max -0.01
============================================================================
======================= min_ff_n40C_1v95 Corner ===================================

No paths found.


===========================================================================
 report_check_types -max_slew -max_cap -max_fanout -violators
============================================================================
======================= min_ff_n40C_1v95 Corner ===================================

max fanout

Pin                                   Limit Fanout  Slack
---------------------------------------------------------
clkbuf_1_1__f_clk/X                      10     11        (VIOLATED)



===========================================================================
report_parasitic_annotation -report_unannotated
============================================================================
Found 1 unannotated drivers.
 clkload0/X
Found 0 partially unannotated drivers.

===========================================================================
max slew violation count 0
max fanout violation count 1
max cap violation count 0
============================================================================

===========================================================================
check_setup -verbose -unconstrained_endpoints -multiple_clock -no_clock -no_input_delay -loops -generated_clocks
===========================================================================
