Clock: clk
Sources: clk 
Generated: no
Virtual: yes
Propagated: no
Period: 50.000000

===========================================================================
report_clock_properties
============================================================================
Clock                   Period          Waveform
----------------------------------------------------
clk                  50.000000    0.000000 25.000000

===========================================================================
report_clock_latency
============================================================================
Clock clk
rise -> rise
    min     max
0.000000 0.000000 source latency
0.239886         network latency _112_/CLK
        0.240622 network latency _119_/CLK
---------------
0.239886 0.240622 latency
        0.000736 skew

fall -> fall
    min     max
0.000000 0.000000 source latency
0.221645         network latency _112_/CLK
        0.222322 network latency _119_/CLK
---------------
0.221645 0.222322 latency
        0.000677 skew



===========================================================================
report_clock_min_period
============================================================================
clk period_min = 1.83 fmax = 547.28
