Clock: clk
Sources: clk 
Generated: no
Virtual: yes
Propagated: no
Period: 50.000000

===========================================================================
report_clock_properties
============================================================================
Clock                   Period          Waveform
----------------------------------------------------
clk                  50.000000    0.000000 25.000000

===========================================================================
report_clock_latency
============================================================================
Clock clk
rise -> rise
    min     max
0.000000 0.000000 source latency
0.245433         network latency _112_/CLK
        0.246253 network latency _119_/CLK
---------------
0.245433 0.246253 latency
        0.000820 skew

fall -> fall
    min     max
0.000000 0.000000 source latency
0.225132         network latency _112_/CLK
        0.225901 network latency _119_/CLK
---------------
0.225132 0.225901 latency
        0.000769 skew



===========================================================================
report_clock_min_period
============================================================================
clk period_min = 1.84 fmax = 542.74
