Reading OpenROAD database at '/home/dt/Documents/madvlsi/final/schematics/controller/librelane/runs/RUN_2025-11-16_00-46-24/25-odb-customioplacement/controller.odb'…
Reading library file at '/usr/local/share/pdk/ciel/sky130/versions/0fe599b2afb6708d281543108caf8310912f54af/sky130A/libs.ref/sky130_fd_sc_hd/lib/sky130_fd_sc_hd__tt_025C_1v80.lib'…
Reading design constraints file at '/nix/store/pqxyc4xmydcs5adig47yyc29r3svp5nx-python3-3.11.9-env/lib/python3.11/site-packages/librelane/scripts/base.sdc'…
[INFO] Using clock clk…
[INFO] Setting output delay to: 10
[INFO] Setting input delay to: 10
[INFO] Setting load to: 0.033442
[INFO] Setting clock uncertainty to: 0.25
[INFO] Setting clock transition to: 0.1499999999999999944488848768742172978818416595458984375
[INFO] Setting timing derate to: 5%
[INFO] Setting RC values…
[INFO] Setting signal min routing layer to: met1 and clock min routing layer to met1. 
[INFO] Setting signal max routing layer to: met4 and clock max routing layer to met4. 
+ global_placement -density 0.364261 -timing_driven -routability_driven -pad_right 0 -pad_left 0 -init_wirelength_coef 0.25
[INFO GPL-0002] DBU: 1000
[INFO GPL-0003] SiteSize: (  0.460  2.720 ) um
[INFO GPL-0004] CoreBBox: (  5.520 10.880 ) ( 139.380 38.080 ) um
[INFO GPL-0006] NumInstances:               152
[INFO GPL-0007] NumPlaceInstances:           72
[INFO GPL-0008] NumFixedInstances:           80
[INFO GPL-0009] NumDummyInstances:            0
[INFO GPL-0010] NumNets:                     75
[INFO GPL-0011] NumPins:                    276
[INFO GPL-0012] DieBBox:  (  0.000  0.000 ) ( 145.000 50.000 ) um
[INFO GPL-0013] CoreBBox: (  5.520 10.880 ) ( 139.380 38.080 ) um
[INFO GPL-0016] CoreArea:              3640.992 um^2
[INFO GPL-0017] NonPlaceInstsArea:      150.144 um^2
[INFO GPL-0018] PlaceInstsArea:         887.101 um^2
[INFO GPL-0019] Util:                    25.412 %
[INFO GPL-0020] StdInstsArea:           887.101 um^2
[INFO GPL-0021] MacroInstsArea:           0.000 um^2
[InitialPlace]  Iter: 1 CG residual: 0.00000011 HPWL: 2920127
[InitialPlace]  Iter: 2 CG residual: 0.00000005 HPWL: 1933056
[InitialPlace]  Iter: 3 CG residual: 0.00000009 HPWL: 1903970
[InitialPlace]  Iter: 4 CG residual: 0.00000011 HPWL: 1881266
[InitialPlace]  Iter: 5 CG residual: 0.00000009 HPWL: 1869698
[INFO GPL-0031] FillerInit:NumGCells:       103
[INFO GPL-0032] FillerInit:NumGNets:         75
[INFO GPL-0033] FillerInit:NumGPins:        276
[INFO GPL-0023] TargetDensity:            0.364
[INFO GPL-0024] AvrgPlaceInstArea:       12.321 um^2
[INFO GPL-0025] IdealBinArea:            33.824 um^2
[INFO GPL-0026] IdealBinCnt:                107
[INFO GPL-0027] TotalBinArea:          3640.992 um^2
[INFO GPL-0028] BinCnt:        16      4
[INFO GPL-0029] BinSize: (  8.367  6.800 )
[INFO GPL-0030] NumBins: 64
[NesterovSolve] Iter:    1 overflow: 0.771 HPWL: 1509548
[INFO GPL-0100] Timing-driven: executing resizer for reweighting nets.
[INFO GPL-0101] Timing-driven: worst slack 3.9e-08
[INFO GPL-0103] Timing-driven: weighted 7 nets.
[INFO GPL-0100] Timing-driven: executing resizer for reweighting nets.
[INFO GPL-0101] Timing-driven: worst slack 3.91e-08
[INFO GPL-0103] Timing-driven: weighted 7 nets.
[NesterovSolve] Iter:   10 overflow: 0.612 HPWL: 1557492
[NesterovSolve] Snapshot saved at iter = 10
[NesterovSolve] Iter:   20 overflow: 0.584 HPWL: 1569657
[NesterovSolve] Iter:   30 overflow: 0.583 HPWL: 1562591
[NesterovSolve] Iter:   40 overflow: 0.582 HPWL: 1559341
[NesterovSolve] Iter:   50 overflow: 0.581 HPWL: 1560474
[NesterovSolve] Iter:   60 overflow: 0.582 HPWL: 1561891
[NesterovSolve] Iter:   70 overflow: 0.582 HPWL: 1561174
[NesterovSolve] Iter:   80 overflow: 0.581 HPWL: 1560582
[NesterovSolve] Iter:   90 overflow: 0.582 HPWL: 1561188
[NesterovSolve] Iter:  100 overflow: 0.582 HPWL: 1561704
[NesterovSolve] Iter:  110 overflow: 0.582 HPWL: 1561711
[NesterovSolve] Iter:  120 overflow: 0.582 HPWL: 1562007
[NesterovSolve] Iter:  130 overflow: 0.582 HPWL: 1562950
[NesterovSolve] Iter:  140 overflow: 0.583 HPWL: 1564387
[NesterovSolve] Iter:  150 overflow: 0.584 HPWL: 1566705
[NesterovSolve] Iter:  160 overflow: 0.585 HPWL: 1572848
[NesterovSolve] Iter:  170 overflow: 0.586 HPWL: 1581415
[NesterovSolve] Iter:  180 overflow: 0.585 HPWL: 1591500
[NesterovSolve] Iter:  190 overflow: 0.581 HPWL: 1603918
[NesterovSolve] Iter:  200 overflow: 0.572 HPWL: 1621062
[NesterovSolve] Iter:  210 overflow: 0.551 HPWL: 1642720
[NesterovSolve] Iter:  220 overflow: 0.516 HPWL: 1662171
[NesterovSolve] Iter:  230 overflow: 0.488 HPWL: 1682554
[INFO GPL-0100] Timing-driven: executing resizer for reweighting nets.
[INFO GPL-0101] Timing-driven: worst slack 3.91e-08
[INFO GPL-0103] Timing-driven: weighted 7 nets.
[NesterovSolve] Iter:  240 overflow: 0.448 HPWL: 1751484
[NesterovSolve] Iter:  250 overflow: 0.427 HPWL: 1761585
[NesterovSolve] Iter:  260 overflow: 0.389 HPWL: 1781660
[NesterovSolve] Iter:  270 overflow: 0.334 HPWL: 1787184
[NesterovSolve] Iter:  280 overflow: 0.301 HPWL: 1793882
[INFO GPL-0075] Routability numCall: 1 inflationIterCnt: 1 bloatIterCnt: 0
[INFO GPL-0036] TileBBox: (    0    0 ) ( 6900 6900 ) DBU
[INFO GPL-0038] TileCnt:      21    7
[INFO GPL-0040] NumTiles: 147
[INFO GPL-0081] TotalRouteOverflow: 0
[INFO GPL-0082] OverflowTileCnt: 0
[INFO GPL-0083] 0.5%RC: 0.6756597757339478
[INFO GPL-0084] 1.0%RC: 0.6716117858886719
[INFO GPL-0085] 2.0%RC: 0.6630286574363708
[INFO GPL-0086] 5.0%RC: 0.6434970945119858
[INFO GPL-0087] FinalRC: 0.6736358
[INFO GPL-0077] FinalRC lower than targetRC(1.01), routability not needed.
[INFO GPL-0100] Timing-driven: executing resizer for reweighting nets.
[INFO GPL-0101] Timing-driven: worst slack 3.91e-08
[INFO GPL-0103] Timing-driven: weighted 7 nets.
[NesterovSolve] Iter:  290 overflow: 0.287 HPWL: 1810585
[NesterovSolve] Iter:  300 overflow: 0.221 HPWL: 1801184
[INFO GPL-0100] Timing-driven: executing resizer for reweighting nets.
[INFO GPL-0101] Timing-driven: worst slack 3.91e-08
[INFO GPL-0103] Timing-driven: weighted 7 nets.
[NesterovSolve] Iter:  310 overflow: 0.197 HPWL: 1816053
[NesterovSolve] Iter:  320 overflow: 0.154 HPWL: 1822142
[INFO GPL-0100] Timing-driven: executing resizer for reweighting nets.
[INFO GPL-0101] Timing-driven: worst slack 3.91e-08
[INFO GPL-0103] Timing-driven: weighted 7 nets.
[NesterovSolve] Iter:  330 overflow: 0.128 HPWL: 1821561
[NesterovSolve] Iter:  340 overflow: 0.101 HPWL: 1832037
[NesterovSolve] Finished with Overflow: 0.098759
[INFO] Setting RC values…
Setting global connections for newly added cells…
[INFO] Setting global connections...
Updating metrics…
Cell type report:                       Count       Area
  Fill cell                                20      75.07
  Tap cell                                 60      75.07
  Inverter                                  8      30.03
  Sequential cell                          20     425.41
  Multi-Input combinational cell           44     431.66
  Total                                   152    1037.24
Writing OpenROAD database to '/home/dt/Documents/madvlsi/final/schematics/controller/librelane/runs/RUN_2025-11-16_00-46-24/27-openroad-globalplacement/controller.odb'…
Writing netlist to '/home/dt/Documents/madvlsi/final/schematics/controller/librelane/runs/RUN_2025-11-16_00-46-24/27-openroad-globalplacement/controller.nl.v'…
Writing powered netlist to '/home/dt/Documents/madvlsi/final/schematics/controller/librelane/runs/RUN_2025-11-16_00-46-24/27-openroad-globalplacement/controller.pnl.v'…
Writing layout to '/home/dt/Documents/madvlsi/final/schematics/controller/librelane/runs/RUN_2025-11-16_00-46-24/27-openroad-globalplacement/controller.def'…
Writing timing constraints to '/home/dt/Documents/madvlsi/final/schematics/controller/librelane/runs/RUN_2025-11-16_00-46-24/27-openroad-globalplacement/controller.sdc'…
