137. Printing statistics.

=== controller ===

   Number of wires:                148
   Number of wire bits:            180
   Number of public wires:           6
   Number of public wire bits:      23
   Number of ports:                  5
   Number of port bits:             19
   Number of memories:               0
   Number of memory bits:            0
   Number of processes:              0
   Number of cells:                165
     $_ANDNOT_                      35
     $_AND_                          3
     $_MUX_                         28
     $_NAND_                         4
     $_NOR_                          1
     $_NOT_                         11
     $_ORNOT_                        8
     $_OR_                          39
     $_XNOR_                         5
     $_XOR_                         11
     sky130_fd_sc_hd__dfxtp_2       20

   Area for cell type $_NOT_ is unknown!
   Area for cell type $_AND_ is unknown!
   Area for cell type $_NAND_ is unknown!
   Area for cell type $_OR_ is unknown!
   Area for cell type $_NOR_ is unknown!
   Area for cell type $_XOR_ is unknown!
   Area for cell type $_XNOR_ is unknown!
   Area for cell type $_ANDNOT_ is unknown!
   Area for cell type $_ORNOT_ is unknown!
   Area for cell type $_MUX_ is unknown!

   Chip area for module '\controller': 425.408000
     of which used for sequential elements: 425.408000 (100.00%)

