131. Printing statistics.

=== controller ===

   Number of wires:                128
   Number of wire bits:            160
   Number of public wires:           6
   Number of public wire bits:      23
   Number of ports:                  5
   Number of port bits:             19
   Number of memories:               0
   Number of memory bits:            0
   Number of processes:              0
   Number of cells:                145
     $_ANDNOT_                      35
     $_AND_                          3
     $_DFFE_PP_                      8
     $_MUX_                          8
     $_NAND_                         4
     $_NOR_                          1
     $_NOT_                         11
     $_ORNOT_                        8
     $_OR_                          39
     $_SDFF_PN0_                     1
     $_SDFF_PN1_                     1
     $_SDFF_PP0_                    10
     $_XNOR_                         5
     $_XOR_                         11

   Area for cell type $_NOT_ is unknown!
   Area for cell type $_AND_ is unknown!
   Area for cell type $_NAND_ is unknown!
   Area for cell type $_OR_ is unknown!
   Area for cell type $_NOR_ is unknown!
   Area for cell type $_XOR_ is unknown!
   Area for cell type $_XNOR_ is unknown!
   Area for cell type $_ANDNOT_ is unknown!
   Area for cell type $_ORNOT_ is unknown!
   Area for cell type $_MUX_ is unknown!
   Area for cell type $_DFFE_PP_ is unknown!
   Area for cell type $_SDFF_PN0_ is unknown!
   Area for cell type $_SDFF_PN1_ is unknown!
   Area for cell type $_SDFF_PP0_ is unknown!

