145. Printing statistics.

=== controller ===

   Number of wires:                 61
   Number of wire bits:             75
   Number of public wires:           9
   Number of public wire bits:      23
   Number of ports:                  5
   Number of port bits:             19
   Number of memories:               0
   Number of memory bits:            0
   Number of processes:              0
   Number of cells:                 72
     sky130_fd_sc_hd__a21o_2         1
     sky130_fd_sc_hd__a21oi_2        8
     sky130_fd_sc_hd__a311o_2        1
     sky130_fd_sc_hd__and2b_2        1
     sky130_fd_sc_hd__and4_2         1
     sky130_fd_sc_hd__dfxtp_2       20
     sky130_fd_sc_hd__inv_2          8
     sky130_fd_sc_hd__mux2_1        14
     sky130_fd_sc_hd__nand2_2        2
     sky130_fd_sc_hd__nand3_2        1
     sky130_fd_sc_hd__nor2_2         1
     sky130_fd_sc_hd__nor3_2         1
     sky130_fd_sc_hd__o21a_2         1
     sky130_fd_sc_hd__o21ai_2        2
     sky130_fd_sc_hd__o31a_2         1
     sky130_fd_sc_hd__or2_2          2
     sky130_fd_sc_hd__or4b_2         4
     sky130_fd_sc_hd__or4bb_2        3

   Chip area for module '\controller': 887.100800
     of which used for sequential elements: 425.408000 (47.95%)

